{"C:\\Users\\JenNg\\OneDrive\\Documents\\University of Houston\\Fall 2024\\COSC 4353 - Software Design\\COSC-4353-Animal-Volunteer-System\\backend\\src\\app.js": {"path":"C:\\Users\\JenNg\\OneDrive\\Documents\\University of Houston\\Fall 2024\\COSC 4353 - Software Design\\COSC-4353-Animal-Volunteer-System\\backend\\src\\app.js","statementMap":{"0":{"start":{"line":8,"column":0},"end":{"line":8,"column":27}},"1":{"start":{"line":9,"column":16},"end":{"line":9,"column":34}},"2":{"start":{"line":10,"column":19},"end":{"line":10,"column":41}},"3":{"start":{"line":11,"column":13},"end":{"line":11,"column":28}},"4":{"start":{"line":12,"column":19},"end":{"line":12,"column":49}},"5":{"start":{"line":13,"column":27},"end":{"line":13,"column":65}},"6":{"start":{"line":14,"column":20},"end":{"line":14,"column":51}},"7":{"start":{"line":15,"column":23},"end":{"line":15,"column":57}},"8":{"start":{"line":16,"column":22},"end":{"line":16,"column":55}},"9":{"start":{"line":18,"column":12},"end":{"line":18,"column":21}},"10":{"start":{"line":21,"column":0},"end":{"line":21,"column":27}},"11":{"start":{"line":22,"column":0},"end":{"line":22,"column":16}},"12":{"start":{"line":25,"column":0},"end":{"line":27,"column":3}},"13":{"start":{"line":26,"column":4},"end":{"line":26,"column":48}},"14":{"start":{"line":30,"column":0},"end":{"line":30,"column":33}},"15":{"start":{"line":32,"column":0},"end":{"line":32,"column":41}},"16":{"start":{"line":34,"column":0},"end":{"line":34,"column":56}},"17":{"start":{"line":36,"column":0},"end":{"line":36,"column":44}},"18":{"start":{"line":39,"column":0},"end":{"line":39,"column":50}},"19":{"start":{"line":40,"column":0},"end":{"line":40,"column":41}},"20":{"start":{"line":44,"column":0},"end":{"line":47,"column":2}},"21":{"start":{"line":45,"column":4},"end":{"line":45,"column":29}},"22":{"start":{"line":46,"column":4},"end":{"line":46,"column":63}},"23":{"start":{"line":50,"column":0},"end":{"line":55,"column":1}},"24":{"start":{"line":51,"column":17},"end":{"line":51,"column":41}},"25":{"start":{"line":52,"column":4},"end":{"line":54,"column":7}},"26":{"start":{"line":53,"column":6},"end":{"line":53,"column":52}},"27":{"start":{"line":57,"column":0},"end":{"line":57,"column":21}}},"fnMap":{"0":{"name":"(anonymous_0)","decl":{"start":{"line":25,"column":13},"end":{"line":25,"column":14}},"loc":{"start":{"line":25,"column":27},"end":{"line":27,"column":1}},"line":25},"1":{"name":"(anonymous_1)","decl":{"start":{"line":44,"column":8},"end":{"line":44,"column":9}},"loc":{"start":{"line":44,"column":33},"end":{"line":47,"column":1}},"line":44},"2":{"name":"(anonymous_2)","decl":{"start":{"line":52,"column":21},"end":{"line":52,"column":22}},"loc":{"start":{"line":52,"column":27},"end":{"line":54,"column":5}},"line":52}},"branchMap":{"0":{"loc":{"start":{"line":50,"column":0},"end":{"line":55,"column":1}},"type":"if","locations":[{"start":{"line":50,"column":0},"end":{"line":55,"column":1}},{"start":{},"end":{}}],"line":50},"1":{"loc":{"start":{"line":51,"column":17},"end":{"line":51,"column":41}},"type":"binary-expr","locations":[{"start":{"line":51,"column":17},"end":{"line":51,"column":33}},{"start":{"line":51,"column":37},"end":{"line":51,"column":41}}],"line":51}},"s":{"0":3,"1":3,"2":3,"3":3,"4":3,"5":3,"6":3,"7":3,"8":3,"9":3,"10":3,"11":3,"12":3,"13":1,"14":3,"15":3,"16":3,"17":3,"18":3,"19":3,"20":3,"21":0,"22":0,"23":3,"24":0,"25":0,"26":0,"27":3},"f":{"0":1,"1":0,"2":0},"b":{"0":[0,3],"1":[0,0]},"_coverageSchema":"1a1c01bbd47fc00a2c39e90264f33305004495a9","hash":"f4bebbe5af86db9f1df08fcaea628c78428e7837"}
,"C:\\Users\\JenNg\\OneDrive\\Documents\\University of Houston\\Fall 2024\\COSC 4353 - Software Design\\COSC-4353-Animal-Volunteer-System\\backend\\src\\controllers\\authController.js": {"path":"C:\\Users\\JenNg\\OneDrive\\Documents\\University of Houston\\Fall 2024\\COSC 4353 - Software Design\\COSC-4353-Animal-Volunteer-System\\backend\\src\\controllers\\authController.js","statementMap":{"0":{"start":{"line":6,"column":20},"end":{"line":6,"column":54}},"1":{"start":{"line":8,"column":0},"end":{"line":21,"column":2}},"2":{"start":{"line":9,"column":38},"end":{"line":9,"column":46}},"3":{"start":{"line":11,"column":4},"end":{"line":13,"column":5}},"4":{"start":{"line":12,"column":8},"end":{"line":12,"column":84}},"5":{"start":{"line":15,"column":21},"end":{"line":15,"column":68}},"6":{"start":{"line":16,"column":4},"end":{"line":20,"column":5}},"7":{"start":{"line":17,"column":8},"end":{"line":17,"column":102}},"8":{"start":{"line":19,"column":8},"end":{"line":19,"column":79}},"9":{"start":{"line":23,"column":0},"end":{"line":32,"column":2}},"10":{"start":{"line":24,"column":32},"end":{"line":24,"column":40}},"11":{"start":{"line":26,"column":21},"end":{"line":26,"column":59}},"12":{"start":{"line":27,"column":4},"end":{"line":31,"column":5}},"13":{"start":{"line":28,"column":8},"end":{"line":28,"column":84}},"14":{"start":{"line":30,"column":8},"end":{"line":30,"column":79}}},"fnMap":{"0":{"name":"(anonymous_0)","decl":{"start":{"line":8,"column":19},"end":{"line":8,"column":20}},"loc":{"start":{"line":8,"column":33},"end":{"line":21,"column":1}},"line":8},"1":{"name":"(anonymous_1)","decl":{"start":{"line":23,"column":16},"end":{"line":23,"column":17}},"loc":{"start":{"line":23,"column":30},"end":{"line":32,"column":1}},"line":23}},"branchMap":{"0":{"loc":{"start":{"line":11,"column":4},"end":{"line":13,"column":5}},"type":"if","locations":[{"start":{"line":11,"column":4},"end":{"line":13,"column":5}},{"start":{},"end":{}}],"line":11},"1":{"loc":{"start":{"line":11,"column":8},"end":{"line":11,"column":27}},"type":"binary-expr","locations":[{"start":{"line":11,"column":8},"end":{"line":11,"column":14}},{"start":{"line":11,"column":18},"end":{"line":11,"column":27}}],"line":11},"2":{"loc":{"start":{"line":16,"column":4},"end":{"line":20,"column":5}},"type":"if","locations":[{"start":{"line":16,"column":4},"end":{"line":20,"column":5}},{"start":{"line":18,"column":11},"end":{"line":20,"column":5}}],"line":16},"3":{"loc":{"start":{"line":27,"column":4},"end":{"line":31,"column":5}},"type":"if","locations":[{"start":{"line":27,"column":4},"end":{"line":31,"column":5}},{"start":{"line":29,"column":11},"end":{"line":31,"column":5}}],"line":27}},"s":{"0":3,"1":3,"2":6,"3":6,"4":0,"5":6,"6":6,"7":4,"8":2,"9":3,"10":7,"11":7,"12":7,"13":3,"14":4},"f":{"0":6,"1":7},"b":{"0":[0,6],"1":[6,6],"2":[4,2],"3":[3,4]},"_coverageSchema":"1a1c01bbd47fc00a2c39e90264f33305004495a9","hash":"ccb1788d451f14a28c57ae6eaac7135eba23fd46"}
,"C:\\Users\\JenNg\\OneDrive\\Documents\\University of Houston\\Fall 2024\\COSC 4353 - Software Design\\COSC-4353-Animal-Volunteer-System\\backend\\src\\controllers\\eventController.js": {"path":"C:\\Users\\JenNg\\OneDrive\\Documents\\University of Houston\\Fall 2024\\COSC 4353 - Software Design\\COSC-4353-Animal-Volunteer-System\\backend\\src\\controllers\\eventController.js","statementMap":{"0":{"start":{"line":3,"column":21},"end":{"line":3,"column":56}},"1":{"start":{"line":6,"column":0},"end":{"line":19,"column":2}},"2":{"start":{"line":7,"column":2},"end":{"line":18,"column":3}},"3":{"start":{"line":8,"column":4},"end":{"line":8,"column":56}},"4":{"start":{"line":9,"column":19},"end":{"line":9,"column":59}},"5":{"start":{"line":10,"column":4},"end":{"line":10,"column":33}},"6":{"start":{"line":12,"column":4},"end":{"line":12,"column":50}},"7":{"start":{"line":13,"column":4},"end":{"line":17,"column":5}},"8":{"start":{"line":14,"column":6},"end":{"line":14,"column":70}},"9":{"start":{"line":16,"column":6},"end":{"line":16,"column":87}},"10":{"start":{"line":22,"column":0},"end":{"line":32,"column":2}},"11":{"start":{"line":23,"column":2},"end":{"line":31,"column":3}},"12":{"start":{"line":24,"column":4},"end":{"line":24,"column":65}},"13":{"start":{"line":25,"column":19},"end":{"line":25,"column":52}},"14":{"start":{"line":26,"column":4},"end":{"line":26,"column":69}},"15":{"start":{"line":27,"column":4},"end":{"line":27,"column":33}},"16":{"start":{"line":29,"column":4},"end":{"line":29,"column":51}},"17":{"start":{"line":30,"column":4},"end":{"line":30,"column":85}},"18":{"start":{"line":35,"column":0},"end":{"line":48,"column":2}},"19":{"start":{"line":36,"column":2},"end":{"line":47,"column":3}},"20":{"start":{"line":37,"column":4},"end":{"line":37,"column":58}},"21":{"start":{"line":38,"column":18},"end":{"line":38,"column":64}},"22":{"start":{"line":39,"column":4},"end":{"line":39,"column":32}},"23":{"start":{"line":41,"column":4},"end":{"line":41,"column":50}},"24":{"start":{"line":42,"column":4},"end":{"line":46,"column":5}},"25":{"start":{"line":43,"column":6},"end":{"line":43,"column":55}},"26":{"start":{"line":45,"column":6},"end":{"line":45,"column":87}},"27":{"start":{"line":51,"column":0},"end":{"line":67,"column":2}},"28":{"start":{"line":52,"column":2},"end":{"line":66,"column":3}},"29":{"start":{"line":53,"column":4},"end":{"line":53,"column":59}},"30":{"start":{"line":54,"column":4},"end":{"line":54,"column":56}},"31":{"start":{"line":55,"column":19},"end":{"line":55,"column":74}},"32":{"start":{"line":56,"column":4},"end":{"line":56,"column":33}},"33":{"start":{"line":58,"column":4},"end":{"line":58,"column":50}},"34":{"start":{"line":59,"column":4},"end":{"line":65,"column":5}},"35":{"start":{"line":60,"column":6},"end":{"line":60,"column":55}},"36":{"start":{"line":61,"column":11},"end":{"line":65,"column":5}},"37":{"start":{"line":62,"column":6},"end":{"line":62,"column":70}},"38":{"start":{"line":64,"column":6},"end":{"line":64,"column":87}},"39":{"start":{"line":70,"column":0},"end":{"line":83,"column":2}},"40":{"start":{"line":71,"column":2},"end":{"line":82,"column":3}},"41":{"start":{"line":72,"column":4},"end":{"line":72,"column":59}},"42":{"start":{"line":73,"column":19},"end":{"line":73,"column":64}},"43":{"start":{"line":74,"column":4},"end":{"line":74,"column":33}},"44":{"start":{"line":76,"column":4},"end":{"line":76,"column":50}},"45":{"start":{"line":77,"column":4},"end":{"line":81,"column":5}},"46":{"start":{"line":78,"column":6},"end":{"line":78,"column":55}},"47":{"start":{"line":80,"column":6},"end":{"line":80,"column":87}},"48":{"start":{"line":86,"column":0},"end":{"line":94,"column":2}},"49":{"start":{"line":87,"column":2},"end":{"line":93,"column":3}},"50":{"start":{"line":88,"column":20},"end":{"line":88,"column":55}},"51":{"start":{"line":89,"column":4},"end":{"line":89,"column":34}},"52":{"start":{"line":91,"column":4},"end":{"line":91,"column":57}},"53":{"start":{"line":92,"column":4},"end":{"line":92,"column":85}}},"fnMap":{"0":{"name":"(anonymous_0)","decl":{"start":{"line":6,"column":22},"end":{"line":6,"column":23}},"loc":{"start":{"line":6,"column":42},"end":{"line":19,"column":1}},"line":6},"1":{"name":"(anonymous_1)","decl":{"start":{"line":22,"column":23},"end":{"line":22,"column":24}},"loc":{"start":{"line":22,"column":43},"end":{"line":32,"column":1}},"line":22},"2":{"name":"(anonymous_2)","decl":{"start":{"line":35,"column":23},"end":{"line":35,"column":24}},"loc":{"start":{"line":35,"column":43},"end":{"line":48,"column":1}},"line":35},"3":{"name":"(anonymous_3)","decl":{"start":{"line":51,"column":22},"end":{"line":51,"column":23}},"loc":{"start":{"line":51,"column":42},"end":{"line":67,"column":1}},"line":51},"4":{"name":"(anonymous_4)","decl":{"start":{"line":70,"column":22},"end":{"line":70,"column":23}},"loc":{"start":{"line":70,"column":42},"end":{"line":83,"column":1}},"line":70},"5":{"name":"(anonymous_5)","decl":{"start":{"line":86,"column":25},"end":{"line":86,"column":26}},"loc":{"start":{"line":86,"column":45},"end":{"line":94,"column":1}},"line":86}},"branchMap":{"0":{"loc":{"start":{"line":13,"column":4},"end":{"line":17,"column":5}},"type":"if","locations":[{"start":{"line":13,"column":4},"end":{"line":17,"column":5}},{"start":{"line":15,"column":11},"end":{"line":17,"column":5}}],"line":13},"1":{"loc":{"start":{"line":14,"column":37},"end":{"line":14,"column":66}},"type":"binary-expr","locations":[{"start":{"line":14,"column":37},"end":{"line":14,"column":49}},{"start":{"line":14,"column":53},"end":{"line":14,"column":66}}],"line":14},"2":{"loc":{"start":{"line":42,"column":4},"end":{"line":46,"column":5}},"type":"if","locations":[{"start":{"line":42,"column":4},"end":{"line":46,"column":5}},{"start":{"line":44,"column":11},"end":{"line":46,"column":5}}],"line":42},"3":{"loc":{"start":{"line":59,"column":4},"end":{"line":65,"column":5}},"type":"if","locations":[{"start":{"line":59,"column":4},"end":{"line":65,"column":5}},{"start":{"line":61,"column":11},"end":{"line":65,"column":5}}],"line":59},"4":{"loc":{"start":{"line":61,"column":11},"end":{"line":65,"column":5}},"type":"if","locations":[{"start":{"line":61,"column":11},"end":{"line":65,"column":5}},{"start":{"line":63,"column":11},"end":{"line":65,"column":5}}],"line":61},"5":{"loc":{"start":{"line":62,"column":37},"end":{"line":62,"column":66}},"type":"binary-expr","locations":[{"start":{"line":62,"column":37},"end":{"line":62,"column":49}},{"start":{"line":62,"column":53},"end":{"line":62,"column":66}}],"line":62},"6":{"loc":{"start":{"line":77,"column":4},"end":{"line":81,"column":5}},"type":"if","locations":[{"start":{"line":77,"column":4},"end":{"line":81,"column":5}},{"start":{"line":79,"column":11},"end":{"line":81,"column":5}}],"line":77}},"s":{"0":6,"1":6,"2":4,"3":4,"4":4,"5":2,"6":2,"7":2,"8":1,"9":1,"10":6,"11":3,"12":3,"13":3,"14":3,"15":3,"16":0,"17":0,"18":6,"19":4,"20":4,"21":4,"22":2,"23":2,"24":2,"25":2,"26":0,"27":6,"28":4,"29":4,"30":4,"31":4,"32":2,"33":2,"34":2,"35":1,"36":1,"37":1,"38":0,"39":6,"40":4,"41":4,"42":4,"43":2,"44":2,"45":2,"46":2,"47":0,"48":6,"49":1,"50":1,"51":1,"52":0,"53":0},"f":{"0":4,"1":3,"2":4,"3":4,"4":4,"5":1},"b":{"0":[1,1],"1":[1,0],"2":[2,0],"3":[1,1],"4":[1,0],"5":[1,0],"6":[2,0]},"_coverageSchema":"1a1c01bbd47fc00a2c39e90264f33305004495a9","hash":"61d9f90191ffe8200fff6589dcd809d3e9b5a8aa"}
,"C:\\Users\\JenNg\\OneDrive\\Documents\\University of Houston\\Fall 2024\\COSC 4353 - Software Design\\COSC-4353-Animal-Volunteer-System\\backend\\src\\controllers\\historyController.js": {"path":"C:\\Users\\JenNg\\OneDrive\\Documents\\University of Houston\\Fall 2024\\COSC 4353 - Software Design\\COSC-4353-Animal-Volunteer-System\\backend\\src\\controllers\\historyController.js","statementMap":{"0":{"start":{"line":1,"column":23},"end":{"line":1,"column":60}},"1":{"start":{"line":3,"column":0},"end":{"line":7,"column":2}},"2":{"start":{"line":4,"column":4},"end":{"line":4,"column":60}},"3":{"start":{"line":5,"column":23},"end":{"line":5,"column":53}},"4":{"start":{"line":6,"column":4},"end":{"line":6,"column":37}},"5":{"start":{"line":9,"column":0},"end":{"line":20,"column":2}},"6":{"start":{"line":10,"column":19},"end":{"line":10,"column":50}},"7":{"start":{"line":11,"column":4},"end":{"line":11,"column":68}},"8":{"start":{"line":12,"column":23},"end":{"line":12,"column":53}},"9":{"start":{"line":13,"column":24},"end":{"line":13,"column":80}},"10":{"start":{"line":13,"column":52},"end":{"line":13,"column":79}},"11":{"start":{"line":15,"column":4},"end":{"line":17,"column":5}},"12":{"start":{"line":16,"column":8},"end":{"line":16,"column":83}},"13":{"start":{"line":19,"column":4},"end":{"line":19,"column":38}},"14":{"start":{"line":22,"column":0},"end":{"line":36,"column":2}},"15":{"start":{"line":23,"column":19},"end":{"line":23,"column":29}},"16":{"start":{"line":24,"column":23},"end":{"line":24,"column":31}},"17":{"start":{"line":26,"column":4},"end":{"line":28,"column":5}},"18":{"start":{"line":27,"column":8},"end":{"line":27,"column":65}},"19":{"start":{"line":30,"column":4},"end":{"line":32,"column":5}},"20":{"start":{"line":31,"column":8},"end":{"line":31,"column":96}},"21":{"start":{"line":34,"column":19},"end":{"line":34,"column":69}},"22":{"start":{"line":35,"column":4},"end":{"line":35,"column":43}}},"fnMap":{"0":{"name":"(anonymous_0)","decl":{"start":{"line":3,"column":24},"end":{"line":3,"column":25}},"loc":{"start":{"line":3,"column":38},"end":{"line":7,"column":1}},"line":3},"1":{"name":"(anonymous_1)","decl":{"start":{"line":9,"column":21},"end":{"line":9,"column":22}},"loc":{"start":{"line":9,"column":35},"end":{"line":20,"column":1}},"line":9},"2":{"name":"(anonymous_2)","decl":{"start":{"line":13,"column":42},"end":{"line":13,"column":43}},"loc":{"start":{"line":13,"column":52},"end":{"line":13,"column":79}},"line":13},"3":{"name":"(anonymous_3)","decl":{"start":{"line":22,"column":30},"end":{"line":22,"column":31}},"loc":{"start":{"line":22,"column":44},"end":{"line":36,"column":1}},"line":22}},"branchMap":{"0":{"loc":{"start":{"line":15,"column":4},"end":{"line":17,"column":5}},"type":"if","locations":[{"start":{"line":15,"column":4},"end":{"line":17,"column":5}},{"start":{},"end":{}}],"line":15},"1":{"loc":{"start":{"line":26,"column":4},"end":{"line":28,"column":5}},"type":"if","locations":[{"start":{"line":26,"column":4},"end":{"line":28,"column":5}},{"start":{},"end":{}}],"line":26},"2":{"loc":{"start":{"line":30,"column":4},"end":{"line":32,"column":5}},"type":"if","locations":[{"start":{"line":30,"column":4},"end":{"line":32,"column":5}},{"start":{},"end":{}}],"line":30},"3":{"loc":{"start":{"line":30,"column":8},"end":{"line":30,"column":80}},"type":"binary-expr","locations":[{"start":{"line":30,"column":8},"end":{"line":30,"column":32}},{"start":{"line":30,"column":36},"end":{"line":30,"column":80}}],"line":30}},"s":{"0":5,"1":5,"2":1,"3":1,"4":1,"5":5,"6":2,"7":2,"8":2,"9":2,"10":1,"11":2,"12":1,"13":1,"14":5,"15":2,"16":2,"17":2,"18":1,"19":1,"20":1,"21":0,"22":0},"f":{"0":1,"1":2,"2":1,"3":2},"b":{"0":[1,1],"1":[1,1],"2":[1,0],"3":[1,1]},"_coverageSchema":"1a1c01bbd47fc00a2c39e90264f33305004495a9","hash":"3a634855315e0a0e224478424396c12c0a265923"}
,"C:\\Users\\JenNg\\OneDrive\\Documents\\University of Houston\\Fall 2024\\COSC 4353 - Software Design\\COSC-4353-Animal-Volunteer-System\\backend\\src\\controllers\\matchingController.js": {"path":"C:\\Users\\JenNg\\OneDrive\\Documents\\University of Houston\\Fall 2024\\COSC 4353 - Software Design\\COSC-4353-Animal-Volunteer-System\\backend\\src\\controllers\\matchingController.js","statementMap":{"0":{"start":{"line":3,"column":33},"end":{"line":3,"column":71}},"1":{"start":{"line":5,"column":0},"end":{"line":21,"column":4}},"2":{"start":{"line":6,"column":4},"end":{"line":20,"column":5}},"3":{"start":{"line":7,"column":26},"end":{"line":7,"column":36}},"4":{"start":{"line":8,"column":21},"end":{"line":8,"column":82}},"5":{"start":{"line":10,"column":6},"end":{"line":13,"column":7}},"6":{"start":{"line":12,"column":8},"end":{"line":12,"column":44}},"7":{"start":{"line":16,"column":6},"end":{"line":16,"column":35}},"8":{"start":{"line":18,"column":6},"end":{"line":18,"column":66}},"9":{"start":{"line":19,"column":6},"end":{"line":19,"column":87}},"10":{"start":{"line":23,"column":2},"end":{"line":40,"column":4}},"11":{"start":{"line":24,"column":4},"end":{"line":39,"column":5}},"12":{"start":{"line":25,"column":40},"end":{"line":25,"column":48}},"13":{"start":{"line":27,"column":6},"end":{"line":29,"column":7}},"14":{"start":{"line":28,"column":8},"end":{"line":28,"column":101}},"15":{"start":{"line":32,"column":21},"end":{"line":32,"column":96}},"16":{"start":{"line":35,"column":6},"end":{"line":35,"column":35}},"17":{"start":{"line":37,"column":6},"end":{"line":37,"column":66}},"18":{"start":{"line":38,"column":6},"end":{"line":38,"column":87}}},"fnMap":{"0":{"name":"(anonymous_0)","decl":{"start":{"line":5,"column":32},"end":{"line":5,"column":33}},"loc":{"start":{"line":5,"column":52},"end":{"line":21,"column":3}},"line":5},"1":{"name":"(anonymous_1)","decl":{"start":{"line":23,"column":34},"end":{"line":23,"column":35}},"loc":{"start":{"line":23,"column":54},"end":{"line":40,"column":3}},"line":23}},"branchMap":{"0":{"loc":{"start":{"line":10,"column":6},"end":{"line":13,"column":7}},"type":"if","locations":[{"start":{"line":10,"column":6},"end":{"line":13,"column":7}},{"start":{},"end":{}}],"line":10},"1":{"loc":{"start":{"line":27,"column":6},"end":{"line":29,"column":7}},"type":"if","locations":[{"start":{"line":27,"column":6},"end":{"line":29,"column":7}},{"start":{},"end":{}}],"line":27},"2":{"loc":{"start":{"line":27,"column":10},"end":{"line":27,"column":64}},"type":"binary-expr","locations":[{"start":{"line":27,"column":10},"end":{"line":27,"column":18}},{"start":{"line":27,"column":22},"end":{"line":27,"column":35}},{"start":{"line":27,"column":39},"end":{"line":27,"column":64}}],"line":27}},"s":{"0":5,"1":5,"2":3,"3":3,"4":3,"5":2,"6":1,"7":1,"8":1,"9":1,"10":5,"11":3,"12":3,"13":3,"14":1,"15":2,"16":1,"17":1,"18":1},"f":{"0":3,"1":3},"b":{"0":[1,1],"1":[1,2],"2":[3,2,2]},"_coverageSchema":"1a1c01bbd47fc00a2c39e90264f33305004495a9","hash":"fcd9309002bb213bb1cfc7580926ec9fb1556f90"}
,"C:\\Users\\JenNg\\OneDrive\\Documents\\University of Houston\\Fall 2024\\COSC 4353 - Software Design\\COSC-4353-Animal-Volunteer-System\\backend\\src\\controllers\\notificationController.js": {"path":"C:\\Users\\JenNg\\OneDrive\\Documents\\University of Houston\\Fall 2024\\COSC 4353 - Software Design\\COSC-4353-Animal-Volunteer-System\\backend\\src\\controllers\\notificationController.js","statementMap":{"0":{"start":{"line":1,"column":28},"end":{"line":1,"column":70}},"1":{"start":{"line":4,"column":25},"end":{"line":7,"column":1}},"2":{"start":{"line":5,"column":24},"end":{"line":5,"column":65}},"3":{"start":{"line":6,"column":2},"end":{"line":6,"column":42}},"4":{"start":{"line":9,"column":24},"end":{"line":22,"column":1}},"5":{"start":{"line":10,"column":13},"end":{"line":10,"column":40}},"6":{"start":{"line":12,"column":2},"end":{"line":14,"column":3}},"7":{"start":{"line":13,"column":4},"end":{"line":13,"column":59}},"8":{"start":{"line":16,"column":23},"end":{"line":16,"column":66}},"9":{"start":{"line":17,"column":2},"end":{"line":19,"column":3}},"10":{"start":{"line":18,"column":4},"end":{"line":18,"column":71}},"11":{"start":{"line":21,"column":2},"end":{"line":21,"column":41}},"12":{"start":{"line":25,"column":24},"end":{"line":32,"column":1}},"13":{"start":{"line":26,"column":28},"end":{"line":26,"column":36}},"14":{"start":{"line":27,"column":2},"end":{"line":29,"column":3}},"15":{"start":{"line":28,"column":4},"end":{"line":28,"column":83}},"16":{"start":{"line":30,"column":26},"end":{"line":30,"column":76}},"17":{"start":{"line":31,"column":2},"end":{"line":31,"column":88}},"18":{"start":{"line":35,"column":27},"end":{"line":46,"column":1}},"19":{"start":{"line":36,"column":17},"end":{"line":36,"column":27}},"20":{"start":{"line":37,"column":25},"end":{"line":37,"column":41}},"21":{"start":{"line":38,"column":2},"end":{"line":40,"column":3}},"22":{"start":{"line":39,"column":4},"end":{"line":39,"column":70}},"23":{"start":{"line":41,"column":30},"end":{"line":41,"column":84}},"24":{"start":{"line":42,"column":2},"end":{"line":44,"column":3}},"25":{"start":{"line":43,"column":4},"end":{"line":43,"column":71}},"26":{"start":{"line":45,"column":2},"end":{"line":45,"column":94}},"27":{"start":{"line":48,"column":0},"end":{"line":48,"column":92}}},"fnMap":{"0":{"name":"(anonymous_0)","decl":{"start":{"line":4,"column":25},"end":{"line":4,"column":26}},"loc":{"start":{"line":4,"column":39},"end":{"line":7,"column":1}},"line":4},"1":{"name":"(anonymous_1)","decl":{"start":{"line":9,"column":24},"end":{"line":9,"column":25}},"loc":{"start":{"line":9,"column":38},"end":{"line":22,"column":1}},"line":9},"2":{"name":"(anonymous_2)","decl":{"start":{"line":25,"column":24},"end":{"line":25,"column":25}},"loc":{"start":{"line":25,"column":38},"end":{"line":32,"column":1}},"line":25},"3":{"name":"(anonymous_3)","decl":{"start":{"line":35,"column":27},"end":{"line":35,"column":28}},"loc":{"start":{"line":35,"column":41},"end":{"line":46,"column":1}},"line":35}},"branchMap":{"0":{"loc":{"start":{"line":12,"column":2},"end":{"line":14,"column":3}},"type":"if","locations":[{"start":{"line":12,"column":2},"end":{"line":14,"column":3}},{"start":{},"end":{}}],"line":12},"1":{"loc":{"start":{"line":17,"column":2},"end":{"line":19,"column":3}},"type":"if","locations":[{"start":{"line":17,"column":2},"end":{"line":19,"column":3}},{"start":{},"end":{}}],"line":17},"2":{"loc":{"start":{"line":27,"column":2},"end":{"line":29,"column":3}},"type":"if","locations":[{"start":{"line":27,"column":2},"end":{"line":29,"column":3}},{"start":{},"end":{}}],"line":27},"3":{"loc":{"start":{"line":27,"column":6},"end":{"line":27,"column":23}},"type":"binary-expr","locations":[{"start":{"line":27,"column":6},"end":{"line":27,"column":11}},{"start":{"line":27,"column":15},"end":{"line":27,"column":23}}],"line":27},"4":{"loc":{"start":{"line":38,"column":2},"end":{"line":40,"column":3}},"type":"if","locations":[{"start":{"line":38,"column":2},"end":{"line":40,"column":3}},{"start":{},"end":{}}],"line":38},"5":{"loc":{"start":{"line":42,"column":2},"end":{"line":44,"column":3}},"type":"if","locations":[{"start":{"line":42,"column":2},"end":{"line":44,"column":3}},{"start":{},"end":{}}],"line":42}},"s":{"0":5,"1":5,"2":2,"3":2,"4":5,"5":2,"6":2,"7":0,"8":2,"9":2,"10":1,"11":1,"12":5,"13":2,"14":2,"15":0,"16":2,"17":2,"18":5,"19":0,"20":0,"21":0,"22":0,"23":0,"24":0,"25":0,"26":0,"27":5},"f":{"0":2,"1":2,"2":2,"3":0},"b":{"0":[0,2],"1":[1,1],"2":[0,2],"3":[2,2],"4":[0,0],"5":[0,0]},"_coverageSchema":"1a1c01bbd47fc00a2c39e90264f33305004495a9","hash":"397ab3065e163950b1df5ad6451d38ed328df2c9"}
,"C:\\Users\\JenNg\\OneDrive\\Documents\\University of Houston\\Fall 2024\\COSC 4353 - Software Design\\COSC-4353-Animal-Volunteer-System\\backend\\src\\controllers\\profileController.js": {"path":"C:\\Users\\JenNg\\OneDrive\\Documents\\University of Houston\\Fall 2024\\COSC 4353 - Software Design\\COSC-4353-Animal-Volunteer-System\\backend\\src\\controllers\\profileController.js","statementMap":{"0":{"start":{"line":1,"column":23},"end":{"line":1,"column":60}},"1":{"start":{"line":3,"column":0},"end":{"line":11,"column":2}},"2":{"start":{"line":4,"column":19},"end":{"line":4,"column":29}},"3":{"start":{"line":5,"column":20},"end":{"line":5,"column":53}},"4":{"start":{"line":6,"column":4},"end":{"line":10,"column":5}},"5":{"start":{"line":7,"column":8},"end":{"line":7,"column":38}},"6":{"start":{"line":9,"column":8},"end":{"line":9,"column":63}},"7":{"start":{"line":13,"column":0},"end":{"line":23,"column":2}},"8":{"start":{"line":14,"column":19},"end":{"line":14,"column":29}},"9":{"start":{"line":15,"column":60},"end":{"line":15,"column":68}},"10":{"start":{"line":17,"column":19},"end":{"line":17,"column":100}},"11":{"start":{"line":18,"column":4},"end":{"line":22,"column":5}},"12":{"start":{"line":19,"column":8},"end":{"line":19,"column":99}},"13":{"start":{"line":21,"column":8},"end":{"line":21,"column":68}},"14":{"start":{"line":25,"column":0},"end":{"line":35,"column":2}},"15":{"start":{"line":26,"column":19},"end":{"line":26,"column":29}},"16":{"start":{"line":27,"column":60},"end":{"line":27,"column":68}},"17":{"start":{"line":29,"column":19},"end":{"line":29,"column":100}},"18":{"start":{"line":30,"column":4},"end":{"line":34,"column":5}},"19":{"start":{"line":31,"column":8},"end":{"line":31,"column":99}},"20":{"start":{"line":33,"column":8},"end":{"line":33,"column":68}}},"fnMap":{"0":{"name":"(anonymous_0)","decl":{"start":{"line":3,"column":21},"end":{"line":3,"column":22}},"loc":{"start":{"line":3,"column":35},"end":{"line":11,"column":1}},"line":3},"1":{"name":"(anonymous_1)","decl":{"start":{"line":13,"column":24},"end":{"line":13,"column":25}},"loc":{"start":{"line":13,"column":38},"end":{"line":23,"column":1}},"line":13},"2":{"name":"(anonymous_2)","decl":{"start":{"line":25,"column":24},"end":{"line":25,"column":25}},"loc":{"start":{"line":25,"column":38},"end":{"line":35,"column":1}},"line":25}},"branchMap":{"0":{"loc":{"start":{"line":6,"column":4},"end":{"line":10,"column":5}},"type":"if","locations":[{"start":{"line":6,"column":4},"end":{"line":10,"column":5}},{"start":{"line":8,"column":11},"end":{"line":10,"column":5}}],"line":6},"1":{"loc":{"start":{"line":18,"column":4},"end":{"line":22,"column":5}},"type":"if","locations":[{"start":{"line":18,"column":4},"end":{"line":22,"column":5}},{"start":{"line":20,"column":11},"end":{"line":22,"column":5}}],"line":18},"2":{"loc":{"start":{"line":30,"column":4},"end":{"line":34,"column":5}},"type":"if","locations":[{"start":{"line":30,"column":4},"end":{"line":34,"column":5}},{"start":{"line":32,"column":11},"end":{"line":34,"column":5}}],"line":30}},"s":{"0":2,"1":2,"2":4,"3":4,"4":4,"5":2,"6":2,"7":2,"8":2,"9":2,"10":2,"11":2,"12":2,"13":0,"14":2,"15":2,"16":2,"17":2,"18":2,"19":2,"20":0},"f":{"0":4,"1":2,"2":2},"b":{"0":[2,2],"1":[2,0],"2":[2,0]},"_coverageSchema":"1a1c01bbd47fc00a2c39e90264f33305004495a9","hash":"b08765c9c031c01f22e2293a2cc44abc320bbf6c"}
,"C:\\Users\\JenNg\\OneDrive\\Documents\\University of Houston\\Fall 2024\\COSC 4353 - Software Design\\COSC-4353-Animal-Volunteer-System\\backend\\src\\middleware\\authMiddleware.js": {"path":"C:\\Users\\JenNg\\OneDrive\\Documents\\University of Houston\\Fall 2024\\COSC 4353 - Software Design\\COSC-4353-Animal-Volunteer-System\\backend\\src\\middleware\\authMiddleware.js","statementMap":{"0":{"start":{"line":5,"column":12},"end":{"line":5,"column":35}},"1":{"start":{"line":8,"column":20},"end":{"line":27,"column":1}},"2":{"start":{"line":9,"column":23},"end":{"line":9,"column":51}},"3":{"start":{"line":10,"column":4},"end":{"line":12,"column":5}},"4":{"start":{"line":11,"column":8},"end":{"line":11,"column":70}},"5":{"start":{"line":14,"column":18},"end":{"line":14,"column":42}},"6":{"start":{"line":15,"column":4},"end":{"line":17,"column":5}},"7":{"start":{"line":16,"column":8},"end":{"line":16,"column":68}},"8":{"start":{"line":19,"column":4},"end":{"line":26,"column":7}},"9":{"start":{"line":20,"column":8},"end":{"line":22,"column":9}},"10":{"start":{"line":21,"column":12},"end":{"line":21,"column":85}},"11":{"start":{"line":23,"column":8},"end":{"line":23,"column":32}},"12":{"start":{"line":24,"column":8},"end":{"line":24,"column":36}},"13":{"start":{"line":25,"column":8},"end":{"line":25,"column":15}},"14":{"start":{"line":30,"column":20},"end":{"line":35,"column":1}},"15":{"start":{"line":31,"column":4},"end":{"line":33,"column":5}},"16":{"start":{"line":32,"column":8},"end":{"line":32,"column":82}},"17":{"start":{"line":34,"column":4},"end":{"line":34,"column":11}},"18":{"start":{"line":37,"column":0},"end":{"line":37,"column":46}}},"fnMap":{"0":{"name":"(anonymous_0)","decl":{"start":{"line":8,"column":20},"end":{"line":8,"column":21}},"loc":{"start":{"line":8,"column":40},"end":{"line":27,"column":1}},"line":8},"1":{"name":"(anonymous_1)","decl":{"start":{"line":19,"column":46},"end":{"line":19,"column":47}},"loc":{"start":{"line":19,"column":64},"end":{"line":26,"column":5}},"line":19},"2":{"name":"(anonymous_2)","decl":{"start":{"line":30,"column":20},"end":{"line":30,"column":21}},"loc":{"start":{"line":30,"column":40},"end":{"line":35,"column":1}},"line":30}},"branchMap":{"0":{"loc":{"start":{"line":10,"column":4},"end":{"line":12,"column":5}},"type":"if","locations":[{"start":{"line":10,"column":4},"end":{"line":12,"column":5}},{"start":{},"end":{}}],"line":10},"1":{"loc":{"start":{"line":15,"column":4},"end":{"line":17,"column":5}},"type":"if","locations":[{"start":{"line":15,"column":4},"end":{"line":17,"column":5}},{"start":{},"end":{}}],"line":15},"2":{"loc":{"start":{"line":20,"column":8},"end":{"line":22,"column":9}},"type":"if","locations":[{"start":{"line":20,"column":8},"end":{"line":22,"column":9}},{"start":{},"end":{}}],"line":20},"3":{"loc":{"start":{"line":31,"column":4},"end":{"line":33,"column":5}},"type":"if","locations":[{"start":{"line":31,"column":4},"end":{"line":33,"column":5}},{"start":{},"end":{}}],"line":31}},"s":{"0":7,"1":7,"2":3,"3":3,"4":1,"5":2,"6":2,"7":0,"8":2,"9":2,"10":1,"11":1,"12":1,"13":1,"14":7,"15":2,"16":1,"17":1,"18":7},"f":{"0":3,"1":2,"2":2},"b":{"0":[1,2],"1":[0,2],"2":[1,1],"3":[1,1]},"_coverageSchema":"1a1c01bbd47fc00a2c39e90264f33305004495a9","hash":"50beb066a3d0c3cd96c2d0638525d13fd147a8f2"}
,"C:\\Users\\JenNg\\OneDrive\\Documents\\University of Houston\\Fall 2024\\COSC 4353 - Software Design\\COSC-4353-Animal-Volunteer-System\\backend\\src\\middleware\\eventMiddleware.js": {"path":"C:\\Users\\JenNg\\OneDrive\\Documents\\University of Houston\\Fall 2024\\COSC 4353 - Software Design\\COSC-4353-Animal-Volunteer-System\\backend\\src\\middleware\\eventMiddleware.js","statementMap":{"0":{"start":{"line":5,"column":16},"end":{"line":5,"column":37}},"1":{"start":{"line":6,"column":2},"end":{"line":6,"column":44}},"2":{"start":{"line":6,"column":31},"end":{"line":6,"column":44}},"3":{"start":{"line":7,"column":15},"end":{"line":7,"column":35}},"4":{"start":{"line":8,"column":2},"end":{"line":8,"column":96}},"5":{"start":{"line":13,"column":16},"end":{"line":13,"column":45}},"6":{"start":{"line":14,"column":2},"end":{"line":14,"column":32}},"7":{"start":{"line":17,"column":27},"end":{"line":99,"column":1}},"8":{"start":{"line":18,"column":128},"end":{"line":18,"column":136}},"9":{"start":{"line":19,"column":17},"end":{"line":19,"column":19}},"10":{"start":{"line":22,"column":2},"end":{"line":26,"column":3}},"11":{"start":{"line":23,"column":4},"end":{"line":23,"column":48}},"12":{"start":{"line":24,"column":9},"end":{"line":26,"column":3}},"13":{"start":{"line":25,"column":4},"end":{"line":25,"column":67}},"14":{"start":{"line":29,"column":2},"end":{"line":31,"column":3}},"15":{"start":{"line":30,"column":4},"end":{"line":30,"column":62}},"16":{"start":{"line":33,"column":0},"end":{"line":37,"column":1}},"17":{"start":{"line":34,"column":2},"end":{"line":34,"column":44}},"18":{"start":{"line":35,"column":7},"end":{"line":37,"column":1}},"19":{"start":{"line":36,"column":2},"end":{"line":36,"column":63}},"20":{"start":{"line":40,"column":0},"end":{"line":44,"column":1}},"21":{"start":{"line":41,"column":2},"end":{"line":41,"column":35}},"22":{"start":{"line":42,"column":7},"end":{"line":44,"column":1}},"23":{"start":{"line":43,"column":2},"end":{"line":43,"column":54}},"24":{"start":{"line":47,"column":20},"end":{"line":53,"column":1}},"25":{"start":{"line":54,"column":0},"end":{"line":56,"column":1}},"26":{"start":{"line":55,"column":2},"end":{"line":55,"column":43}},"27":{"start":{"line":59,"column":0},"end":{"line":63,"column":1}},"28":{"start":{"line":60,"column":2},"end":{"line":60,"column":42}},"29":{"start":{"line":61,"column":7},"end":{"line":63,"column":1}},"30":{"start":{"line":62,"column":2},"end":{"line":62,"column":65}},"31":{"start":{"line":68,"column":2},"end":{"line":70,"column":3}},"32":{"start":{"line":69,"column":4},"end":{"line":69,"column":61}},"33":{"start":{"line":73,"column":29},"end":{"line":73,"column":66}},"34":{"start":{"line":74,"column":2},"end":{"line":76,"column":3}},"35":{"start":{"line":75,"column":4},"end":{"line":75,"column":55}},"36":{"start":{"line":79,"column":2},"end":{"line":81,"column":3}},"37":{"start":{"line":80,"column":4},"end":{"line":80,"column":54}},"38":{"start":{"line":84,"column":2},"end":{"line":86,"column":3}},"39":{"start":{"line":85,"column":4},"end":{"line":85,"column":54}},"40":{"start":{"line":87,"column":2},"end":{"line":89,"column":3}},"41":{"start":{"line":88,"column":4},"end":{"line":88,"column":50}},"42":{"start":{"line":90,"column":2},"end":{"line":92,"column":3}},"43":{"start":{"line":91,"column":4},"end":{"line":91,"column":57}},"44":{"start":{"line":94,"column":2},"end":{"line":96,"column":3}},"45":{"start":{"line":95,"column":4},"end":{"line":95,"column":44}},"46":{"start":{"line":98,"column":2},"end":{"line":98,"column":9}},"47":{"start":{"line":102,"column":0},"end":{"line":102,"column":40}}},"fnMap":{"0":{"name":"isValidDate","decl":{"start":{"line":4,"column":9},"end":{"line":4,"column":20}},"loc":{"start":{"line":4,"column":33},"end":{"line":9,"column":1}},"line":4},"1":{"name":"isValidTime","decl":{"start":{"line":12,"column":9},"end":{"line":12,"column":20}},"loc":{"start":{"line":12,"column":33},"end":{"line":15,"column":1}},"line":12},"2":{"name":"(anonymous_2)","decl":{"start":{"line":17,"column":27},"end":{"line":17,"column":28}},"loc":{"start":{"line":17,"column":47},"end":{"line":99,"column":1}},"line":17}},"branchMap":{"0":{"loc":{"start":{"line":6,"column":2},"end":{"line":6,"column":44}},"type":"if","locations":[{"start":{"line":6,"column":2},"end":{"line":6,"column":44}},{"start":{},"end":{}}],"line":6},"1":{"loc":{"start":{"line":8,"column":9},"end":{"line":8,"column":95}},"type":"binary-expr","locations":[{"start":{"line":8,"column":9},"end":{"line":8,"column":29}},{"start":{"line":8,"column":33},"end":{"line":8,"column":45}},{"start":{"line":8,"column":49},"end":{"line":8,"column":95}}],"line":8},"2":{"loc":{"start":{"line":22,"column":2},"end":{"line":26,"column":3}},"type":"if","locations":[{"start":{"line":22,"column":2},"end":{"line":26,"column":3}},{"start":{"line":24,"column":9},"end":{"line":26,"column":3}}],"line":22},"3":{"loc":{"start":{"line":22,"column":6},"end":{"line":22,"column":82}},"type":"binary-expr","locations":[{"start":{"line":22,"column":6},"end":{"line":22,"column":16}},{"start":{"line":22,"column":20},"end":{"line":22,"column":49}},{"start":{"line":22,"column":53},"end":{"line":22,"column":82}}],"line":22},"4":{"loc":{"start":{"line":24,"column":9},"end":{"line":26,"column":3}},"type":"if","locations":[{"start":{"line":24,"column":9},"end":{"line":26,"column":3}},{"start":{},"end":{}}],"line":24},"5":{"loc":{"start":{"line":29,"column":2},"end":{"line":31,"column":3}},"type":"if","locations":[{"start":{"line":29,"column":2},"end":{"line":31,"column":3}},{"start":{},"end":{}}],"line":29},"6":{"loc":{"start":{"line":29,"column":6},"end":{"line":29,"column":103}},"type":"binary-expr","locations":[{"start":{"line":29,"column":6},"end":{"line":29,"column":23}},{"start":{"line":29,"column":27},"end":{"line":29,"column":63}},{"start":{"line":29,"column":67},"end":{"line":29,"column":103}}],"line":29},"7":{"loc":{"start":{"line":33,"column":0},"end":{"line":37,"column":1}},"type":"if","locations":[{"start":{"line":33,"column":0},"end":{"line":37,"column":1}},{"start":{"line":35,"column":7},"end":{"line":37,"column":1}}],"line":33},"8":{"loc":{"start":{"line":33,"column":4},"end":{"line":33,"column":77}},"type":"binary-expr","locations":[{"start":{"line":33,"column":4},"end":{"line":33,"column":13}},{"start":{"line":33,"column":17},"end":{"line":33,"column":45}},{"start":{"line":33,"column":49},"end":{"line":33,"column":77}}],"line":33},"9":{"loc":{"start":{"line":35,"column":7},"end":{"line":37,"column":1}},"type":"if","locations":[{"start":{"line":35,"column":7},"end":{"line":37,"column":1}},{"start":{},"end":{}}],"line":35},"10":{"loc":{"start":{"line":40,"column":0},"end":{"line":44,"column":1}},"type":"if","locations":[{"start":{"line":40,"column":0},"end":{"line":44,"column":1}},{"start":{"line":42,"column":7},"end":{"line":44,"column":1}}],"line":40},"11":{"loc":{"start":{"line":40,"column":4},"end":{"line":40,"column":65}},"type":"binary-expr","locations":[{"start":{"line":40,"column":4},"end":{"line":40,"column":9}},{"start":{"line":40,"column":13},"end":{"line":40,"column":37}},{"start":{"line":40,"column":41},"end":{"line":40,"column":65}}],"line":40},"12":{"loc":{"start":{"line":42,"column":7},"end":{"line":44,"column":1}},"type":"if","locations":[{"start":{"line":42,"column":7},"end":{"line":44,"column":1}},{"start":{},"end":{}}],"line":42},"13":{"loc":{"start":{"line":54,"column":0},"end":{"line":56,"column":1}},"type":"if","locations":[{"start":{"line":54,"column":0},"end":{"line":56,"column":1}},{"start":{},"end":{}}],"line":54},"14":{"loc":{"start":{"line":54,"column":4},"end":{"line":54,"column":42}},"type":"binary-expr","locations":[{"start":{"line":54,"column":4},"end":{"line":54,"column":10}},{"start":{"line":54,"column":14},"end":{"line":54,"column":42}}],"line":54},"15":{"loc":{"start":{"line":59,"column":0},"end":{"line":63,"column":1}},"type":"if","locations":[{"start":{"line":59,"column":0},"end":{"line":63,"column":1}},{"start":{"line":61,"column":7},"end":{"line":63,"column":1}}],"line":59},"16":{"loc":{"start":{"line":59,"column":4},"end":{"line":59,"column":74}},"type":"binary-expr","locations":[{"start":{"line":59,"column":4},"end":{"line":59,"column":12}},{"start":{"line":59,"column":16},"end":{"line":59,"column":43}},{"start":{"line":59,"column":47},"end":{"line":59,"column":74}}],"line":59},"17":{"loc":{"start":{"line":61,"column":7},"end":{"line":63,"column":1}},"type":"if","locations":[{"start":{"line":61,"column":7},"end":{"line":63,"column":1}},{"start":{},"end":{}}],"line":61},"18":{"loc":{"start":{"line":61,"column":11},"end":{"line":61,"column":51}},"type":"binary-expr","locations":[{"start":{"line":61,"column":11},"end":{"line":61,"column":29}},{"start":{"line":61,"column":33},"end":{"line":61,"column":51}}],"line":61},"19":{"loc":{"start":{"line":68,"column":2},"end":{"line":70,"column":3}},"type":"if","locations":[{"start":{"line":68,"column":2},"end":{"line":70,"column":3}},{"start":{},"end":{}}],"line":68},"20":{"loc":{"start":{"line":68,"column":6},"end":{"line":68,"column":67}},"type":"binary-expr","locations":[{"start":{"line":68,"column":6},"end":{"line":68,"column":36}},{"start":{"line":68,"column":40},"end":{"line":68,"column":67}}],"line":68},"21":{"loc":{"start":{"line":74,"column":2},"end":{"line":76,"column":3}},"type":"if","locations":[{"start":{"line":74,"column":2},"end":{"line":76,"column":3}},{"start":{},"end":{}}],"line":74},"22":{"loc":{"start":{"line":74,"column":6},"end":{"line":74,"column":55}},"type":"binary-expr","locations":[{"start":{"line":74,"column":6},"end":{"line":74,"column":14}},{"start":{"line":74,"column":18},"end":{"line":74,"column":55}}],"line":74},"23":{"loc":{"start":{"line":79,"column":2},"end":{"line":81,"column":3}},"type":"if","locations":[{"start":{"line":79,"column":2},"end":{"line":81,"column":3}},{"start":{},"end":{}}],"line":79},"24":{"loc":{"start":{"line":79,"column":6},"end":{"line":79,"column":43}},"type":"binary-expr","locations":[{"start":{"line":79,"column":6},"end":{"line":79,"column":16}},{"start":{"line":79,"column":20},"end":{"line":79,"column":43}}],"line":79},"25":{"loc":{"start":{"line":84,"column":2},"end":{"line":86,"column":3}},"type":"if","locations":[{"start":{"line":84,"column":2},"end":{"line":86,"column":3}},{"start":{},"end":{}}],"line":84},"26":{"loc":{"start":{"line":84,"column":6},"end":{"line":84,"column":43}},"type":"binary-expr","locations":[{"start":{"line":84,"column":6},"end":{"line":84,"column":16}},{"start":{"line":84,"column":20},"end":{"line":84,"column":43}}],"line":84},"27":{"loc":{"start":{"line":87,"column":2},"end":{"line":89,"column":3}},"type":"if","locations":[{"start":{"line":87,"column":2},"end":{"line":89,"column":3}},{"start":{},"end":{}}],"line":87},"28":{"loc":{"start":{"line":87,"column":6},"end":{"line":87,"column":39}},"type":"binary-expr","locations":[{"start":{"line":87,"column":6},"end":{"line":87,"column":14}},{"start":{"line":87,"column":18},"end":{"line":87,"column":39}}],"line":87},"29":{"loc":{"start":{"line":90,"column":2},"end":{"line":92,"column":3}},"type":"if","locations":[{"start":{"line":90,"column":2},"end":{"line":92,"column":3}},{"start":{},"end":{}}],"line":90},"30":{"loc":{"start":{"line":90,"column":6},"end":{"line":90,"column":50}},"type":"binary-expr","locations":[{"start":{"line":90,"column":6},"end":{"line":90,"column":15}},{"start":{"line":90,"column":19},"end":{"line":90,"column":26}},{"start":{"line":90,"column":30},"end":{"line":90,"column":50}}],"line":90},"31":{"loc":{"start":{"line":94,"column":2},"end":{"line":96,"column":3}},"type":"if","locations":[{"start":{"line":94,"column":2},"end":{"line":96,"column":3}},{"start":{},"end":{}}],"line":94}},"s":{"0":2,"1":2,"2":1,"3":1,"4":1,"5":6,"6":6,"7":5,"8":10,"9":10,"10":10,"11":8,"12":2,"13":1,"14":10,"15":9,"16":10,"17":9,"18":1,"19":0,"20":10,"21":9,"22":1,"23":0,"24":10,"25":10,"26":9,"27":10,"28":8,"29":2,"30":1,"31":10,"32":9,"33":10,"34":10,"35":9,"36":10,"37":9,"38":10,"39":8,"40":10,"41":7,"42":10,"43":2,"44":10,"45":9,"46":1,"47":5},"f":{"0":2,"1":6,"2":10},"b":{"0":[1,1],"1":[1,1,1],"2":[8,2],"3":[10,2,2],"4":[1,1],"5":[9,1],"6":[10,1,1],"7":[9,1],"8":[10,1,1],"9":[0,1],"10":[9,1],"11":[10,1,1],"12":[0,1],"13":[9,1],"14":[10,2],"15":[8,2],"16":[10,2,2],"17":[1,1],"18":[2,1],"19":[9,1],"20":[10,2],"21":[9,1],"22":[10,2],"23":[9,1],"24":[10,2],"25":[8,2],"26":[10,3],"27":[7,3],"28":[10,3],"29":[2,8],"30":[10,3,3],"31":[9,1]},"_coverageSchema":"1a1c01bbd47fc00a2c39e90264f33305004495a9","hash":"47cdbb92ecb0d8a64d842b61475e53c97806c108"}
,"C:\\Users\\JenNg\\OneDrive\\Documents\\University of Houston\\Fall 2024\\COSC 4353 - Software Design\\COSC-4353-Animal-Volunteer-System\\backend\\src\\middleware\\notificationMiddleware.js": {"path":"C:\\Users\\JenNg\\OneDrive\\Documents\\University of Houston\\Fall 2024\\COSC 4353 - Software Design\\COSC-4353-Animal-Volunteer-System\\backend\\src\\middleware\\notificationMiddleware.js","statementMap":{"0":{"start":{"line":2,"column":29},"end":{"line":18,"column":3}},"1":{"start":{"line":3,"column":30},"end":{"line":3,"column":38}},"2":{"start":{"line":5,"column":4},"end":{"line":9,"column":5}},"3":{"start":{"line":6,"column":6},"end":{"line":8,"column":9}},"4":{"start":{"line":11,"column":4},"end":{"line":15,"column":5}},"5":{"start":{"line":12,"column":6},"end":{"line":14,"column":9}},"6":{"start":{"line":17,"column":4},"end":{"line":17,"column":11}},"7":{"start":{"line":20,"column":2},"end":{"line":20,"column":44}}},"fnMap":{"0":{"name":"(anonymous_0)","decl":{"start":{"line":2,"column":29},"end":{"line":2,"column":30}},"loc":{"start":{"line":2,"column":49},"end":{"line":18,"column":3}},"line":2}},"branchMap":{"0":{"loc":{"start":{"line":5,"column":4},"end":{"line":9,"column":5}},"type":"if","locations":[{"start":{"line":5,"column":4},"end":{"line":9,"column":5}},{"start":{},"end":{}}],"line":5},"1":{"loc":{"start":{"line":5,"column":8},"end":{"line":5,"column":41}},"type":"binary-expr","locations":[{"start":{"line":5,"column":8},"end":{"line":5,"column":13}},{"start":{"line":5,"column":17},"end":{"line":5,"column":41}}],"line":5},"2":{"loc":{"start":{"line":11,"column":4},"end":{"line":15,"column":5}},"type":"if","locations":[{"start":{"line":11,"column":4},"end":{"line":15,"column":5}},{"start":{},"end":{}}],"line":11},"3":{"loc":{"start":{"line":11,"column":8},"end":{"line":11,"column":47}},"type":"binary-expr","locations":[{"start":{"line":11,"column":8},"end":{"line":11,"column":16}},{"start":{"line":11,"column":20},"end":{"line":11,"column":47}}],"line":11}},"s":{"0":5,"1":4,"2":4,"3":1,"4":3,"5":1,"6":2,"7":5},"f":{"0":4},"b":{"0":[1,3],"1":[4,3],"2":[1,2],"3":[3,2]},"_coverageSchema":"1a1c01bbd47fc00a2c39e90264f33305004495a9","hash":"8f156883dc9154bf8d1d02e5ec61489638cf309e"}
,"C:\\Users\\JenNg\\OneDrive\\Documents\\University of Houston\\Fall 2024\\COSC 4353 - Software Design\\COSC-4353-Animal-Volunteer-System\\backend\\src\\routes\\authRoutes.js": {"path":"C:\\Users\\JenNg\\OneDrive\\Documents\\University of Houston\\Fall 2024\\COSC 4353 - Software Design\\COSC-4353-Animal-Volunteer-System\\backend\\src\\routes\\authRoutes.js","statementMap":{"0":{"start":{"line":6,"column":16},"end":{"line":6,"column":34}},"1":{"start":{"line":7,"column":15},"end":{"line":7,"column":31}},"2":{"start":{"line":8,"column":37},"end":{"line":8,"column":76}},"3":{"start":{"line":9,"column":48},"end":{"line":9,"column":78}},"4":{"start":{"line":10,"column":23},"end":{"line":10,"column":63}},"5":{"start":{"line":11,"column":24},"end":{"line":11,"column":65}},"6":{"start":{"line":15,"column":0},"end":{"line":17,"column":3}},"7":{"start":{"line":16,"column":4},"end":{"line":16,"column":26}},"8":{"start":{"line":19,"column":0},"end":{"line":19,"column":72}},"9":{"start":{"line":20,"column":0},"end":{"line":20,"column":59}},"10":{"start":{"line":23,"column":0},"end":{"line":25,"column":3}},"11":{"start":{"line":24,"column":4},"end":{"line":24,"column":30}},"12":{"start":{"line":27,"column":0},"end":{"line":29,"column":3}},"13":{"start":{"line":28,"column":4},"end":{"line":28,"column":29}},"14":{"start":{"line":31,"column":0},"end":{"line":33,"column":3}},"15":{"start":{"line":32,"column":4},"end":{"line":32,"column":36}},"16":{"start":{"line":35,"column":0},"end":{"line":37,"column":3}},"17":{"start":{"line":36,"column":4},"end":{"line":36,"column":35}},"18":{"start":{"line":45,"column":0},"end":{"line":47,"column":3}},"19":{"start":{"line":46,"column":4},"end":{"line":46,"column":38}},"20":{"start":{"line":49,"column":0},"end":{"line":51,"column":3}},"21":{"start":{"line":50,"column":4},"end":{"line":50,"column":43}},"22":{"start":{"line":53,"column":0},"end":{"line":53,"column":24}}},"fnMap":{"0":{"name":"(anonymous_0)","decl":{"start":{"line":15,"column":20},"end":{"line":15,"column":21}},"loc":{"start":{"line":15,"column":34},"end":{"line":17,"column":1}},"line":15},"1":{"name":"(anonymous_1)","decl":{"start":{"line":23,"column":37},"end":{"line":23,"column":38}},"loc":{"start":{"line":23,"column":51},"end":{"line":25,"column":1}},"line":23},"2":{"name":"(anonymous_2)","decl":{"start":{"line":27,"column":36},"end":{"line":27,"column":37}},"loc":{"start":{"line":27,"column":50},"end":{"line":29,"column":1}},"line":27},"3":{"name":"(anonymous_3)","decl":{"start":{"line":31,"column":43},"end":{"line":31,"column":44}},"loc":{"start":{"line":31,"column":57},"end":{"line":33,"column":1}},"line":31},"4":{"name":"(anonymous_4)","decl":{"start":{"line":35,"column":42},"end":{"line":35,"column":43}},"loc":{"start":{"line":35,"column":56},"end":{"line":37,"column":1}},"line":35},"5":{"name":"(anonymous_5)","decl":{"start":{"line":45,"column":58},"end":{"line":45,"column":59}},"loc":{"start":{"line":45,"column":72},"end":{"line":47,"column":1}},"line":45},"6":{"name":"(anonymous_6)","decl":{"start":{"line":49,"column":63},"end":{"line":49,"column":64}},"loc":{"start":{"line":49,"column":77},"end":{"line":51,"column":1}},"line":49}},"branchMap":{},"s":{"0":3,"1":3,"2":3,"3":3,"4":3,"5":3,"6":3,"7":0,"8":3,"9":3,"10":3,"11":0,"12":3,"13":0,"14":3,"15":0,"16":3,"17":0,"18":3,"19":0,"20":3,"21":0,"22":3},"f":{"0":0,"1":0,"2":0,"3":0,"4":0,"5":0,"6":0},"b":{},"_coverageSchema":"1a1c01bbd47fc00a2c39e90264f33305004495a9","hash":"48e030fbc4e8d0d882e3e2914197964cf133f78a"}
,"C:\\Users\\JenNg\\OneDrive\\Documents\\University of Houston\\Fall 2024\\COSC 4353 - Software Design\\COSC-4353-Animal-Volunteer-System\\backend\\src\\routes\\eventRoutes.js": {"path":"C:\\Users\\JenNg\\OneDrive\\Documents\\University of Houston\\Fall 2024\\COSC 4353 - Software Design\\COSC-4353-Animal-Volunteer-System\\backend\\src\\routes\\eventRoutes.js","statementMap":{"0":{"start":{"line":3,"column":16},"end":{"line":3,"column":34}},"1":{"start":{"line":4,"column":15},"end":{"line":4,"column":31}},"2":{"start":{"line":5,"column":37},"end":{"line":5,"column":76}},"3":{"start":{"line":6,"column":24},"end":{"line":6,"column":65}},"4":{"start":{"line":7,"column":31},"end":{"line":7,"column":71}},"5":{"start":{"line":10,"column":0},"end":{"line":10,"column":59}},"6":{"start":{"line":11,"column":0},"end":{"line":11,"column":86}},"7":{"start":{"line":12,"column":0},"end":{"line":12,"column":75}},"8":{"start":{"line":13,"column":0},"end":{"line":13,"column":72}},"9":{"start":{"line":14,"column":0},"end":{"line":14,"column":74}},"10":{"start":{"line":15,"column":0},"end":{"line":15,"column":77}},"11":{"start":{"line":17,"column":0},"end":{"line":17,"column":24}}},"fnMap":{},"branchMap":{},"s":{"0":4,"1":4,"2":4,"3":4,"4":4,"5":4,"6":4,"7":4,"8":4,"9":4,"10":4,"11":4},"f":{},"b":{},"_coverageSchema":"1a1c01bbd47fc00a2c39e90264f33305004495a9","hash":"846566230c11da02f165e3e44fc7b1cd277b8338"}
,"C:\\Users\\JenNg\\OneDrive\\Documents\\University of Houston\\Fall 2024\\COSC 4353 - Software Design\\COSC-4353-Animal-Volunteer-System\\backend\\src\\routes\\historyRoutes.js": {"path":"C:\\Users\\JenNg\\OneDrive\\Documents\\University of Houston\\Fall 2024\\COSC 4353 - Software Design\\COSC-4353-Animal-Volunteer-System\\backend\\src\\routes\\historyRoutes.js","statementMap":{"0":{"start":{"line":1,"column":16},"end":{"line":1,"column":34}},"1":{"start":{"line":2,"column":15},"end":{"line":2,"column":31}},"2":{"start":{"line":3,"column":37},"end":{"line":3,"column":76}},"3":{"start":{"line":4,"column":26},"end":{"line":4,"column":69}},"4":{"start":{"line":5,"column":24},"end":{"line":5,"column":65}},"5":{"start":{"line":7,"column":0},"end":{"line":7,"column":92}},"6":{"start":{"line":8,"column":0},"end":{"line":8,"column":66}},"7":{"start":{"line":9,"column":0},"end":{"line":9,"column":84}},"8":{"start":{"line":11,"column":0},"end":{"line":11,"column":24}}},"fnMap":{},"branchMap":{},"s":{"0":4,"1":4,"2":4,"3":4,"4":4,"5":4,"6":4,"7":4,"8":4},"f":{},"b":{},"_coverageSchema":"1a1c01bbd47fc00a2c39e90264f33305004495a9","hash":"9f3aa01f68525bd18132a1eb1b86d34abb38ba31"}
,"C:\\Users\\JenNg\\OneDrive\\Documents\\University of Houston\\Fall 2024\\COSC 4353 - Software Design\\COSC-4353-Animal-Volunteer-System\\backend\\src\\routes\\matchingRoutes.js": {"path":"C:\\Users\\JenNg\\OneDrive\\Documents\\University of Houston\\Fall 2024\\COSC 4353 - Software Design\\COSC-4353-Animal-Volunteer-System\\backend\\src\\routes\\matchingRoutes.js","statementMap":{"0":{"start":{"line":3,"column":16},"end":{"line":3,"column":34}},"1":{"start":{"line":4,"column":15},"end":{"line":4,"column":31}},"2":{"start":{"line":5,"column":37},"end":{"line":5,"column":76}},"3":{"start":{"line":6,"column":27},"end":{"line":6,"column":71}},"4":{"start":{"line":8,"column":0},"end":{"line":8,"column":92}},"5":{"start":{"line":9,"column":0},"end":{"line":9,"column":85}},"6":{"start":{"line":11,"column":0},"end":{"line":11,"column":24}}},"fnMap":{},"branchMap":{},"s":{"0":4,"1":4,"2":4,"3":4,"4":4,"5":4,"6":4},"f":{},"b":{},"_coverageSchema":"1a1c01bbd47fc00a2c39e90264f33305004495a9","hash":"2d23f1a5f013103135f32db350d52cd68de56513"}
,"C:\\Users\\JenNg\\OneDrive\\Documents\\University of Houston\\Fall 2024\\COSC 4353 - Software Design\\COSC-4353-Animal-Volunteer-System\\backend\\src\\routes\\notificationRoutes.js": {"path":"C:\\Users\\JenNg\\OneDrive\\Documents\\University of Houston\\Fall 2024\\COSC 4353 - Software Design\\COSC-4353-Animal-Volunteer-System\\backend\\src\\routes\\notificationRoutes.js","statementMap":{"0":{"start":{"line":1,"column":16},"end":{"line":1,"column":34}},"1":{"start":{"line":2,"column":15},"end":{"line":2,"column":31}},"2":{"start":{"line":3,"column":37},"end":{"line":3,"column":76}},"3":{"start":{"line":4,"column":33},"end":{"line":4,"column":80}},"4":{"start":{"line":5,"column":31},"end":{"line":5,"column":79}},"5":{"start":{"line":8,"column":0},"end":{"line":8,"column":70}},"6":{"start":{"line":9,"column":0},"end":{"line":9,"column":72}},"7":{"start":{"line":10,"column":0},"end":{"line":10,"column":108}},"8":{"start":{"line":11,"column":0},"end":{"line":11,"column":98}},"9":{"start":{"line":13,"column":0},"end":{"line":13,"column":24}}},"fnMap":{},"branchMap":{},"s":{"0":4,"1":4,"2":4,"3":4,"4":4,"5":4,"6":4,"7":4,"8":4,"9":4},"f":{},"b":{},"_coverageSchema":"1a1c01bbd47fc00a2c39e90264f33305004495a9","hash":"8851c7043f9b91181a4d9c992a1a76f5840a2685"}
,"C:\\Users\\JenNg\\OneDrive\\Documents\\University of Houston\\Fall 2024\\COSC 4353 - Software Design\\COSC-4353-Animal-Volunteer-System\\backend\\src\\routes\\profileRoutes.js": {"path":"C:\\Users\\JenNg\\OneDrive\\Documents\\University of Houston\\Fall 2024\\COSC 4353 - Software Design\\COSC-4353-Animal-Volunteer-System\\backend\\src\\routes\\profileRoutes.js","statementMap":{"0":{"start":{"line":1,"column":16},"end":{"line":1,"column":34}},"1":{"start":{"line":2,"column":15},"end":{"line":2,"column":31}},"2":{"start":{"line":3,"column":24},"end":{"line":3,"column":63}},"3":{"start":{"line":4,"column":26},"end":{"line":4,"column":69}},"4":{"start":{"line":6,"column":0},"end":{"line":6,"column":59}},"5":{"start":{"line":7,"column":0},"end":{"line":7,"column":63}},"6":{"start":{"line":8,"column":0},"end":{"line":8,"column":62}},"7":{"start":{"line":10,"column":0},"end":{"line":10,"column":24}}},"fnMap":{},"branchMap":{},"s":{"0":1,"1":1,"2":1,"3":1,"4":1,"5":1,"6":1,"7":1},"f":{},"b":{},"_coverageSchema":"1a1c01bbd47fc00a2c39e90264f33305004495a9","hash":"884b81db34d9ad8f51cfddc7bacf4cf1cbbcf83f"}
,"C:\\Users\\JenNg\\OneDrive\\Documents\\University of Houston\\Fall 2024\\COSC 4353 - Software Design\\COSC-4353-Animal-Volunteer-System\\backend\\src\\services\\authService.js": {"path":"C:\\Users\\JenNg\\OneDrive\\Documents\\University of Houston\\Fall 2024\\COSC 4353 - Software Design\\COSC-4353-Animal-Volunteer-System\\backend\\src\\services\\authService.js","statementMap":{"0":{"start":{"line":5,"column":15},"end":{"line":5,"column":34}},"1":{"start":{"line":6,"column":12},"end":{"line":6,"column":35}},"2":{"start":{"line":9,"column":14},"end":{"line":16,"column":1}},"3":{"start":{"line":19,"column":0},"end":{"line":30,"column":2}},"4":{"start":{"line":20,"column":23},"end":{"line":20,"column":63}},"5":{"start":{"line":20,"column":42},"end":{"line":20,"column":62}},"6":{"start":{"line":21,"column":4},"end":{"line":23,"column":5}},"7":{"start":{"line":22,"column":8},"end":{"line":22,"column":63}},"8":{"start":{"line":25,"column":27},"end":{"line":25,"column":55}},"9":{"start":{"line":26,"column":20},"end":{"line":26,"column":104}},"10":{"start":{"line":27,"column":4},"end":{"line":27,"column":24}},"11":{"start":{"line":29,"column":4},"end":{"line":29,"column":42}},"12":{"start":{"line":33,"column":0},"end":{"line":51,"column":2}},"13":{"start":{"line":34,"column":17},"end":{"line":34,"column":57}},"14":{"start":{"line":34,"column":36},"end":{"line":34,"column":56}},"15":{"start":{"line":35,"column":4},"end":{"line":37,"column":5}},"16":{"start":{"line":36,"column":8},"end":{"line":36,"column":58}},"17":{"start":{"line":39,"column":26},"end":{"line":39,"column":69}},"18":{"start":{"line":40,"column":4},"end":{"line":42,"column":5}},"19":{"start":{"line":41,"column":8},"end":{"line":41,"column":63}},"20":{"start":{"line":44,"column":18},"end":{"line":48,"column":5}},"21":{"start":{"line":50,"column":4},"end":{"line":50,"column":51}},"22":{"start":{"line":54,"column":0},"end":{"line":56,"column":2}},"23":{"start":{"line":55,"column":4},"end":{"line":55,"column":59}},"24":{"start":{"line":55,"column":32},"end":{"line":55,"column":57}}},"fnMap":{"0":{"name":"(anonymous_0)","decl":{"start":{"line":19,"column":23},"end":{"line":19,"column":24}},"loc":{"start":{"line":19,"column":50},"end":{"line":30,"column":1}},"line":19},"1":{"name":"(anonymous_1)","decl":{"start":{"line":20,"column":34},"end":{"line":20,"column":35}},"loc":{"start":{"line":20,"column":42},"end":{"line":20,"column":62}},"line":20},"2":{"name":"(anonymous_2)","decl":{"start":{"line":33,"column":20},"end":{"line":33,"column":21}},"loc":{"start":{"line":33,"column":41},"end":{"line":51,"column":1}},"line":33},"3":{"name":"(anonymous_3)","decl":{"start":{"line":34,"column":28},"end":{"line":34,"column":29}},"loc":{"start":{"line":34,"column":36},"end":{"line":34,"column":56}},"line":34},"4":{"name":"(anonymous_4)","decl":{"start":{"line":54,"column":27},"end":{"line":54,"column":28}},"loc":{"start":{"line":54,"column":33},"end":{"line":56,"column":1}},"line":54},"5":{"name":"(anonymous_5)","decl":{"start":{"line":55,"column":24},"end":{"line":55,"column":25}},"loc":{"start":{"line":55,"column":32},"end":{"line":55,"column":57}},"line":55}},"branchMap":{"0":{"loc":{"start":{"line":21,"column":4},"end":{"line":23,"column":5}},"type":"if","locations":[{"start":{"line":21,"column":4},"end":{"line":23,"column":5}},{"start":{},"end":{}}],"line":21},"1":{"loc":{"start":{"line":26,"column":83},"end":{"line":26,"column":102}},"type":"binary-expr","locations":[{"start":{"line":26,"column":83},"end":{"line":26,"column":87}},{"start":{"line":26,"column":91},"end":{"line":26,"column":102}}],"line":26},"2":{"loc":{"start":{"line":35,"column":4},"end":{"line":37,"column":5}},"type":"if","locations":[{"start":{"line":35,"column":4},"end":{"line":37,"column":5}},{"start":{},"end":{}}],"line":35},"3":{"loc":{"start":{"line":40,"column":4},"end":{"line":42,"column":5}},"type":"if","locations":[{"start":{"line":40,"column":4},"end":{"line":42,"column":5}},{"start":{},"end":{}}],"line":40}},"s":{"0":14,"1":14,"2":14,"3":14,"4":17,"5":33,"6":17,"7":9,"8":8,"9":8,"10":8,"11":8,"12":14,"13":10,"14":30,"15":10,"16":3,"17":7,"18":7,"19":3,"20":4,"21":4,"22":14,"23":66,"24":66},"f":{"0":17,"1":33,"2":10,"3":30,"4":66,"5":66},"b":{"0":[9,8],"1":[8,0],"2":[3,7],"3":[3,4]},"_coverageSchema":"1a1c01bbd47fc00a2c39e90264f33305004495a9","hash":"3fa997a25f2d83ff0d5186a4bb4d6aa82f2152d9"}
,"C:\\Users\\JenNg\\OneDrive\\Documents\\University of Houston\\Fall 2024\\COSC 4353 - Software Design\\COSC-4353-Animal-Volunteer-System\\backend\\src\\services\\eventService.js": {"path":"C:\\Users\\JenNg\\OneDrive\\Documents\\University of Houston\\Fall 2024\\COSC 4353 - Software Design\\COSC-4353-Animal-Volunteer-System\\backend\\src\\services\\eventService.js","statementMap":{"0":{"start":{"line":1,"column":32},"end":{"line":1,"column":69}},"1":{"start":{"line":2,"column":20},"end":{"line":2,"column":54}},"2":{"start":{"line":4,"column":15},"end":{"line":47,"column":1}},"3":{"start":{"line":49,"column":26},"end":{"line":100,"column":1}},"4":{"start":{"line":50,"column":17},"end":{"line":50,"column":19}},"5":{"start":{"line":53,"column":2},"end":{"line":57,"column":3}},"6":{"start":{"line":54,"column":4},"end":{"line":54,"column":48}},"7":{"start":{"line":55,"column":9},"end":{"line":57,"column":3}},"8":{"start":{"line":56,"column":4},"end":{"line":56,"column":67}},"9":{"start":{"line":60,"column":2},"end":{"line":62,"column":3}},"10":{"start":{"line":61,"column":4},"end":{"line":61,"column":62}},"11":{"start":{"line":65,"column":2},"end":{"line":67,"column":3}},"12":{"start":{"line":66,"column":4},"end":{"line":66,"column":46}},"13":{"start":{"line":70,"column":2},"end":{"line":72,"column":3}},"14":{"start":{"line":71,"column":4},"end":{"line":71,"column":37}},"15":{"start":{"line":75,"column":2},"end":{"line":77,"column":3}},"16":{"start":{"line":76,"column":4},"end":{"line":76,"column":39}},"17":{"start":{"line":80,"column":2},"end":{"line":82,"column":3}},"18":{"start":{"line":81,"column":4},"end":{"line":81,"column":44}},"19":{"start":{"line":85,"column":2},"end":{"line":87,"column":3}},"20":{"start":{"line":86,"column":4},"end":{"line":86,"column":61}},"21":{"start":{"line":90,"column":2},"end":{"line":92,"column":3}},"22":{"start":{"line":91,"column":4},"end":{"line":91,"column":43}},"23":{"start":{"line":95,"column":2},"end":{"line":97,"column":3}},"24":{"start":{"line":96,"column":4},"end":{"line":96,"column":48}},"25":{"start":{"line":99,"column":2},"end":{"line":99,"column":16}},"26":{"start":{"line":102,"column":0},"end":{"line":139,"column":2}},"27":{"start":{"line":103,"column":17},"end":{"line":103,"column":45}},"28":{"start":{"line":104,"column":2},"end":{"line":106,"column":3}},"29":{"start":{"line":105,"column":4},"end":{"line":105,"column":34}},"30":{"start":{"line":108,"column":19},"end":{"line":112,"column":3}},"31":{"start":{"line":114,"column":2},"end":{"line":114,"column":24}},"32":{"start":{"line":117,"column":24},"end":{"line":117,"column":54}},"33":{"start":{"line":118,"column":2},"end":{"line":133,"column":5}},"34":{"start":{"line":119,"column":26},"end":{"line":130,"column":5}},"35":{"start":{"line":132,"column":4},"end":{"line":132,"column":74}},"36":{"start":{"line":135,"column":2},"end":{"line":138,"column":4}},"37":{"start":{"line":141,"column":0},"end":{"line":145,"column":2}},"38":{"start":{"line":142,"column":2},"end":{"line":142,"column":47}},"39":{"start":{"line":143,"column":2},"end":{"line":143,"column":47}},"40":{"start":{"line":144,"column":2},"end":{"line":144,"column":16}},"41":{"start":{"line":154,"column":0},"end":{"line":161,"column":2}},"42":{"start":{"line":156,"column":16},"end":{"line":156,"column":53}},"43":{"start":{"line":156,"column":33},"end":{"line":156,"column":52}},"44":{"start":{"line":157,"column":2},"end":{"line":159,"column":3}},"45":{"start":{"line":158,"column":4},"end":{"line":158,"column":54}},"46":{"start":{"line":160,"column":2},"end":{"line":160,"column":15}},"47":{"start":{"line":162,"column":0},"end":{"line":180,"column":2}},"48":{"start":{"line":164,"column":16},"end":{"line":164,"column":58}},"49":{"start":{"line":164,"column":38},"end":{"line":164,"column":57}},"50":{"start":{"line":165,"column":2},"end":{"line":167,"column":3}},"51":{"start":{"line":166,"column":4},"end":{"line":166,"column":54}},"52":{"start":{"line":169,"column":17},"end":{"line":169,"column":45}},"53":{"start":{"line":170,"column":2},"end":{"line":172,"column":3}},"54":{"start":{"line":171,"column":4},"end":{"line":171,"column":34}},"55":{"start":{"line":174,"column":23},"end":{"line":174,"column":94}},"56":{"start":{"line":175,"column":2},"end":{"line":175,"column":31}},"57":{"start":{"line":176,"column":2},"end":{"line":179,"column":4}},"58":{"start":{"line":182,"column":0},"end":{"line":190,"column":2}},"59":{"start":{"line":184,"column":16},"end":{"line":184,"column":58}},"60":{"start":{"line":184,"column":38},"end":{"line":184,"column":57}},"61":{"start":{"line":185,"column":2},"end":{"line":187,"column":3}},"62":{"start":{"line":186,"column":4},"end":{"line":186,"column":54}},"63":{"start":{"line":188,"column":2},"end":{"line":188,"column":26}},"64":{"start":{"line":189,"column":2},"end":{"line":189,"column":51}},"65":{"start":{"line":221,"column":0},"end":{"line":244,"column":2}},"66":{"start":{"line":222,"column":2},"end":{"line":243,"column":4}}},"fnMap":{"0":{"name":"(anonymous_0)","decl":{"start":{"line":49,"column":26},"end":{"line":49,"column":27}},"loc":{"start":{"line":49,"column":41},"end":{"line":100,"column":1}},"line":49},"1":{"name":"(anonymous_1)","decl":{"start":{"line":102,"column":22},"end":{"line":102,"column":23}},"loc":{"start":{"line":102,"column":37},"end":{"line":139,"column":1}},"line":102},"2":{"name":"(anonymous_2)","decl":{"start":{"line":118,"column":24},"end":{"line":118,"column":25}},"loc":{"start":{"line":118,"column":37},"end":{"line":133,"column":3}},"line":118},"3":{"name":"(anonymous_3)","decl":{"start":{"line":141,"column":23},"end":{"line":141,"column":24}},"loc":{"start":{"line":141,"column":29},"end":{"line":145,"column":1}},"line":141},"4":{"name":"(anonymous_4)","decl":{"start":{"line":154,"column":23},"end":{"line":154,"column":24}},"loc":{"start":{"line":154,"column":31},"end":{"line":161,"column":1}},"line":154},"5":{"name":"(anonymous_5)","decl":{"start":{"line":156,"column":28},"end":{"line":156,"column":29}},"loc":{"start":{"line":156,"column":33},"end":{"line":156,"column":52}},"line":156},"6":{"name":"(anonymous_6)","decl":{"start":{"line":162,"column":22},"end":{"line":162,"column":23}},"loc":{"start":{"line":162,"column":41},"end":{"line":180,"column":1}},"line":162},"7":{"name":"(anonymous_7)","decl":{"start":{"line":164,"column":33},"end":{"line":164,"column":34}},"loc":{"start":{"line":164,"column":38},"end":{"line":164,"column":57}},"line":164},"8":{"name":"(anonymous_8)","decl":{"start":{"line":182,"column":22},"end":{"line":182,"column":23}},"loc":{"start":{"line":182,"column":30},"end":{"line":190,"column":1}},"line":182},"9":{"name":"(anonymous_9)","decl":{"start":{"line":184,"column":33},"end":{"line":184,"column":34}},"loc":{"start":{"line":184,"column":38},"end":{"line":184,"column":57}},"line":184},"10":{"name":"(anonymous_10)","decl":{"start":{"line":221,"column":25},"end":{"line":221,"column":26}},"loc":{"start":{"line":221,"column":31},"end":{"line":244,"column":1}},"line":221}},"branchMap":{"0":{"loc":{"start":{"line":53,"column":2},"end":{"line":57,"column":3}},"type":"if","locations":[{"start":{"line":53,"column":2},"end":{"line":57,"column":3}},{"start":{"line":55,"column":9},"end":{"line":57,"column":3}}],"line":53},"1":{"loc":{"start":{"line":53,"column":6},"end":{"line":53,"column":69}},"type":"binary-expr","locations":[{"start":{"line":53,"column":6},"end":{"line":53,"column":26}},{"start":{"line":53,"column":30},"end":{"line":53,"column":69}}],"line":53},"2":{"loc":{"start":{"line":55,"column":9},"end":{"line":57,"column":3}},"type":"if","locations":[{"start":{"line":55,"column":9},"end":{"line":57,"column":3}},{"start":{},"end":{}}],"line":55},"3":{"loc":{"start":{"line":60,"column":2},"end":{"line":62,"column":3}},"type":"if","locations":[{"start":{"line":60,"column":2},"end":{"line":62,"column":3}},{"start":{},"end":{}}],"line":60},"4":{"loc":{"start":{"line":60,"column":6},"end":{"line":60,"column":83}},"type":"binary-expr","locations":[{"start":{"line":60,"column":6},"end":{"line":60,"column":33}},{"start":{"line":60,"column":37},"end":{"line":60,"column":83}}],"line":60},"5":{"loc":{"start":{"line":65,"column":2},"end":{"line":67,"column":3}},"type":"if","locations":[{"start":{"line":65,"column":2},"end":{"line":67,"column":3}},{"start":{},"end":{}}],"line":65},"6":{"loc":{"start":{"line":65,"column":6},"end":{"line":65,"column":67}},"type":"binary-expr","locations":[{"start":{"line":65,"column":6},"end":{"line":65,"column":25}},{"start":{"line":65,"column":29},"end":{"line":65,"column":67}}],"line":65},"7":{"loc":{"start":{"line":70,"column":2},"end":{"line":72,"column":3}},"type":"if","locations":[{"start":{"line":70,"column":2},"end":{"line":72,"column":3}},{"start":{},"end":{}}],"line":70},"8":{"loc":{"start":{"line":70,"column":6},"end":{"line":70,"column":59}},"type":"binary-expr","locations":[{"start":{"line":70,"column":6},"end":{"line":70,"column":21}},{"start":{"line":70,"column":25},"end":{"line":70,"column":59}}],"line":70},"9":{"loc":{"start":{"line":75,"column":2},"end":{"line":77,"column":3}},"type":"if","locations":[{"start":{"line":75,"column":2},"end":{"line":77,"column":3}},{"start":{},"end":{}}],"line":75},"10":{"loc":{"start":{"line":75,"column":6},"end":{"line":75,"column":61}},"type":"binary-expr","locations":[{"start":{"line":75,"column":6},"end":{"line":75,"column":22}},{"start":{"line":75,"column":26},"end":{"line":75,"column":61}}],"line":75},"11":{"loc":{"start":{"line":80,"column":2},"end":{"line":82,"column":3}},"type":"if","locations":[{"start":{"line":80,"column":2},"end":{"line":82,"column":3}},{"start":{},"end":{}}],"line":80},"12":{"loc":{"start":{"line":80,"column":6},"end":{"line":80,"column":65}},"type":"binary-expr","locations":[{"start":{"line":80,"column":6},"end":{"line":80,"column":24}},{"start":{"line":80,"column":28},"end":{"line":80,"column":65}}],"line":80},"13":{"loc":{"start":{"line":85,"column":2},"end":{"line":87,"column":3}},"type":"if","locations":[{"start":{"line":85,"column":2},"end":{"line":87,"column":3}},{"start":{},"end":{}}],"line":85},"14":{"loc":{"start":{"line":85,"column":6},"end":{"line":85,"column":72}},"type":"binary-expr","locations":[{"start":{"line":85,"column":6},"end":{"line":85,"column":31}},{"start":{"line":85,"column":35},"end":{"line":85,"column":72}}],"line":85},"15":{"loc":{"start":{"line":90,"column":2},"end":{"line":92,"column":3}},"type":"if","locations":[{"start":{"line":90,"column":2},"end":{"line":92,"column":3}},{"start":{},"end":{}}],"line":90},"16":{"loc":{"start":{"line":95,"column":2},"end":{"line":97,"column":3}},"type":"if","locations":[{"start":{"line":95,"column":2},"end":{"line":97,"column":3}},{"start":{},"end":{}}],"line":95},"17":{"loc":{"start":{"line":104,"column":2},"end":{"line":106,"column":3}},"type":"if","locations":[{"start":{"line":104,"column":2},"end":{"line":106,"column":3}},{"start":{},"end":{}}],"line":104},"18":{"loc":{"start":{"line":157,"column":2},"end":{"line":159,"column":3}},"type":"if","locations":[{"start":{"line":157,"column":2},"end":{"line":159,"column":3}},{"start":{},"end":{}}],"line":157},"19":{"loc":{"start":{"line":165,"column":2},"end":{"line":167,"column":3}},"type":"if","locations":[{"start":{"line":165,"column":2},"end":{"line":167,"column":3}},{"start":{},"end":{}}],"line":165},"20":{"loc":{"start":{"line":170,"column":2},"end":{"line":172,"column":3}},"type":"if","locations":[{"start":{"line":170,"column":2},"end":{"line":172,"column":3}},{"start":{},"end":{}}],"line":170},"21":{"loc":{"start":{"line":185,"column":2},"end":{"line":187,"column":3}},"type":"if","locations":[{"start":{"line":185,"column":2},"end":{"line":187,"column":3}},{"start":{},"end":{}}],"line":185}},"s":{"0":13,"1":13,"2":13,"3":13,"4":71,"5":71,"6":3,"7":68,"8":0,"9":71,"10":0,"11":71,"12":0,"13":71,"14":1,"15":71,"16":0,"17":71,"18":0,"19":71,"20":1,"21":71,"22":0,"23":71,"24":0,"25":71,"26":13,"27":69,"28":69,"29":3,"30":66,"31":66,"32":66,"33":66,"34":0,"35":0,"36":66,"37":13,"38":35,"39":35,"40":35,"41":13,"42":5,"43":11,"44":5,"45":3,"46":2,"47":13,"48":4,"49":8,"50":4,"51":2,"52":2,"53":2,"54":0,"55":2,"56":2,"57":2,"58":13,"59":4,"60":8,"61":4,"62":2,"63":2,"64":2,"65":13,"66":1},"f":{"0":71,"1":69,"2":0,"3":35,"4":5,"5":11,"6":4,"7":8,"8":4,"9":8,"10":1},"b":{"0":[3,68],"1":[71,68],"2":[0,68],"3":[0,71],"4":[71,71],"5":[0,71],"6":[71,71],"7":[1,70],"8":[71,70],"9":[0,71],"10":[71,71],"11":[0,71],"12":[71,71],"13":[1,70],"14":[71,71],"15":[0,71],"16":[0,71],"17":[3,66],"18":[3,2],"19":[2,2],"20":[0,2],"21":[2,2]},"_coverageSchema":"1a1c01bbd47fc00a2c39e90264f33305004495a9","hash":"14883707ef41bc724e6ebcee4584205cf845464e"}
,"C:\\Users\\JenNg\\OneDrive\\Documents\\University of Houston\\Fall 2024\\COSC 4353 - Software Design\\COSC-4353-Animal-Volunteer-System\\backend\\src\\services\\historyService.js": {"path":"C:\\Users\\JenNg\\OneDrive\\Documents\\University of Houston\\Fall 2024\\COSC 4353 - Software Design\\COSC-4353-Animal-Volunteer-System\\backend\\src\\services\\historyService.js","statementMap":{"0":{"start":{"line":1,"column":21},"end":{"line":1,"column":56}},"1":{"start":{"line":2,"column":20},"end":{"line":2,"column":54}},"2":{"start":{"line":4,"column":23},"end":{"line":4,"column":25}},"3":{"start":{"line":6,"column":26},"end":{"line":34,"column":1}},"4":{"start":{"line":7,"column":4},"end":{"line":7,"column":48}},"5":{"start":{"line":8,"column":22},"end":{"line":8,"column":49}},"6":{"start":{"line":9,"column":26},"end":{"line":9,"column":56}},"7":{"start":{"line":11,"column":4},"end":{"line":11,"column":26}},"8":{"start":{"line":13,"column":4},"end":{"line":31,"column":7}},"9":{"start":{"line":14,"column":8},"end":{"line":30,"column":11}},"10":{"start":{"line":15,"column":34},"end":{"line":28,"column":13}},"11":{"start":{"line":29,"column":12},"end":{"line":29,"column":49}},"12":{"start":{"line":33,"column":4},"end":{"line":33,"column":88}},"13":{"start":{"line":36,"column":0},"end":{"line":41,"column":2}},"14":{"start":{"line":37,"column":4},"end":{"line":39,"column":5}},"15":{"start":{"line":38,"column":8},"end":{"line":38,"column":28}},"16":{"start":{"line":40,"column":4},"end":{"line":40,"column":28}},"17":{"start":{"line":43,"column":0},"end":{"line":46,"column":2}},"18":{"start":{"line":44,"column":4},"end":{"line":44,"column":56}},"19":{"start":{"line":45,"column":4},"end":{"line":45,"column":74}},"20":{"start":{"line":45,"column":45},"end":{"line":45,"column":72}},"21":{"start":{"line":48,"column":0},"end":{"line":58,"column":2}},"22":{"start":{"line":49,"column":4},"end":{"line":49,"column":56}},"23":{"start":{"line":50,"column":24},"end":{"line":50,"column":74}},"24":{"start":{"line":50,"column":56},"end":{"line":50,"column":73}},"25":{"start":{"line":52,"column":4},"end":{"line":54,"column":5}},"26":{"start":{"line":53,"column":8},"end":{"line":53,"column":68}},"27":{"start":{"line":56,"column":4},"end":{"line":56,"column":88}},"28":{"start":{"line":57,"column":4},"end":{"line":57,"column":66}}},"fnMap":{"0":{"name":"(anonymous_0)","decl":{"start":{"line":6,"column":26},"end":{"line":6,"column":27}},"loc":{"start":{"line":6,"column":32},"end":{"line":34,"column":1}},"line":6},"1":{"name":"(anonymous_1)","decl":{"start":{"line":13,"column":26},"end":{"line":13,"column":27}},"loc":{"start":{"line":13,"column":39},"end":{"line":31,"column":5}},"line":13},"2":{"name":"(anonymous_2)","decl":{"start":{"line":14,"column":26},"end":{"line":14,"column":27}},"loc":{"start":{"line":14,"column":35},"end":{"line":30,"column":9}},"line":14},"3":{"name":"(anonymous_3)","decl":{"start":{"line":36,"column":24},"end":{"line":36,"column":25}},"loc":{"start":{"line":36,"column":30},"end":{"line":41,"column":1}},"line":36},"4":{"name":"(anonymous_4)","decl":{"start":{"line":43,"column":21},"end":{"line":43,"column":22}},"loc":{"start":{"line":43,"column":33},"end":{"line":46,"column":1}},"line":43},"5":{"name":"(anonymous_5)","decl":{"start":{"line":45,"column":35},"end":{"line":45,"column":36}},"loc":{"start":{"line":45,"column":45},"end":{"line":45,"column":72}},"line":45},"6":{"name":"(anonymous_6)","decl":{"start":{"line":48,"column":30},"end":{"line":48,"column":31}},"loc":{"start":{"line":48,"column":56},"end":{"line":58,"column":1}},"line":48},"7":{"name":"(anonymous_7)","decl":{"start":{"line":50,"column":51},"end":{"line":50,"column":52}},"loc":{"start":{"line":50,"column":56},"end":{"line":50,"column":73}},"line":50}},"branchMap":{"0":{"loc":{"start":{"line":37,"column":4},"end":{"line":39,"column":5}},"type":"if","locations":[{"start":{"line":37,"column":4},"end":{"line":39,"column":5}},{"start":{},"end":{}}],"line":37},"1":{"loc":{"start":{"line":52,"column":4},"end":{"line":54,"column":5}},"type":"if","locations":[{"start":{"line":52,"column":4},"end":{"line":54,"column":5}},{"start":{},"end":{}}],"line":52}},"s":{"0":13,"1":13,"2":13,"3":13,"4":0,"5":0,"6":0,"7":0,"8":0,"9":0,"10":0,"11":0,"12":0,"13":13,"14":0,"15":0,"16":0,"17":13,"18":0,"19":0,"20":0,"21":13,"22":0,"23":0,"24":0,"25":0,"26":0,"27":0,"28":0},"f":{"0":0,"1":0,"2":0,"3":0,"4":0,"5":0,"6":0,"7":0},"b":{"0":[0,0],"1":[0,0]},"_coverageSchema":"1a1c01bbd47fc00a2c39e90264f33305004495a9","hash":"d27f9feb4bfec5ae924a8739309a2d96be90b7a1"}
,"C:\\Users\\JenNg\\OneDrive\\Documents\\University of Houston\\Fall 2024\\COSC 4353 - Software Design\\COSC-4353-Animal-Volunteer-System\\backend\\src\\services\\matchingService.js": {"path":"C:\\Users\\JenNg\\OneDrive\\Documents\\University of Houston\\Fall 2024\\COSC 4353 - Software Design\\COSC-4353-Animal-Volunteer-System\\backend\\src\\services\\matchingService.js","statementMap":{"0":{"start":{"line":2,"column":21},"end":{"line":2,"column":46}},"1":{"start":{"line":3,"column":23},"end":{"line":3,"column":50}},"2":{"start":{"line":5,"column":0},"end":{"line":25,"column":2}},"3":{"start":{"line":6,"column":2},"end":{"line":24,"column":3}},"4":{"start":{"line":7,"column":18},"end":{"line":7,"column":58}},"5":{"start":{"line":8,"column":24},"end":{"line":8,"column":61}},"6":{"start":{"line":10,"column":31},"end":{"line":14,"column":5}},"7":{"start":{"line":11,"column":6},"end":{"line":13,"column":74}},"8":{"start":{"line":13,"column":37},"end":{"line":13,"column":73}},"9":{"start":{"line":16,"column":4},"end":{"line":18,"column":5}},"10":{"start":{"line":17,"column":6},"end":{"line":17,"column":73}},"11":{"start":{"line":20,"column":4},"end":{"line":20,"column":30}},"12":{"start":{"line":22,"column":4},"end":{"line":22,"column":60}},"13":{"start":{"line":23,"column":4},"end":{"line":23,"column":16}},"14":{"start":{"line":53,"column":0},"end":{"line":99,"column":2}},"15":{"start":{"line":54,"column":2},"end":{"line":98,"column":3}},"16":{"start":{"line":55,"column":18},"end":{"line":55,"column":58}},"17":{"start":{"line":58,"column":4},"end":{"line":60,"column":5}},"18":{"start":{"line":59,"column":6},"end":{"line":59,"column":56}},"19":{"start":{"line":62,"column":20},"end":{"line":62,"column":22}},"20":{"start":{"line":65,"column":4},"end":{"line":91,"column":5}},"21":{"start":{"line":66,"column":24},"end":{"line":66,"column":68}},"22":{"start":{"line":68,"column":6},"end":{"line":71,"column":7}},"23":{"start":{"line":69,"column":8},"end":{"line":69,"column":70}},"24":{"start":{"line":70,"column":8},"end":{"line":70,"column":17}},"25":{"start":{"line":74,"column":6},"end":{"line":77,"column":7}},"26":{"start":{"line":75,"column":8},"end":{"line":75,"column":95}},"27":{"start":{"line":76,"column":8},"end":{"line":76,"column":17}},"28":{"start":{"line":79,"column":6},"end":{"line":82,"column":7}},"29":{"start":{"line":80,"column":8},"end":{"line":80,"column":97}},"30":{"start":{"line":81,"column":8},"end":{"line":81,"column":17}},"31":{"start":{"line":84,"column":6},"end":{"line":87,"column":7}},"32":{"start":{"line":84,"column":42},"end":{"line":84,"column":78}},"33":{"start":{"line":85,"column":8},"end":{"line":85,"column":109}},"34":{"start":{"line":86,"column":8},"end":{"line":86,"column":17}},"35":{"start":{"line":90,"column":6},"end":{"line":90,"column":129}},"36":{"start":{"line":94,"column":4},"end":{"line":94,"column":19}},"37":{"start":{"line":96,"column":4},"end":{"line":96,"column":60}},"38":{"start":{"line":97,"column":4},"end":{"line":97,"column":16}}},"fnMap":{"0":{"name":"(anonymous_0)","decl":{"start":{"line":5,"column":32},"end":{"line":5,"column":33}},"loc":{"start":{"line":5,"column":51},"end":{"line":25,"column":1}},"line":5},"1":{"name":"(anonymous_1)","decl":{"start":{"line":10,"column":50},"end":{"line":10,"column":51}},"loc":{"start":{"line":11,"column":6},"end":{"line":13,"column":74}},"line":11},"2":{"name":"(anonymous_2)","decl":{"start":{"line":13,"column":28},"end":{"line":13,"column":29}},"loc":{"start":{"line":13,"column":37},"end":{"line":13,"column":73}},"line":13},"3":{"name":"(anonymous_3)","decl":{"start":{"line":53,"column":32},"end":{"line":53,"column":33}},"loc":{"start":{"line":53,"column":65},"end":{"line":99,"column":1}},"line":53},"4":{"name":"(anonymous_4)","decl":{"start":{"line":84,"column":33},"end":{"line":84,"column":34}},"loc":{"start":{"line":84,"column":42},"end":{"line":84,"column":78}},"line":84}},"branchMap":{"0":{"loc":{"start":{"line":11,"column":6},"end":{"line":13,"column":74}},"type":"binary-expr","locations":[{"start":{"line":11,"column":6},"end":{"line":11,"column":54}},{"start":{"line":12,"column":6},"end":{"line":12,"column":35}},{"start":{"line":13,"column":6},"end":{"line":13,"column":74}}],"line":11},"1":{"loc":{"start":{"line":16,"column":4},"end":{"line":18,"column":5}},"type":"if","locations":[{"start":{"line":16,"column":4},"end":{"line":18,"column":5}},{"start":{},"end":{}}],"line":16},"2":{"loc":{"start":{"line":58,"column":4},"end":{"line":60,"column":5}},"type":"if","locations":[{"start":{"line":58,"column":4},"end":{"line":60,"column":5}},{"start":{},"end":{}}],"line":58},"3":{"loc":{"start":{"line":68,"column":6},"end":{"line":71,"column":7}},"type":"if","locations":[{"start":{"line":68,"column":6},"end":{"line":71,"column":7}},{"start":{},"end":{}}],"line":68},"4":{"loc":{"start":{"line":74,"column":6},"end":{"line":77,"column":7}},"type":"if","locations":[{"start":{"line":74,"column":6},"end":{"line":77,"column":7}},{"start":{},"end":{}}],"line":74},"5":{"loc":{"start":{"line":79,"column":6},"end":{"line":82,"column":7}},"type":"if","locations":[{"start":{"line":79,"column":6},"end":{"line":82,"column":7}},{"start":{},"end":{}}],"line":79},"6":{"loc":{"start":{"line":84,"column":6},"end":{"line":87,"column":7}},"type":"if","locations":[{"start":{"line":84,"column":6},"end":{"line":87,"column":7}},{"start":{},"end":{}}],"line":84}},"s":{"0":6,"1":6,"2":6,"3":4,"4":4,"5":3,"6":3,"7":3,"8":2,"9":3,"10":2,"11":1,"12":1,"13":1,"14":6,"15":3,"16":3,"17":3,"18":1,"19":2,"20":2,"21":4,"22":4,"23":0,"24":0,"25":4,"26":0,"27":0,"28":4,"29":0,"30":0,"31":4,"32":4,"33":0,"34":0,"35":4,"36":2,"37":1,"38":1},"f":{"0":4,"1":3,"2":2,"3":3,"4":4},"b":{"0":[3,3,2],"1":[2,1],"2":[1,2],"3":[0,4],"4":[0,4],"5":[0,4],"6":[0,4]},"_coverageSchema":"1a1c01bbd47fc00a2c39e90264f33305004495a9","hash":"d08ec23b7d9a28431d43455cc8150deb13518c69"}
,"C:\\Users\\JenNg\\OneDrive\\Documents\\University of Houston\\Fall 2024\\COSC 4353 - Software Design\\COSC-4353-Animal-Volunteer-System\\backend\\src\\services\\notificationService.js": {"path":"C:\\Users\\JenNg\\OneDrive\\Documents\\University of Houston\\Fall 2024\\COSC 4353 - Software Design\\COSC-4353-Animal-Volunteer-System\\backend\\src\\services\\notificationService.js","statementMap":{"0":{"start":{"line":2,"column":20},"end":{"line":5,"column":1}},"1":{"start":{"line":8,"column":30},"end":{"line":10,"column":3}},"2":{"start":{"line":9,"column":4},"end":{"line":9,"column":25}},"3":{"start":{"line":13,"column":30},"end":{"line":16,"column":3}},"4":{"start":{"line":14,"column":27},"end":{"line":14,"column":43}},"5":{"start":{"line":15,"column":4},"end":{"line":15,"column":84}},"6":{"start":{"line":15,"column":48},"end":{"line":15,"column":82}},"7":{"start":{"line":19,"column":26},"end":{"line":28,"column":3}},"8":{"start":{"line":20,"column":28},"end":{"line":25,"column":5}},"9":{"start":{"line":26,"column":4},"end":{"line":26,"column":43}},"10":{"start":{"line":27,"column":4},"end":{"line":27,"column":27}},"11":{"start":{"line":31,"column":29},"end":{"line":37,"column":3}},"12":{"start":{"line":32,"column":18},"end":{"line":32,"column":83}},"13":{"start":{"line":32,"column":60},"end":{"line":32,"column":82}},"14":{"start":{"line":33,"column":4},"end":{"line":35,"column":5}},"15":{"start":{"line":34,"column":6},"end":{"line":34,"column":47}},"16":{"start":{"line":36,"column":4},"end":{"line":36,"column":16}},"17":{"start":{"line":39,"column":2},"end":{"line":39,"column":101}}},"fnMap":{"0":{"name":"(anonymous_0)","decl":{"start":{"line":8,"column":30},"end":{"line":8,"column":31}},"loc":{"start":{"line":8,"column":36},"end":{"line":10,"column":3}},"line":8},"1":{"name":"(anonymous_1)","decl":{"start":{"line":13,"column":30},"end":{"line":13,"column":31}},"loc":{"start":{"line":13,"column":38},"end":{"line":16,"column":3}},"line":13},"2":{"name":"(anonymous_2)","decl":{"start":{"line":15,"column":30},"end":{"line":15,"column":31}},"loc":{"start":{"line":15,"column":48},"end":{"line":15,"column":82}},"line":15},"3":{"name":"(anonymous_3)","decl":{"start":{"line":19,"column":26},"end":{"line":19,"column":27}},"loc":{"start":{"line":19,"column":45},"end":{"line":28,"column":3}},"line":19},"4":{"name":"(anonymous_4)","decl":{"start":{"line":31,"column":29},"end":{"line":31,"column":30}},"loc":{"start":{"line":31,"column":37},"end":{"line":37,"column":3}},"line":31},"5":{"name":"(anonymous_5)","decl":{"start":{"line":32,"column":42},"end":{"line":32,"column":43}},"loc":{"start":{"line":32,"column":60},"end":{"line":32,"column":82}},"line":32}},"branchMap":{"0":{"loc":{"start":{"line":33,"column":4},"end":{"line":35,"column":5}},"type":"if","locations":[{"start":{"line":33,"column":4},"end":{"line":35,"column":5}},{"start":{},"end":{}}],"line":33}},"s":{"0":6,"1":6,"2":1,"3":6,"4":1,"5":1,"6":1,"7":6,"8":1,"9":1,"10":1,"11":6,"12":2,"13":4,"14":2,"15":1,"16":1,"17":6},"f":{"0":1,"1":1,"2":1,"3":1,"4":2,"5":4},"b":{"0":[1,1]},"_coverageSchema":"1a1c01bbd47fc00a2c39e90264f33305004495a9","hash":"e0c3c893c3a485ab72afaa292988c4f933f6c043"}
,"C:\\Users\\JenNg\\OneDrive\\Documents\\University of Houston\\Fall 2024\\COSC 4353 - Software Design\\COSC-4353-Animal-Volunteer-System\\backend\\src\\services\\profileService.js": {"path":"C:\\Users\\JenNg\\OneDrive\\Documents\\University of Houston\\Fall 2024\\COSC 4353 - Software Design\\COSC-4353-Animal-Volunteer-System\\backend\\src\\services\\profileService.js","statementMap":{"0":{"start":{"line":137,"column":17},"end":{"line":187,"column":3}},"1":{"start":{"line":189,"column":26},"end":{"line":217,"column":1}},"2":{"start":{"line":190,"column":19},"end":{"line":190,"column":21}},"3":{"start":{"line":192,"column":4},"end":{"line":193,"column":84}},"4":{"start":{"line":193,"column":8},"end":{"line":193,"column":84}},"5":{"start":{"line":195,"column":4},"end":{"line":196,"column":85}},"6":{"start":{"line":196,"column":8},"end":{"line":196,"column":85}},"7":{"start":{"line":198,"column":4},"end":{"line":199,"column":69}},"8":{"start":{"line":199,"column":8},"end":{"line":199,"column":69}},"9":{"start":{"line":201,"column":4},"end":{"line":202,"column":76}},"10":{"start":{"line":202,"column":8},"end":{"line":202,"column":76}},"11":{"start":{"line":204,"column":4},"end":{"line":205,"column":53}},"12":{"start":{"line":205,"column":8},"end":{"line":205,"column":53}},"13":{"start":{"line":207,"column":4},"end":{"line":208,"column":71}},"14":{"start":{"line":208,"column":8},"end":{"line":208,"column":71}},"15":{"start":{"line":210,"column":4},"end":{"line":211,"column":62}},"16":{"start":{"line":211,"column":8},"end":{"line":211,"column":62}},"17":{"start":{"line":213,"column":4},"end":{"line":214,"column":84}},"18":{"start":{"line":214,"column":8},"end":{"line":214,"column":84}},"19":{"start":{"line":216,"column":4},"end":{"line":216,"column":18}},"20":{"start":{"line":219,"column":0},"end":{"line":221,"column":2}},"21":{"start":{"line":220,"column":4},"end":{"line":220,"column":71}},"22":{"start":{"line":220,"column":36},"end":{"line":220,"column":69}},"23":{"start":{"line":222,"column":0},"end":{"line":224,"column":4}},"24":{"start":{"line":223,"column":4},"end":{"line":223,"column":20}},"25":{"start":{"line":227,"column":0},"end":{"line":245,"column":2}},"26":{"start":{"line":228,"column":4},"end":{"line":228,"column":56}},"27":{"start":{"line":229,"column":4},"end":{"line":232,"column":5}},"28":{"start":{"line":229,"column":33},"end":{"line":229,"column":66}},"29":{"start":{"line":230,"column":8},"end":{"line":230,"column":66}},"30":{"start":{"line":231,"column":8},"end":{"line":231,"column":66}},"31":{"start":{"line":234,"column":29},"end":{"line":234,"column":57}},"32":{"start":{"line":235,"column":4},"end":{"line":237,"column":5}},"33":{"start":{"line":236,"column":8},"end":{"line":236,"column":87}},"34":{"start":{"line":239,"column":23},"end":{"line":239,"column":65}},"35":{"start":{"line":240,"column":4},"end":{"line":240,"column":30}},"36":{"start":{"line":242,"column":4},"end":{"line":242,"column":52}},"37":{"start":{"line":244,"column":4},"end":{"line":244,"column":48}},"38":{"start":{"line":247,"column":0},"end":{"line":263,"column":2}},"39":{"start":{"line":248,"column":4},"end":{"line":248,"column":56}},"40":{"start":{"line":249,"column":25},"end":{"line":249,"column":81}},"41":{"start":{"line":249,"column":55},"end":{"line":249,"column":80}},"42":{"start":{"line":250,"column":4},"end":{"line":252,"column":5}},"43":{"start":{"line":251,"column":8},"end":{"line":251,"column":61}},"44":{"start":{"line":254,"column":29},"end":{"line":254,"column":57}},"45":{"start":{"line":255,"column":4},"end":{"line":257,"column":5}},"46":{"start":{"line":256,"column":8},"end":{"line":256,"column":87}},"47":{"start":{"line":259,"column":27},"end":{"line":259,"column":53}},"48":{"start":{"line":260,"column":4},"end":{"line":260,"column":52}},"49":{"start":{"line":262,"column":4},"end":{"line":262,"column":52}}},"fnMap":{"0":{"name":"(anonymous_0)","decl":{"start":{"line":189,"column":26},"end":{"line":189,"column":27}},"loc":{"start":{"line":189,"column":43},"end":{"line":217,"column":1}},"line":189},"1":{"name":"(anonymous_1)","decl":{"start":{"line":219,"column":21},"end":{"line":219,"column":22}},"loc":{"start":{"line":219,"column":33},"end":{"line":221,"column":1}},"line":219},"2":{"name":"(anonymous_2)","decl":{"start":{"line":220,"column":25},"end":{"line":220,"column":26}},"loc":{"start":{"line":220,"column":36},"end":{"line":220,"column":69}},"line":220},"3":{"name":"(anonymous_3)","decl":{"start":{"line":222,"column":25},"end":{"line":222,"column":26}},"loc":{"start":{"line":222,"column":31},"end":{"line":224,"column":3}},"line":222},"4":{"name":"(anonymous_4)","decl":{"start":{"line":227,"column":24},"end":{"line":227,"column":25}},"loc":{"start":{"line":227,"column":49},"end":{"line":245,"column":1}},"line":227},"5":{"name":"(anonymous_5)","decl":{"start":{"line":229,"column":22},"end":{"line":229,"column":23}},"loc":{"start":{"line":229,"column":33},"end":{"line":229,"column":66}},"line":229},"6":{"name":"(anonymous_6)","decl":{"start":{"line":247,"column":24},"end":{"line":247,"column":25}},"loc":{"start":{"line":247,"column":49},"end":{"line":263,"column":1}},"line":247},"7":{"name":"(anonymous_7)","decl":{"start":{"line":249,"column":44},"end":{"line":249,"column":45}},"loc":{"start":{"line":249,"column":55},"end":{"line":249,"column":80}},"line":249}},"branchMap":{"0":{"loc":{"start":{"line":192,"column":4},"end":{"line":193,"column":84}},"type":"if","locations":[{"start":{"line":192,"column":4},"end":{"line":193,"column":84}},{"start":{},"end":{}}],"line":192},"1":{"loc":{"start":{"line":192,"column":8},"end":{"line":192,"column":72}},"type":"binary-expr","locations":[{"start":{"line":192,"column":8},"end":{"line":192,"column":36}},{"start":{"line":192,"column":40},"end":{"line":192,"column":72}}],"line":192},"2":{"loc":{"start":{"line":195,"column":4},"end":{"line":196,"column":85}},"type":"if","locations":[{"start":{"line":195,"column":4},"end":{"line":196,"column":85}},{"start":{},"end":{}}],"line":195},"3":{"loc":{"start":{"line":195,"column":8},"end":{"line":195,"column":73}},"type":"binary-expr","locations":[{"start":{"line":195,"column":8},"end":{"line":195,"column":36}},{"start":{"line":195,"column":40},"end":{"line":195,"column":73}}],"line":195},"4":{"loc":{"start":{"line":198,"column":4},"end":{"line":199,"column":69}},"type":"if","locations":[{"start":{"line":198,"column":4},"end":{"line":199,"column":69}},{"start":{},"end":{}}],"line":198},"5":{"loc":{"start":{"line":198,"column":8},"end":{"line":198,"column":65}},"type":"binary-expr","locations":[{"start":{"line":198,"column":8},"end":{"line":198,"column":28}},{"start":{"line":198,"column":32},"end":{"line":198,"column":65}}],"line":198},"6":{"loc":{"start":{"line":201,"column":4},"end":{"line":202,"column":76}},"type":"if","locations":[{"start":{"line":201,"column":4},"end":{"line":202,"column":76}},{"start":{},"end":{}}],"line":201},"7":{"loc":{"start":{"line":201,"column":8},"end":{"line":201,"column":65}},"type":"binary-expr","locations":[{"start":{"line":201,"column":8},"end":{"line":201,"column":32}},{"start":{"line":201,"column":36},"end":{"line":201,"column":65}}],"line":201},"8":{"loc":{"start":{"line":204,"column":4},"end":{"line":205,"column":53}},"type":"if","locations":[{"start":{"line":204,"column":4},"end":{"line":205,"column":53}},{"start":{},"end":{}}],"line":204},"9":{"loc":{"start":{"line":207,"column":4},"end":{"line":208,"column":71}},"type":"if","locations":[{"start":{"line":207,"column":4},"end":{"line":208,"column":71}},{"start":{},"end":{}}],"line":207},"10":{"loc":{"start":{"line":207,"column":8},"end":{"line":207,"column":103}},"type":"binary-expr","locations":[{"start":{"line":207,"column":8},"end":{"line":207,"column":35}},{"start":{"line":207,"column":39},"end":{"line":207,"column":69}},{"start":{"line":207,"column":73},"end":{"line":207,"column":103}}],"line":207},"11":{"loc":{"start":{"line":210,"column":4},"end":{"line":211,"column":62}},"type":"if","locations":[{"start":{"line":210,"column":4},"end":{"line":211,"column":62}},{"start":{},"end":{}}],"line":210},"12":{"loc":{"start":{"line":213,"column":4},"end":{"line":214,"column":84}},"type":"if","locations":[{"start":{"line":213,"column":4},"end":{"line":214,"column":84}},{"start":{},"end":{}}],"line":213},"13":{"loc":{"start":{"line":229,"column":4},"end":{"line":232,"column":5}},"type":"if","locations":[{"start":{"line":229,"column":4},"end":{"line":232,"column":5}},{"start":{},"end":{}}],"line":229},"14":{"loc":{"start":{"line":235,"column":4},"end":{"line":237,"column":5}},"type":"if","locations":[{"start":{"line":235,"column":4},"end":{"line":237,"column":5}},{"start":{},"end":{}}],"line":235},"15":{"loc":{"start":{"line":250,"column":4},"end":{"line":252,"column":5}},"type":"if","locations":[{"start":{"line":250,"column":4},"end":{"line":252,"column":5}},{"start":{},"end":{}}],"line":250},"16":{"loc":{"start":{"line":255,"column":4},"end":{"line":257,"column":5}},"type":"if","locations":[{"start":{"line":255,"column":4},"end":{"line":257,"column":5}},{"start":{},"end":{}}],"line":255}},"s":{"0":9,"1":9,"2":1,"3":1,"4":0,"5":1,"6":0,"7":1,"8":0,"9":1,"10":0,"11":1,"12":0,"13":1,"14":0,"15":1,"16":0,"17":1,"18":0,"19":1,"20":9,"21":2,"22":5,"23":9,"24":0,"25":9,"26":2,"27":2,"28":4,"29":2,"30":2,"31":0,"32":0,"33":0,"34":0,"35":0,"36":0,"37":0,"38":9,"39":2,"40":2,"41":5,"42":2,"43":1,"44":1,"45":1,"46":0,"47":1,"48":1,"49":1},"f":{"0":1,"1":2,"2":5,"3":0,"4":2,"5":4,"6":2,"7":5},"b":{"0":[0,1],"1":[1,1],"2":[0,1],"3":[1,1],"4":[0,1],"5":[1,0],"6":[0,1],"7":[1,1],"8":[0,1],"9":[0,1],"10":[1,1,1],"11":[0,1],"12":[0,1],"13":[2,0],"14":[0,0],"15":[1,1],"16":[0,1]},"_coverageSchema":"1a1c01bbd47fc00a2c39e90264f33305004495a9","hash":"e1395fee63a6a5168fd5f167912f6ca5bf141519"}
,"C:\\Users\\JenNg\\OneDrive\\Documents\\University of Houston\\Fall 2024\\COSC 4353 - Software Design\\COSC-4353-Animal-Volunteer-System\\backend\\src\\utils\\validators.js": {"path":"C:\\Users\\JenNg\\OneDrive\\Documents\\University of Houston\\Fall 2024\\COSC 4353 - Software Design\\COSC-4353-Animal-Volunteer-System\\backend\\src\\utils\\validators.js","statementMap":{"0":{"start":{"line":5,"column":35},"end":{"line":5,"column":63}},"1":{"start":{"line":7,"column":0},"end":{"line":22,"column":2}},"2":{"start":{"line":16,"column":23},"end":{"line":16,"column":44}},"3":{"start":{"line":17,"column":8},"end":{"line":19,"column":9}},"4":{"start":{"line":18,"column":12},"end":{"line":18,"column":68}},"5":{"start":{"line":20,"column":8},"end":{"line":20,"column":15}},"6":{"start":{"line":24,"column":0},"end":{"line":36,"column":2}},"7":{"start":{"line":30,"column":23},"end":{"line":30,"column":44}},"8":{"start":{"line":31,"column":8},"end":{"line":33,"column":9}},"9":{"start":{"line":32,"column":12},"end":{"line":32,"column":68}},"10":{"start":{"line":34,"column":8},"end":{"line":34,"column":15}}},"fnMap":{"0":{"name":"(anonymous_0)","decl":{"start":{"line":15,"column":4},"end":{"line":15,"column":5}},"loc":{"start":{"line":15,"column":24},"end":{"line":21,"column":5}},"line":15},"1":{"name":"(anonymous_1)","decl":{"start":{"line":29,"column":4},"end":{"line":29,"column":5}},"loc":{"start":{"line":29,"column":24},"end":{"line":35,"column":5}},"line":29}},"branchMap":{"0":{"loc":{"start":{"line":17,"column":8},"end":{"line":19,"column":9}},"type":"if","locations":[{"start":{"line":17,"column":8},"end":{"line":19,"column":9}},{"start":{},"end":{}}],"line":17},"1":{"loc":{"start":{"line":31,"column":8},"end":{"line":33,"column":9}},"type":"if","locations":[{"start":{"line":31,"column":8},"end":{"line":33,"column":9}},{"start":{},"end":{}}],"line":31}},"s":{"0":4,"1":4,"2":10,"3":10,"4":3,"5":7,"6":4,"7":10,"8":10,"9":2,"10":8},"f":{"0":10,"1":10},"b":{"0":[3,7],"1":[2,8]},"_coverageSchema":"1a1c01bbd47fc00a2c39e90264f33305004495a9","hash":"db85cd36d11255457f64e0cea4cd9b332f8900c5"}
}
