{"C:\\Users\\JenNg\\OneDrive\\Documents\\University of Houston\\Fall 2024\\COSC 4353 - Software Design\\COSC-4353-Animal-Volunteer-System\\backend\\src\\app.js": {"path":"C:\\Users\\JenNg\\OneDrive\\Documents\\University of Houston\\Fall 2024\\COSC 4353 - Software Design\\COSC-4353-Animal-Volunteer-System\\backend\\src\\app.js","statementMap":{"0":{"start":{"line":1,"column":0},"end":{"line":1,"column":27}},"1":{"start":{"line":2,"column":16},"end":{"line":2,"column":34}},"2":{"start":{"line":3,"column":19},"end":{"line":3,"column":41}},"3":{"start":{"line":4,"column":13},"end":{"line":4,"column":28}},"4":{"start":{"line":5,"column":19},"end":{"line":5,"column":49}},"5":{"start":{"line":6,"column":27},"end":{"line":6,"column":65}},"6":{"start":{"line":7,"column":20},"end":{"line":7,"column":51}},"7":{"start":{"line":8,"column":23},"end":{"line":8,"column":57}},"8":{"start":{"line":9,"column":22},"end":{"line":9,"column":55}},"9":{"start":{"line":10,"column":22},"end":{"line":10,"column":55}},"10":{"start":{"line":12,"column":12},"end":{"line":12,"column":21}},"11":{"start":{"line":15,"column":0},"end":{"line":15,"column":27}},"12":{"start":{"line":16,"column":0},"end":{"line":16,"column":16}},"13":{"start":{"line":19,"column":0},"end":{"line":21,"column":3}},"14":{"start":{"line":20,"column":4},"end":{"line":20,"column":48}},"15":{"start":{"line":24,"column":0},"end":{"line":24,"column":33}},"16":{"start":{"line":25,"column":0},"end":{"line":25,"column":50}},"17":{"start":{"line":26,"column":0},"end":{"line":26,"column":41}},"18":{"start":{"line":27,"column":0},"end":{"line":27,"column":56}},"19":{"start":{"line":28,"column":0},"end":{"line":28,"column":39}},"20":{"start":{"line":29,"column":0},"end":{"line":29,"column":44}},"21":{"start":{"line":32,"column":0},"end":{"line":35,"column":2}},"22":{"start":{"line":33,"column":4},"end":{"line":33,"column":29}},"23":{"start":{"line":34,"column":4},"end":{"line":34,"column":63}},"24":{"start":{"line":37,"column":13},"end":{"line":37,"column":33}},"25":{"start":{"line":38,"column":20},"end":{"line":38,"column":53}},"26":{"start":{"line":40,"column":0},"end":{"line":42,"column":3}},"27":{"start":{"line":41,"column":4},"end":{"line":41,"column":49}},"28":{"start":{"line":44,"column":0},"end":{"line":49,"column":1}},"29":{"start":{"line":45,"column":17},"end":{"line":45,"column":41}},"30":{"start":{"line":46,"column":4},"end":{"line":48,"column":7}},"31":{"start":{"line":47,"column":6},"end":{"line":47,"column":52}},"32":{"start":{"line":51,"column":0},"end":{"line":51,"column":21}}},"fnMap":{"0":{"name":"(anonymous_0)","decl":{"start":{"line":19,"column":13},"end":{"line":19,"column":14}},"loc":{"start":{"line":19,"column":27},"end":{"line":21,"column":1}},"line":19},"1":{"name":"(anonymous_1)","decl":{"start":{"line":32,"column":8},"end":{"line":32,"column":9}},"loc":{"start":{"line":32,"column":33},"end":{"line":35,"column":1}},"line":32},"2":{"name":"(anonymous_2)","decl":{"start":{"line":40,"column":27},"end":{"line":40,"column":28}},"loc":{"start":{"line":40,"column":33},"end":{"line":42,"column":1}},"line":40},"3":{"name":"(anonymous_3)","decl":{"start":{"line":46,"column":21},"end":{"line":46,"column":22}},"loc":{"start":{"line":46,"column":27},"end":{"line":48,"column":5}},"line":46}},"branchMap":{"0":{"loc":{"start":{"line":44,"column":0},"end":{"line":49,"column":1}},"type":"if","locations":[{"start":{"line":44,"column":0},"end":{"line":49,"column":1}},{"start":{},"end":{}}],"line":44},"1":{"loc":{"start":{"line":45,"column":17},"end":{"line":45,"column":41}},"type":"binary-expr","locations":[{"start":{"line":45,"column":17},"end":{"line":45,"column":33}},{"start":{"line":45,"column":37},"end":{"line":45,"column":41}}],"line":45}},"s":{"0":2,"1":2,"2":2,"3":2,"4":2,"5":2,"6":2,"7":2,"8":2,"9":2,"10":2,"11":2,"12":2,"13":2,"14":1,"15":2,"16":2,"17":2,"18":2,"19":2,"20":2,"21":2,"22":0,"23":0,"24":2,"25":2,"26":2,"27":0,"28":2,"29":0,"30":0,"31":0,"32":2},"f":{"0":1,"1":0,"2":0,"3":0},"b":{"0":[0,2],"1":[0,0]},"_coverageSchema":"1a1c01bbd47fc00a2c39e90264f33305004495a9","hash":"65429c49514da6c118225d8c539fca661de8b46a"}
,"C:\\Users\\JenNg\\OneDrive\\Documents\\University of Houston\\Fall 2024\\COSC 4353 - Software Design\\COSC-4353-Animal-Volunteer-System\\backend\\src\\controllers\\authController.js": {"path":"C:\\Users\\JenNg\\OneDrive\\Documents\\University of Houston\\Fall 2024\\COSC 4353 - Software Design\\COSC-4353-Animal-Volunteer-System\\backend\\src\\controllers\\authController.js","statementMap":{"0":{"start":{"line":1,"column":20},"end":{"line":1,"column":54}},"1":{"start":{"line":3,"column":0},"end":{"line":20,"column":2}},"2":{"start":{"line":4,"column":38},"end":{"line":4,"column":46}},"3":{"start":{"line":6,"column":4},"end":{"line":8,"column":5}},"4":{"start":{"line":7,"column":8},"end":{"line":7,"column":84}},"5":{"start":{"line":10,"column":21},"end":{"line":10,"column":68}},"6":{"start":{"line":11,"column":4},"end":{"line":19,"column":5}},"7":{"start":{"line":12,"column":8},"end":{"line":16,"column":11}},"8":{"start":{"line":18,"column":8},"end":{"line":18,"column":79}},"9":{"start":{"line":22,"column":0},"end":{"line":31,"column":2}},"10":{"start":{"line":23,"column":32},"end":{"line":23,"column":40}},"11":{"start":{"line":25,"column":21},"end":{"line":25,"column":59}},"12":{"start":{"line":26,"column":4},"end":{"line":30,"column":5}},"13":{"start":{"line":27,"column":8},"end":{"line":27,"column":84}},"14":{"start":{"line":29,"column":8},"end":{"line":29,"column":79}},"15":{"start":{"line":33,"column":0},"end":{"line":44,"column":2}},"16":{"start":{"line":34,"column":4},"end":{"line":43,"column":5}},"17":{"start":{"line":35,"column":27},"end":{"line":35,"column":57}},"18":{"start":{"line":36,"column":8},"end":{"line":40,"column":13}},"19":{"start":{"line":36,"column":57},"end":{"line":40,"column":9}},"20":{"start":{"line":42,"column":8},"end":{"line":42,"column":85}},"21":{"start":{"line":46,"column":0},"end":{"line":57,"column":2}},"22":{"start":{"line":47,"column":4},"end":{"line":56,"column":5}},"23":{"start":{"line":48,"column":27},"end":{"line":48,"column":64}},"24":{"start":{"line":49,"column":8},"end":{"line":53,"column":13}},"25":{"start":{"line":49,"column":57},"end":{"line":53,"column":9}},"26":{"start":{"line":55,"column":8},"end":{"line":55,"column":96}}},"fnMap":{"0":{"name":"(anonymous_0)","decl":{"start":{"line":3,"column":19},"end":{"line":3,"column":20}},"loc":{"start":{"line":3,"column":33},"end":{"line":20,"column":1}},"line":3},"1":{"name":"(anonymous_1)","decl":{"start":{"line":22,"column":16},"end":{"line":22,"column":17}},"loc":{"start":{"line":22,"column":30},"end":{"line":31,"column":1}},"line":22},"2":{"name":"(anonymous_2)","decl":{"start":{"line":33,"column":27},"end":{"line":33,"column":28}},"loc":{"start":{"line":33,"column":41},"end":{"line":44,"column":1}},"line":33},"3":{"name":"(anonymous_3)","decl":{"start":{"line":36,"column":51},"end":{"line":36,"column":52}},"loc":{"start":{"line":36,"column":57},"end":{"line":40,"column":9}},"line":36},"4":{"name":"(anonymous_4)","decl":{"start":{"line":46,"column":34},"end":{"line":46,"column":35}},"loc":{"start":{"line":46,"column":48},"end":{"line":57,"column":1}},"line":46},"5":{"name":"(anonymous_5)","decl":{"start":{"line":49,"column":51},"end":{"line":49,"column":52}},"loc":{"start":{"line":49,"column":57},"end":{"line":53,"column":9}},"line":49}},"branchMap":{"0":{"loc":{"start":{"line":6,"column":4},"end":{"line":8,"column":5}},"type":"if","locations":[{"start":{"line":6,"column":4},"end":{"line":8,"column":5}},{"start":{},"end":{}}],"line":6},"1":{"loc":{"start":{"line":6,"column":8},"end":{"line":6,"column":27}},"type":"binary-expr","locations":[{"start":{"line":6,"column":8},"end":{"line":6,"column":14}},{"start":{"line":6,"column":18},"end":{"line":6,"column":27}}],"line":6},"2":{"loc":{"start":{"line":11,"column":4},"end":{"line":19,"column":5}},"type":"if","locations":[{"start":{"line":11,"column":4},"end":{"line":19,"column":5}},{"start":{"line":17,"column":11},"end":{"line":19,"column":5}}],"line":11},"3":{"loc":{"start":{"line":26,"column":4},"end":{"line":30,"column":5}},"type":"if","locations":[{"start":{"line":26,"column":4},"end":{"line":30,"column":5}},{"start":{"line":28,"column":11},"end":{"line":30,"column":5}}],"line":26},"4":{"loc":{"start":{"line":39,"column":22},"end":{"line":39,"column":43}},"type":"binary-expr","locations":[{"start":{"line":39,"column":22},"end":{"line":39,"column":32}},{"start":{"line":39,"column":36},"end":{"line":39,"column":43}}],"line":39},"5":{"loc":{"start":{"line":52,"column":22},"end":{"line":52,"column":43}},"type":"binary-expr","locations":[{"start":{"line":52,"column":22},"end":{"line":52,"column":32}},{"start":{"line":52,"column":36},"end":{"line":52,"column":43}}],"line":52}},"s":{"0":3,"1":3,"2":5,"3":5,"4":1,"5":4,"6":4,"7":3,"8":1,"9":3,"10":4,"11":4,"12":4,"13":3,"14":1,"15":3,"16":2,"17":2,"18":1,"19":2,"20":1,"21":3,"22":2,"23":2,"24":1,"25":2,"26":1},"f":{"0":5,"1":4,"2":2,"3":2,"4":2,"5":2},"b":{"0":[1,4],"1":[5,4],"2":[3,1],"3":[3,1],"4":[2,0],"5":[2,0]},"_coverageSchema":"1a1c01bbd47fc00a2c39e90264f33305004495a9","hash":"2be6b6bdcb2e1cc41c11cf36cea08a280d11b833"}
,"C:\\Users\\JenNg\\OneDrive\\Documents\\University of Houston\\Fall 2024\\COSC 4353 - Software Design\\COSC-4353-Animal-Volunteer-System\\backend\\src\\controllers\\eventController.js": {"path":"C:\\Users\\JenNg\\OneDrive\\Documents\\University of Houston\\Fall 2024\\COSC 4353 - Software Design\\COSC-4353-Animal-Volunteer-System\\backend\\src\\controllers\\eventController.js","statementMap":{"0":{"start":{"line":1,"column":21},"end":{"line":1,"column":56}},"1":{"start":{"line":4,"column":0},"end":{"line":17,"column":2}},"2":{"start":{"line":5,"column":2},"end":{"line":16,"column":3}},"3":{"start":{"line":6,"column":4},"end":{"line":6,"column":56}},"4":{"start":{"line":7,"column":19},"end":{"line":7,"column":59}},"5":{"start":{"line":8,"column":4},"end":{"line":8,"column":33}},"6":{"start":{"line":10,"column":4},"end":{"line":10,"column":50}},"7":{"start":{"line":11,"column":4},"end":{"line":15,"column":5}},"8":{"start":{"line":12,"column":6},"end":{"line":12,"column":70}},"9":{"start":{"line":14,"column":6},"end":{"line":14,"column":87}},"10":{"start":{"line":20,"column":0},"end":{"line":28,"column":2}},"11":{"start":{"line":21,"column":2},"end":{"line":27,"column":3}},"12":{"start":{"line":22,"column":19},"end":{"line":22,"column":52}},"13":{"start":{"line":23,"column":4},"end":{"line":23,"column":33}},"14":{"start":{"line":25,"column":4},"end":{"line":25,"column":51}},"15":{"start":{"line":26,"column":4},"end":{"line":26,"column":85}},"16":{"start":{"line":31,"column":0},"end":{"line":44,"column":2}},"17":{"start":{"line":32,"column":2},"end":{"line":43,"column":3}},"18":{"start":{"line":33,"column":4},"end":{"line":33,"column":58}},"19":{"start":{"line":34,"column":18},"end":{"line":34,"column":64}},"20":{"start":{"line":35,"column":4},"end":{"line":35,"column":32}},"21":{"start":{"line":37,"column":4},"end":{"line":37,"column":50}},"22":{"start":{"line":38,"column":4},"end":{"line":42,"column":5}},"23":{"start":{"line":39,"column":6},"end":{"line":39,"column":55}},"24":{"start":{"line":41,"column":6},"end":{"line":41,"column":87}},"25":{"start":{"line":47,"column":0},"end":{"line":63,"column":2}},"26":{"start":{"line":48,"column":2},"end":{"line":62,"column":3}},"27":{"start":{"line":49,"column":4},"end":{"line":49,"column":59}},"28":{"start":{"line":50,"column":4},"end":{"line":50,"column":56}},"29":{"start":{"line":51,"column":19},"end":{"line":51,"column":74}},"30":{"start":{"line":52,"column":4},"end":{"line":52,"column":33}},"31":{"start":{"line":54,"column":4},"end":{"line":54,"column":50}},"32":{"start":{"line":55,"column":4},"end":{"line":61,"column":5}},"33":{"start":{"line":56,"column":6},"end":{"line":56,"column":55}},"34":{"start":{"line":57,"column":11},"end":{"line":61,"column":5}},"35":{"start":{"line":58,"column":6},"end":{"line":58,"column":70}},"36":{"start":{"line":60,"column":6},"end":{"line":60,"column":87}},"37":{"start":{"line":66,"column":0},"end":{"line":79,"column":2}},"38":{"start":{"line":67,"column":2},"end":{"line":78,"column":3}},"39":{"start":{"line":68,"column":4},"end":{"line":68,"column":59}},"40":{"start":{"line":69,"column":19},"end":{"line":69,"column":64}},"41":{"start":{"line":70,"column":4},"end":{"line":70,"column":33}},"42":{"start":{"line":72,"column":4},"end":{"line":72,"column":50}},"43":{"start":{"line":73,"column":4},"end":{"line":77,"column":5}},"44":{"start":{"line":74,"column":6},"end":{"line":74,"column":55}},"45":{"start":{"line":76,"column":6},"end":{"line":76,"column":87}},"46":{"start":{"line":82,"column":0},"end":{"line":90,"column":2}},"47":{"start":{"line":83,"column":2},"end":{"line":89,"column":3}},"48":{"start":{"line":84,"column":20},"end":{"line":84,"column":55}},"49":{"start":{"line":85,"column":4},"end":{"line":85,"column":34}},"50":{"start":{"line":87,"column":4},"end":{"line":87,"column":57}},"51":{"start":{"line":88,"column":4},"end":{"line":88,"column":85}}},"fnMap":{"0":{"name":"(anonymous_0)","decl":{"start":{"line":4,"column":22},"end":{"line":4,"column":23}},"loc":{"start":{"line":4,"column":42},"end":{"line":17,"column":1}},"line":4},"1":{"name":"(anonymous_1)","decl":{"start":{"line":20,"column":23},"end":{"line":20,"column":24}},"loc":{"start":{"line":20,"column":43},"end":{"line":28,"column":1}},"line":20},"2":{"name":"(anonymous_2)","decl":{"start":{"line":31,"column":23},"end":{"line":31,"column":24}},"loc":{"start":{"line":31,"column":43},"end":{"line":44,"column":1}},"line":31},"3":{"name":"(anonymous_3)","decl":{"start":{"line":47,"column":22},"end":{"line":47,"column":23}},"loc":{"start":{"line":47,"column":42},"end":{"line":63,"column":1}},"line":47},"4":{"name":"(anonymous_4)","decl":{"start":{"line":66,"column":22},"end":{"line":66,"column":23}},"loc":{"start":{"line":66,"column":42},"end":{"line":79,"column":1}},"line":66},"5":{"name":"(anonymous_5)","decl":{"start":{"line":82,"column":25},"end":{"line":82,"column":26}},"loc":{"start":{"line":82,"column":45},"end":{"line":90,"column":1}},"line":82}},"branchMap":{"0":{"loc":{"start":{"line":11,"column":4},"end":{"line":15,"column":5}},"type":"if","locations":[{"start":{"line":11,"column":4},"end":{"line":15,"column":5}},{"start":{"line":13,"column":11},"end":{"line":15,"column":5}}],"line":11},"1":{"loc":{"start":{"line":12,"column":37},"end":{"line":12,"column":66}},"type":"binary-expr","locations":[{"start":{"line":12,"column":37},"end":{"line":12,"column":49}},{"start":{"line":12,"column":53},"end":{"line":12,"column":66}}],"line":12},"2":{"loc":{"start":{"line":38,"column":4},"end":{"line":42,"column":5}},"type":"if","locations":[{"start":{"line":38,"column":4},"end":{"line":42,"column":5}},{"start":{"line":40,"column":11},"end":{"line":42,"column":5}}],"line":38},"3":{"loc":{"start":{"line":55,"column":4},"end":{"line":61,"column":5}},"type":"if","locations":[{"start":{"line":55,"column":4},"end":{"line":61,"column":5}},{"start":{"line":57,"column":11},"end":{"line":61,"column":5}}],"line":55},"4":{"loc":{"start":{"line":57,"column":11},"end":{"line":61,"column":5}},"type":"if","locations":[{"start":{"line":57,"column":11},"end":{"line":61,"column":5}},{"start":{"line":59,"column":11},"end":{"line":61,"column":5}}],"line":57},"5":{"loc":{"start":{"line":58,"column":37},"end":{"line":58,"column":66}},"type":"binary-expr","locations":[{"start":{"line":58,"column":37},"end":{"line":58,"column":49}},{"start":{"line":58,"column":53},"end":{"line":58,"column":66}}],"line":58},"6":{"loc":{"start":{"line":73,"column":4},"end":{"line":77,"column":5}},"type":"if","locations":[{"start":{"line":73,"column":4},"end":{"line":77,"column":5}},{"start":{"line":75,"column":11},"end":{"line":77,"column":5}}],"line":73}},"s":{"0":5,"1":5,"2":4,"3":4,"4":4,"5":2,"6":2,"7":2,"8":1,"9":1,"10":5,"11":3,"12":3,"13":3,"14":0,"15":0,"16":5,"17":4,"18":4,"19":4,"20":2,"21":2,"22":2,"23":2,"24":0,"25":5,"26":4,"27":4,"28":4,"29":4,"30":2,"31":2,"32":2,"33":1,"34":1,"35":1,"36":0,"37":5,"38":4,"39":4,"40":4,"41":2,"42":2,"43":2,"44":2,"45":0,"46":5,"47":1,"48":1,"49":1,"50":0,"51":0},"f":{"0":4,"1":3,"2":4,"3":4,"4":4,"5":1},"b":{"0":[1,1],"1":[1,0],"2":[2,0],"3":[1,1],"4":[1,0],"5":[1,0],"6":[2,0]},"_coverageSchema":"1a1c01bbd47fc00a2c39e90264f33305004495a9","hash":"12ca31b1bdfeb171e412a1769033ef62d6eec19a"}
,"C:\\Users\\JenNg\\OneDrive\\Documents\\University of Houston\\Fall 2024\\COSC 4353 - Software Design\\COSC-4353-Animal-Volunteer-System\\backend\\src\\controllers\\historyController.js": {"path":"C:\\Users\\JenNg\\OneDrive\\Documents\\University of Houston\\Fall 2024\\COSC 4353 - Software Design\\COSC-4353-Animal-Volunteer-System\\backend\\src\\controllers\\historyController.js","statementMap":{"0":{"start":{"line":1,"column":23},"end":{"line":1,"column":60}},"1":{"start":{"line":3,"column":0},"end":{"line":7,"column":2}},"2":{"start":{"line":4,"column":4},"end":{"line":4,"column":60}},"3":{"start":{"line":5,"column":23},"end":{"line":5,"column":53}},"4":{"start":{"line":6,"column":4},"end":{"line":6,"column":37}},"5":{"start":{"line":9,"column":0},"end":{"line":20,"column":2}},"6":{"start":{"line":10,"column":19},"end":{"line":10,"column":50}},"7":{"start":{"line":11,"column":4},"end":{"line":11,"column":68}},"8":{"start":{"line":12,"column":23},"end":{"line":12,"column":53}},"9":{"start":{"line":13,"column":24},"end":{"line":13,"column":80}},"10":{"start":{"line":13,"column":52},"end":{"line":13,"column":79}},"11":{"start":{"line":15,"column":4},"end":{"line":17,"column":5}},"12":{"start":{"line":16,"column":8},"end":{"line":16,"column":83}},"13":{"start":{"line":19,"column":4},"end":{"line":19,"column":38}},"14":{"start":{"line":22,"column":0},"end":{"line":36,"column":2}},"15":{"start":{"line":23,"column":19},"end":{"line":23,"column":29}},"16":{"start":{"line":24,"column":23},"end":{"line":24,"column":31}},"17":{"start":{"line":26,"column":4},"end":{"line":28,"column":5}},"18":{"start":{"line":27,"column":8},"end":{"line":27,"column":65}},"19":{"start":{"line":30,"column":4},"end":{"line":32,"column":5}},"20":{"start":{"line":31,"column":8},"end":{"line":31,"column":96}},"21":{"start":{"line":34,"column":19},"end":{"line":34,"column":69}},"22":{"start":{"line":35,"column":4},"end":{"line":35,"column":43}},"23":{"start":{"line":38,"column":0},"end":{"line":61,"column":2}},"24":{"start":{"line":39,"column":4},"end":{"line":60,"column":5}},"25":{"start":{"line":40,"column":41},"end":{"line":40,"column":49}},"26":{"start":{"line":42,"column":8},"end":{"line":46,"column":9}},"27":{"start":{"line":43,"column":12},"end":{"line":45,"column":15}},"28":{"start":{"line":48,"column":23},"end":{"line":52,"column":9}},"29":{"start":{"line":54,"column":8},"end":{"line":54,"column":37}},"30":{"start":{"line":56,"column":8},"end":{"line":56,"column":65}},"31":{"start":{"line":57,"column":8},"end":{"line":59,"column":11}}},"fnMap":{"0":{"name":"(anonymous_0)","decl":{"start":{"line":3,"column":24},"end":{"line":3,"column":25}},"loc":{"start":{"line":3,"column":38},"end":{"line":7,"column":1}},"line":3},"1":{"name":"(anonymous_1)","decl":{"start":{"line":9,"column":21},"end":{"line":9,"column":22}},"loc":{"start":{"line":9,"column":35},"end":{"line":20,"column":1}},"line":9},"2":{"name":"(anonymous_2)","decl":{"start":{"line":13,"column":42},"end":{"line":13,"column":43}},"loc":{"start":{"line":13,"column":52},"end":{"line":13,"column":79}},"line":13},"3":{"name":"(anonymous_3)","decl":{"start":{"line":22,"column":30},"end":{"line":22,"column":31}},"loc":{"start":{"line":22,"column":44},"end":{"line":36,"column":1}},"line":22},"4":{"name":"(anonymous_4)","decl":{"start":{"line":38,"column":37},"end":{"line":38,"column":38}},"loc":{"start":{"line":38,"column":57},"end":{"line":61,"column":1}},"line":38}},"branchMap":{"0":{"loc":{"start":{"line":15,"column":4},"end":{"line":17,"column":5}},"type":"if","locations":[{"start":{"line":15,"column":4},"end":{"line":17,"column":5}},{"start":{},"end":{}}],"line":15},"1":{"loc":{"start":{"line":26,"column":4},"end":{"line":28,"column":5}},"type":"if","locations":[{"start":{"line":26,"column":4},"end":{"line":28,"column":5}},{"start":{},"end":{}}],"line":26},"2":{"loc":{"start":{"line":30,"column":4},"end":{"line":32,"column":5}},"type":"if","locations":[{"start":{"line":30,"column":4},"end":{"line":32,"column":5}},{"start":{},"end":{}}],"line":30},"3":{"loc":{"start":{"line":30,"column":8},"end":{"line":30,"column":80}},"type":"binary-expr","locations":[{"start":{"line":30,"column":8},"end":{"line":30,"column":32}},{"start":{"line":30,"column":36},"end":{"line":30,"column":80}}],"line":30},"4":{"loc":{"start":{"line":42,"column":8},"end":{"line":46,"column":9}},"type":"if","locations":[{"start":{"line":42,"column":8},"end":{"line":46,"column":9}},{"start":{},"end":{}}],"line":42},"5":{"loc":{"start":{"line":42,"column":12},"end":{"line":42,"column":36}},"type":"binary-expr","locations":[{"start":{"line":42,"column":12},"end":{"line":42,"column":24}},{"start":{"line":42,"column":28},"end":{"line":42,"column":36}}],"line":42},"6":{"loc":{"start":{"line":57,"column":19},"end":{"line":57,"column":38}},"type":"binary-expr","locations":[{"start":{"line":57,"column":19},"end":{"line":57,"column":31}},{"start":{"line":57,"column":35},"end":{"line":57,"column":38}}],"line":57},"7":{"loc":{"start":{"line":58,"column":21},"end":{"line":58,"column":71}},"type":"binary-expr","locations":[{"start":{"line":58,"column":21},"end":{"line":58,"column":34}},{"start":{"line":58,"column":38},"end":{"line":58,"column":71}}],"line":58}},"s":{"0":4,"1":4,"2":1,"3":1,"4":1,"5":4,"6":2,"7":2,"8":2,"9":2,"10":2,"11":2,"12":1,"13":1,"14":4,"15":2,"16":2,"17":2,"18":0,"19":2,"20":1,"21":1,"22":1,"23":4,"24":0,"25":0,"26":0,"27":0,"28":0,"29":0,"30":0,"31":0},"f":{"0":1,"1":2,"2":2,"3":2,"4":0},"b":{"0":[1,1],"1":[0,2],"2":[1,1],"3":[2,1],"4":[0,0],"5":[0,0],"6":[0,0],"7":[0,0]},"_coverageSchema":"1a1c01bbd47fc00a2c39e90264f33305004495a9","hash":"ffa82176fcc29a75aaf3a07f8ea1885b9df3c7e0"}
,"C:\\Users\\JenNg\\OneDrive\\Documents\\University of Houston\\Fall 2024\\COSC 4353 - Software Design\\COSC-4353-Animal-Volunteer-System\\backend\\src\\controllers\\matchingController.js": {"path":"C:\\Users\\JenNg\\OneDrive\\Documents\\University of Houston\\Fall 2024\\COSC 4353 - Software Design\\COSC-4353-Animal-Volunteer-System\\backend\\src\\controllers\\matchingController.js","statementMap":{"0":{"start":{"line":1,"column":24},"end":{"line":1,"column":62}},"1":{"start":{"line":3,"column":0},"end":{"line":14,"column":2}},"2":{"start":{"line":4,"column":4},"end":{"line":13,"column":5}},"3":{"start":{"line":5,"column":28},"end":{"line":5,"column":38}},"4":{"start":{"line":6,"column":34},"end":{"line":6,"column":87}},"5":{"start":{"line":7,"column":8},"end":{"line":7,"column":48}},"6":{"start":{"line":9,"column":8},"end":{"line":9,"column":58}},"7":{"start":{"line":10,"column":8},"end":{"line":12,"column":11}},"8":{"start":{"line":16,"column":0},"end":{"line":26,"column":2}},"9":{"start":{"line":17,"column":4},"end":{"line":25,"column":5}},"10":{"start":{"line":18,"column":29},"end":{"line":18,"column":68}},"11":{"start":{"line":19,"column":8},"end":{"line":19,"column":43}},"12":{"start":{"line":21,"column":8},"end":{"line":21,"column":62}},"13":{"start":{"line":22,"column":8},"end":{"line":24,"column":11}},"14":{"start":{"line":28,"column":0},"end":{"line":52,"column":2}},"15":{"start":{"line":29,"column":4},"end":{"line":51,"column":5}},"16":{"start":{"line":30,"column":41},"end":{"line":30,"column":49}},"17":{"start":{"line":32,"column":8},"end":{"line":34,"column":9}},"18":{"start":{"line":33,"column":12},"end":{"line":33,"column":95}},"19":{"start":{"line":36,"column":31},"end":{"line":36,"column":68}},"20":{"start":{"line":37,"column":8},"end":{"line":37,"column":65}},"21":{"start":{"line":39,"column":23},"end":{"line":43,"column":9}},"22":{"start":{"line":45,"column":8},"end":{"line":45,"column":37}},"23":{"start":{"line":47,"column":8},"end":{"line":47,"column":67}},"24":{"start":{"line":48,"column":8},"end":{"line":50,"column":11}}},"fnMap":{"0":{"name":"(anonymous_0)","decl":{"start":{"line":3,"column":32},"end":{"line":3,"column":33}},"loc":{"start":{"line":3,"column":52},"end":{"line":14,"column":1}},"line":3},"1":{"name":"(anonymous_1)","decl":{"start":{"line":16,"column":26},"end":{"line":16,"column":27}},"loc":{"start":{"line":16,"column":46},"end":{"line":26,"column":1}},"line":16},"2":{"name":"(anonymous_2)","decl":{"start":{"line":28,"column":32},"end":{"line":28,"column":33}},"loc":{"start":{"line":28,"column":52},"end":{"line":52,"column":1}},"line":28}},"branchMap":{"0":{"loc":{"start":{"line":10,"column":19},"end":{"line":10,"column":38}},"type":"binary-expr","locations":[{"start":{"line":10,"column":19},"end":{"line":10,"column":31}},{"start":{"line":10,"column":35},"end":{"line":10,"column":38}}],"line":10},"1":{"loc":{"start":{"line":11,"column":21},"end":{"line":11,"column":74}},"type":"binary-expr","locations":[{"start":{"line":11,"column":21},"end":{"line":11,"column":34}},{"start":{"line":11,"column":38},"end":{"line":11,"column":74}}],"line":11},"2":{"loc":{"start":{"line":32,"column":8},"end":{"line":34,"column":9}},"type":"if","locations":[{"start":{"line":32,"column":8},"end":{"line":34,"column":9}},{"start":{},"end":{}}],"line":32},"3":{"loc":{"start":{"line":32,"column":12},"end":{"line":32,"column":36}},"type":"binary-expr","locations":[{"start":{"line":32,"column":12},"end":{"line":32,"column":24}},{"start":{"line":32,"column":28},"end":{"line":32,"column":36}}],"line":32},"4":{"loc":{"start":{"line":48,"column":19},"end":{"line":48,"column":38}},"type":"binary-expr","locations":[{"start":{"line":48,"column":19},"end":{"line":48,"column":31}},{"start":{"line":48,"column":35},"end":{"line":48,"column":38}}],"line":48},"5":{"loc":{"start":{"line":49,"column":21},"end":{"line":49,"column":73}},"type":"binary-expr","locations":[{"start":{"line":49,"column":21},"end":{"line":49,"column":34}},{"start":{"line":49,"column":38},"end":{"line":49,"column":73}}],"line":49}},"s":{"0":4,"1":4,"2":1,"3":1,"4":1,"5":0,"6":1,"7":1,"8":4,"9":2,"10":2,"11":1,"12":1,"13":1,"14":4,"15":1,"16":1,"17":1,"18":0,"19":1,"20":1,"21":1,"22":0,"23":1,"24":1},"f":{"0":1,"1":2,"2":1},"b":{"0":[1,1],"1":[1,0],"2":[0,1],"3":[1,1],"4":[1,1],"5":[1,0]},"_coverageSchema":"1a1c01bbd47fc00a2c39e90264f33305004495a9","hash":"185e8e9e58eb8f633aee1ce8eab8ac550c3773f8"}
,"C:\\Users\\JenNg\\OneDrive\\Documents\\University of Houston\\Fall 2024\\COSC 4353 - Software Design\\COSC-4353-Animal-Volunteer-System\\backend\\src\\controllers\\notificationController.js": {"path":"C:\\Users\\JenNg\\OneDrive\\Documents\\University of Houston\\Fall 2024\\COSC 4353 - Software Design\\COSC-4353-Animal-Volunteer-System\\backend\\src\\controllers\\notificationController.js","statementMap":{"0":{"start":{"line":1,"column":28},"end":{"line":1,"column":70}},"1":{"start":{"line":3,"column":25},"end":{"line":6,"column":1}},"2":{"start":{"line":4,"column":24},"end":{"line":4,"column":65}},"3":{"start":{"line":5,"column":2},"end":{"line":5,"column":42}},"4":{"start":{"line":8,"column":24},"end":{"line":21,"column":1}},"5":{"start":{"line":9,"column":13},"end":{"line":9,"column":40}},"6":{"start":{"line":11,"column":2},"end":{"line":13,"column":3}},"7":{"start":{"line":12,"column":4},"end":{"line":12,"column":59}},"8":{"start":{"line":15,"column":23},"end":{"line":15,"column":66}},"9":{"start":{"line":16,"column":2},"end":{"line":18,"column":3}},"10":{"start":{"line":17,"column":4},"end":{"line":17,"column":71}},"11":{"start":{"line":20,"column":2},"end":{"line":20,"column":41}},"12":{"start":{"line":24,"column":24},"end":{"line":31,"column":1}},"13":{"start":{"line":25,"column":28},"end":{"line":25,"column":36}},"14":{"start":{"line":26,"column":2},"end":{"line":28,"column":3}},"15":{"start":{"line":27,"column":4},"end":{"line":27,"column":83}},"16":{"start":{"line":29,"column":26},"end":{"line":29,"column":76}},"17":{"start":{"line":30,"column":2},"end":{"line":30,"column":88}},"18":{"start":{"line":34,"column":27},"end":{"line":45,"column":1}},"19":{"start":{"line":35,"column":17},"end":{"line":35,"column":27}},"20":{"start":{"line":36,"column":25},"end":{"line":36,"column":41}},"21":{"start":{"line":37,"column":2},"end":{"line":39,"column":3}},"22":{"start":{"line":38,"column":4},"end":{"line":38,"column":70}},"23":{"start":{"line":40,"column":30},"end":{"line":40,"column":84}},"24":{"start":{"line":41,"column":2},"end":{"line":43,"column":3}},"25":{"start":{"line":42,"column":4},"end":{"line":42,"column":71}},"26":{"start":{"line":44,"column":2},"end":{"line":44,"column":94}},"27":{"start":{"line":47,"column":0},"end":{"line":47,"column":92}}},"fnMap":{"0":{"name":"(anonymous_0)","decl":{"start":{"line":3,"column":25},"end":{"line":3,"column":26}},"loc":{"start":{"line":3,"column":39},"end":{"line":6,"column":1}},"line":3},"1":{"name":"(anonymous_1)","decl":{"start":{"line":8,"column":24},"end":{"line":8,"column":25}},"loc":{"start":{"line":8,"column":38},"end":{"line":21,"column":1}},"line":8},"2":{"name":"(anonymous_2)","decl":{"start":{"line":24,"column":24},"end":{"line":24,"column":25}},"loc":{"start":{"line":24,"column":38},"end":{"line":31,"column":1}},"line":24},"3":{"name":"(anonymous_3)","decl":{"start":{"line":34,"column":27},"end":{"line":34,"column":28}},"loc":{"start":{"line":34,"column":41},"end":{"line":45,"column":1}},"line":34}},"branchMap":{"0":{"loc":{"start":{"line":11,"column":2},"end":{"line":13,"column":3}},"type":"if","locations":[{"start":{"line":11,"column":2},"end":{"line":13,"column":3}},{"start":{},"end":{}}],"line":11},"1":{"loc":{"start":{"line":16,"column":2},"end":{"line":18,"column":3}},"type":"if","locations":[{"start":{"line":16,"column":2},"end":{"line":18,"column":3}},{"start":{},"end":{}}],"line":16},"2":{"loc":{"start":{"line":26,"column":2},"end":{"line":28,"column":3}},"type":"if","locations":[{"start":{"line":26,"column":2},"end":{"line":28,"column":3}},{"start":{},"end":{}}],"line":26},"3":{"loc":{"start":{"line":26,"column":6},"end":{"line":26,"column":23}},"type":"binary-expr","locations":[{"start":{"line":26,"column":6},"end":{"line":26,"column":11}},{"start":{"line":26,"column":15},"end":{"line":26,"column":23}}],"line":26},"4":{"loc":{"start":{"line":37,"column":2},"end":{"line":39,"column":3}},"type":"if","locations":[{"start":{"line":37,"column":2},"end":{"line":39,"column":3}},{"start":{},"end":{}}],"line":37},"5":{"loc":{"start":{"line":41,"column":2},"end":{"line":43,"column":3}},"type":"if","locations":[{"start":{"line":41,"column":2},"end":{"line":43,"column":3}},{"start":{},"end":{}}],"line":41}},"s":{"0":4,"1":4,"2":2,"3":2,"4":4,"5":3,"6":3,"7":1,"8":2,"9":2,"10":1,"11":1,"12":4,"13":4,"14":4,"15":2,"16":2,"17":2,"18":4,"19":3,"20":3,"21":3,"22":1,"23":2,"24":2,"25":1,"26":1,"27":4},"f":{"0":2,"1":3,"2":4,"3":3},"b":{"0":[1,2],"1":[1,1],"2":[2,2],"3":[4,3],"4":[1,2],"5":[1,1]},"_coverageSchema":"1a1c01bbd47fc00a2c39e90264f33305004495a9","hash":"91e23f736a26de01ae843a9799c463cac1ee784e"}
,"C:\\Users\\JenNg\\OneDrive\\Documents\\University of Houston\\Fall 2024\\COSC 4353 - Software Design\\COSC-4353-Animal-Volunteer-System\\backend\\src\\controllers\\profileController.js": {"path":"C:\\Users\\JenNg\\OneDrive\\Documents\\University of Houston\\Fall 2024\\COSC 4353 - Software Design\\COSC-4353-Animal-Volunteer-System\\backend\\src\\controllers\\profileController.js","statementMap":{"0":{"start":{"line":1,"column":23},"end":{"line":1,"column":60}},"1":{"start":{"line":3,"column":0},"end":{"line":11,"column":2}},"2":{"start":{"line":4,"column":4},"end":{"line":10,"column":5}},"3":{"start":{"line":5,"column":24},"end":{"line":5,"column":61}},"4":{"start":{"line":6,"column":8},"end":{"line":6,"column":38}},"5":{"start":{"line":8,"column":8},"end":{"line":8,"column":57}},"6":{"start":{"line":9,"column":8},"end":{"line":9,"column":67}},"7":{"start":{"line":13,"column":0},"end":{"line":23,"column":2}},"8":{"start":{"line":14,"column":4},"end":{"line":22,"column":5}},"9":{"start":{"line":15,"column":42},"end":{"line":15,"column":50}},"10":{"start":{"line":16,"column":8},"end":{"line":16,"column":87}},"11":{"start":{"line":17,"column":23},"end":{"line":17,"column":84}},"12":{"start":{"line":18,"column":8},"end":{"line":18,"column":47}},"13":{"start":{"line":20,"column":8},"end":{"line":20,"column":63}},"14":{"start":{"line":21,"column":8},"end":{"line":21,"column":89}},"15":{"start":{"line":25,"column":0},"end":{"line":35,"column":2}},"16":{"start":{"line":26,"column":4},"end":{"line":34,"column":5}},"17":{"start":{"line":27,"column":23},"end":{"line":27,"column":33}},"18":{"start":{"line":28,"column":28},"end":{"line":28,"column":36}},"19":{"start":{"line":29,"column":23},"end":{"line":29,"column":78}},"20":{"start":{"line":30,"column":8},"end":{"line":30,"column":47}},"21":{"start":{"line":32,"column":8},"end":{"line":32,"column":56}},"22":{"start":{"line":33,"column":8},"end":{"line":33,"column":67}},"23":{"start":{"line":37,"column":0},"end":{"line":50,"column":2}},"24":{"start":{"line":38,"column":4},"end":{"line":49,"column":5}},"25":{"start":{"line":39,"column":23},"end":{"line":39,"column":33}},"26":{"start":{"line":40,"column":24},"end":{"line":40,"column":63}},"27":{"start":{"line":41,"column":8},"end":{"line":45,"column":9}},"28":{"start":{"line":42,"column":12},"end":{"line":42,"column":42}},"29":{"start":{"line":44,"column":12},"end":{"line":44,"column":67}},"30":{"start":{"line":47,"column":8},"end":{"line":47,"column":53}},"31":{"start":{"line":48,"column":8},"end":{"line":48,"column":67}}},"fnMap":{"0":{"name":"(anonymous_0)","decl":{"start":{"line":3,"column":25},"end":{"line":3,"column":26}},"loc":{"start":{"line":3,"column":45},"end":{"line":11,"column":1}},"line":3},"1":{"name":"(anonymous_1)","decl":{"start":{"line":13,"column":31},"end":{"line":13,"column":32}},"loc":{"start":{"line":13,"column":51},"end":{"line":23,"column":1}},"line":13},"2":{"name":"(anonymous_2)","decl":{"start":{"line":25,"column":24},"end":{"line":25,"column":25}},"loc":{"start":{"line":25,"column":44},"end":{"line":35,"column":1}},"line":25},"3":{"name":"(anonymous_3)","decl":{"start":{"line":37,"column":21},"end":{"line":37,"column":22}},"loc":{"start":{"line":37,"column":41},"end":{"line":50,"column":1}},"line":37}},"branchMap":{"0":{"loc":{"start":{"line":41,"column":8},"end":{"line":45,"column":9}},"type":"if","locations":[{"start":{"line":41,"column":8},"end":{"line":45,"column":9}},{"start":{"line":43,"column":15},"end":{"line":45,"column":9}}],"line":41}},"s":{"0":4,"1":4,"2":2,"3":2,"4":1,"5":1,"6":1,"7":4,"8":2,"9":2,"10":2,"11":2,"12":1,"13":1,"14":1,"15":4,"16":2,"17":2,"18":2,"19":2,"20":1,"21":1,"22":1,"23":4,"24":3,"25":3,"26":3,"27":2,"28":1,"29":1,"30":1,"31":1},"f":{"0":2,"1":2,"2":2,"3":3},"b":{"0":[1,1]},"_coverageSchema":"1a1c01bbd47fc00a2c39e90264f33305004495a9","hash":"21792d738b031275fb6d139e16c3812008e31d84"}
,"C:\\Users\\JenNg\\OneDrive\\Documents\\University of Houston\\Fall 2024\\COSC 4353 - Software Design\\COSC-4353-Animal-Volunteer-System\\backend\\src\\middleware\\authMiddleware.js": {"path":"C:\\Users\\JenNg\\OneDrive\\Documents\\University of Houston\\Fall 2024\\COSC 4353 - Software Design\\COSC-4353-Animal-Volunteer-System\\backend\\src\\middleware\\authMiddleware.js","statementMap":{"0":{"start":{"line":1,"column":12},"end":{"line":1,"column":35}},"1":{"start":{"line":4,"column":20},"end":{"line":23,"column":1}},"2":{"start":{"line":5,"column":23},"end":{"line":5,"column":51}},"3":{"start":{"line":6,"column":4},"end":{"line":8,"column":5}},"4":{"start":{"line":7,"column":8},"end":{"line":7,"column":70}},"5":{"start":{"line":10,"column":18},"end":{"line":10,"column":42}},"6":{"start":{"line":11,"column":4},"end":{"line":13,"column":5}},"7":{"start":{"line":12,"column":8},"end":{"line":12,"column":68}},"8":{"start":{"line":15,"column":4},"end":{"line":22,"column":7}},"9":{"start":{"line":16,"column":8},"end":{"line":18,"column":9}},"10":{"start":{"line":17,"column":12},"end":{"line":17,"column":85}},"11":{"start":{"line":19,"column":8},"end":{"line":19,"column":32}},"12":{"start":{"line":20,"column":8},"end":{"line":20,"column":36}},"13":{"start":{"line":21,"column":8},"end":{"line":21,"column":15}},"14":{"start":{"line":26,"column":20},"end":{"line":31,"column":1}},"15":{"start":{"line":27,"column":4},"end":{"line":29,"column":5}},"16":{"start":{"line":28,"column":8},"end":{"line":28,"column":82}},"17":{"start":{"line":30,"column":4},"end":{"line":30,"column":11}},"18":{"start":{"line":33,"column":0},"end":{"line":33,"column":46}}},"fnMap":{"0":{"name":"(anonymous_0)","decl":{"start":{"line":4,"column":20},"end":{"line":4,"column":21}},"loc":{"start":{"line":4,"column":40},"end":{"line":23,"column":1}},"line":4},"1":{"name":"(anonymous_1)","decl":{"start":{"line":15,"column":46},"end":{"line":15,"column":47}},"loc":{"start":{"line":15,"column":64},"end":{"line":22,"column":5}},"line":15},"2":{"name":"(anonymous_2)","decl":{"start":{"line":26,"column":20},"end":{"line":26,"column":21}},"loc":{"start":{"line":26,"column":40},"end":{"line":31,"column":1}},"line":26}},"branchMap":{"0":{"loc":{"start":{"line":6,"column":4},"end":{"line":8,"column":5}},"type":"if","locations":[{"start":{"line":6,"column":4},"end":{"line":8,"column":5}},{"start":{},"end":{}}],"line":6},"1":{"loc":{"start":{"line":11,"column":4},"end":{"line":13,"column":5}},"type":"if","locations":[{"start":{"line":11,"column":4},"end":{"line":13,"column":5}},{"start":{},"end":{}}],"line":11},"2":{"loc":{"start":{"line":16,"column":8},"end":{"line":18,"column":9}},"type":"if","locations":[{"start":{"line":16,"column":8},"end":{"line":18,"column":9}},{"start":{},"end":{}}],"line":16},"3":{"loc":{"start":{"line":27,"column":4},"end":{"line":29,"column":5}},"type":"if","locations":[{"start":{"line":27,"column":4},"end":{"line":29,"column":5}},{"start":{},"end":{}}],"line":27}},"s":{"0":6,"1":6,"2":3,"3":3,"4":1,"5":2,"6":2,"7":0,"8":2,"9":2,"10":1,"11":1,"12":1,"13":1,"14":6,"15":2,"16":1,"17":1,"18":6},"f":{"0":3,"1":2,"2":2},"b":{"0":[1,2],"1":[0,2],"2":[1,1],"3":[1,1]},"_coverageSchema":"1a1c01bbd47fc00a2c39e90264f33305004495a9","hash":"248ada8216d7615b8512aea4956d53f20fb7dd51"}
,"C:\\Users\\JenNg\\OneDrive\\Documents\\University of Houston\\Fall 2024\\COSC 4353 - Software Design\\COSC-4353-Animal-Volunteer-System\\backend\\src\\middleware\\eventMiddleware.js": {"path":"C:\\Users\\JenNg\\OneDrive\\Documents\\University of Houston\\Fall 2024\\COSC 4353 - Software Design\\COSC-4353-Animal-Volunteer-System\\backend\\src\\middleware\\eventMiddleware.js","statementMap":{"0":{"start":{"line":2,"column":16},"end":{"line":2,"column":37}},"1":{"start":{"line":3,"column":2},"end":{"line":3,"column":44}},"2":{"start":{"line":3,"column":31},"end":{"line":3,"column":44}},"3":{"start":{"line":4,"column":15},"end":{"line":4,"column":35}},"4":{"start":{"line":5,"column":2},"end":{"line":5,"column":96}},"5":{"start":{"line":9,"column":16},"end":{"line":9,"column":45}},"6":{"start":{"line":10,"column":2},"end":{"line":10,"column":32}},"7":{"start":{"line":13,"column":27},"end":{"line":85,"column":1}},"8":{"start":{"line":14,"column":128},"end":{"line":14,"column":136}},"9":{"start":{"line":15,"column":17},"end":{"line":15,"column":19}},"10":{"start":{"line":17,"column":2},"end":{"line":21,"column":3}},"11":{"start":{"line":18,"column":4},"end":{"line":18,"column":48}},"12":{"start":{"line":19,"column":9},"end":{"line":21,"column":3}},"13":{"start":{"line":20,"column":4},"end":{"line":20,"column":67}},"14":{"start":{"line":23,"column":2},"end":{"line":25,"column":3}},"15":{"start":{"line":24,"column":4},"end":{"line":24,"column":62}},"16":{"start":{"line":27,"column":0},"end":{"line":31,"column":1}},"17":{"start":{"line":28,"column":2},"end":{"line":28,"column":44}},"18":{"start":{"line":29,"column":7},"end":{"line":31,"column":1}},"19":{"start":{"line":30,"column":2},"end":{"line":30,"column":63}},"20":{"start":{"line":33,"column":0},"end":{"line":37,"column":1}},"21":{"start":{"line":34,"column":2},"end":{"line":34,"column":35}},"22":{"start":{"line":35,"column":7},"end":{"line":37,"column":1}},"23":{"start":{"line":36,"column":2},"end":{"line":36,"column":54}},"24":{"start":{"line":39,"column":20},"end":{"line":45,"column":1}},"25":{"start":{"line":46,"column":0},"end":{"line":48,"column":1}},"26":{"start":{"line":47,"column":2},"end":{"line":47,"column":43}},"27":{"start":{"line":50,"column":0},"end":{"line":54,"column":1}},"28":{"start":{"line":51,"column":2},"end":{"line":51,"column":42}},"29":{"start":{"line":52,"column":7},"end":{"line":54,"column":1}},"30":{"start":{"line":53,"column":2},"end":{"line":53,"column":65}},"31":{"start":{"line":57,"column":2},"end":{"line":59,"column":3}},"32":{"start":{"line":58,"column":4},"end":{"line":58,"column":61}},"33":{"start":{"line":61,"column":29},"end":{"line":61,"column":66}},"34":{"start":{"line":62,"column":2},"end":{"line":64,"column":3}},"35":{"start":{"line":63,"column":4},"end":{"line":63,"column":55}},"36":{"start":{"line":66,"column":2},"end":{"line":68,"column":3}},"37":{"start":{"line":67,"column":4},"end":{"line":67,"column":54}},"38":{"start":{"line":70,"column":2},"end":{"line":72,"column":3}},"39":{"start":{"line":71,"column":4},"end":{"line":71,"column":54}},"40":{"start":{"line":73,"column":2},"end":{"line":75,"column":3}},"41":{"start":{"line":74,"column":4},"end":{"line":74,"column":50}},"42":{"start":{"line":76,"column":2},"end":{"line":78,"column":3}},"43":{"start":{"line":77,"column":4},"end":{"line":77,"column":57}},"44":{"start":{"line":80,"column":2},"end":{"line":82,"column":3}},"45":{"start":{"line":81,"column":4},"end":{"line":81,"column":44}},"46":{"start":{"line":84,"column":2},"end":{"line":84,"column":9}},"47":{"start":{"line":88,"column":0},"end":{"line":88,"column":40}}},"fnMap":{"0":{"name":"isValidDate","decl":{"start":{"line":1,"column":9},"end":{"line":1,"column":20}},"loc":{"start":{"line":1,"column":33},"end":{"line":6,"column":1}},"line":1},"1":{"name":"isValidTime","decl":{"start":{"line":8,"column":9},"end":{"line":8,"column":20}},"loc":{"start":{"line":8,"column":33},"end":{"line":11,"column":1}},"line":8},"2":{"name":"(anonymous_2)","decl":{"start":{"line":13,"column":27},"end":{"line":13,"column":28}},"loc":{"start":{"line":13,"column":47},"end":{"line":85,"column":1}},"line":13}},"branchMap":{"0":{"loc":{"start":{"line":3,"column":2},"end":{"line":3,"column":44}},"type":"if","locations":[{"start":{"line":3,"column":2},"end":{"line":3,"column":44}},{"start":{},"end":{}}],"line":3},"1":{"loc":{"start":{"line":5,"column":9},"end":{"line":5,"column":95}},"type":"binary-expr","locations":[{"start":{"line":5,"column":9},"end":{"line":5,"column":29}},{"start":{"line":5,"column":33},"end":{"line":5,"column":45}},{"start":{"line":5,"column":49},"end":{"line":5,"column":95}}],"line":5},"2":{"loc":{"start":{"line":17,"column":2},"end":{"line":21,"column":3}},"type":"if","locations":[{"start":{"line":17,"column":2},"end":{"line":21,"column":3}},{"start":{"line":19,"column":9},"end":{"line":21,"column":3}}],"line":17},"3":{"loc":{"start":{"line":17,"column":6},"end":{"line":17,"column":82}},"type":"binary-expr","locations":[{"start":{"line":17,"column":6},"end":{"line":17,"column":16}},{"start":{"line":17,"column":20},"end":{"line":17,"column":49}},{"start":{"line":17,"column":53},"end":{"line":17,"column":82}}],"line":17},"4":{"loc":{"start":{"line":19,"column":9},"end":{"line":21,"column":3}},"type":"if","locations":[{"start":{"line":19,"column":9},"end":{"line":21,"column":3}},{"start":{},"end":{}}],"line":19},"5":{"loc":{"start":{"line":23,"column":2},"end":{"line":25,"column":3}},"type":"if","locations":[{"start":{"line":23,"column":2},"end":{"line":25,"column":3}},{"start":{},"end":{}}],"line":23},"6":{"loc":{"start":{"line":23,"column":6},"end":{"line":23,"column":103}},"type":"binary-expr","locations":[{"start":{"line":23,"column":6},"end":{"line":23,"column":23}},{"start":{"line":23,"column":27},"end":{"line":23,"column":63}},{"start":{"line":23,"column":67},"end":{"line":23,"column":103}}],"line":23},"7":{"loc":{"start":{"line":27,"column":0},"end":{"line":31,"column":1}},"type":"if","locations":[{"start":{"line":27,"column":0},"end":{"line":31,"column":1}},{"start":{"line":29,"column":7},"end":{"line":31,"column":1}}],"line":27},"8":{"loc":{"start":{"line":27,"column":4},"end":{"line":27,"column":77}},"type":"binary-expr","locations":[{"start":{"line":27,"column":4},"end":{"line":27,"column":13}},{"start":{"line":27,"column":17},"end":{"line":27,"column":45}},{"start":{"line":27,"column":49},"end":{"line":27,"column":77}}],"line":27},"9":{"loc":{"start":{"line":29,"column":7},"end":{"line":31,"column":1}},"type":"if","locations":[{"start":{"line":29,"column":7},"end":{"line":31,"column":1}},{"start":{},"end":{}}],"line":29},"10":{"loc":{"start":{"line":33,"column":0},"end":{"line":37,"column":1}},"type":"if","locations":[{"start":{"line":33,"column":0},"end":{"line":37,"column":1}},{"start":{"line":35,"column":7},"end":{"line":37,"column":1}}],"line":33},"11":{"loc":{"start":{"line":33,"column":4},"end":{"line":33,"column":65}},"type":"binary-expr","locations":[{"start":{"line":33,"column":4},"end":{"line":33,"column":9}},{"start":{"line":33,"column":13},"end":{"line":33,"column":37}},{"start":{"line":33,"column":41},"end":{"line":33,"column":65}}],"line":33},"12":{"loc":{"start":{"line":35,"column":7},"end":{"line":37,"column":1}},"type":"if","locations":[{"start":{"line":35,"column":7},"end":{"line":37,"column":1}},{"start":{},"end":{}}],"line":35},"13":{"loc":{"start":{"line":46,"column":0},"end":{"line":48,"column":1}},"type":"if","locations":[{"start":{"line":46,"column":0},"end":{"line":48,"column":1}},{"start":{},"end":{}}],"line":46},"14":{"loc":{"start":{"line":46,"column":4},"end":{"line":46,"column":42}},"type":"binary-expr","locations":[{"start":{"line":46,"column":4},"end":{"line":46,"column":10}},{"start":{"line":46,"column":14},"end":{"line":46,"column":42}}],"line":46},"15":{"loc":{"start":{"line":50,"column":0},"end":{"line":54,"column":1}},"type":"if","locations":[{"start":{"line":50,"column":0},"end":{"line":54,"column":1}},{"start":{"line":52,"column":7},"end":{"line":54,"column":1}}],"line":50},"16":{"loc":{"start":{"line":50,"column":4},"end":{"line":50,"column":74}},"type":"binary-expr","locations":[{"start":{"line":50,"column":4},"end":{"line":50,"column":12}},{"start":{"line":50,"column":16},"end":{"line":50,"column":43}},{"start":{"line":50,"column":47},"end":{"line":50,"column":74}}],"line":50},"17":{"loc":{"start":{"line":52,"column":7},"end":{"line":54,"column":1}},"type":"if","locations":[{"start":{"line":52,"column":7},"end":{"line":54,"column":1}},{"start":{},"end":{}}],"line":52},"18":{"loc":{"start":{"line":52,"column":11},"end":{"line":52,"column":51}},"type":"binary-expr","locations":[{"start":{"line":52,"column":11},"end":{"line":52,"column":29}},{"start":{"line":52,"column":33},"end":{"line":52,"column":51}}],"line":52},"19":{"loc":{"start":{"line":57,"column":2},"end":{"line":59,"column":3}},"type":"if","locations":[{"start":{"line":57,"column":2},"end":{"line":59,"column":3}},{"start":{},"end":{}}],"line":57},"20":{"loc":{"start":{"line":57,"column":6},"end":{"line":57,"column":67}},"type":"binary-expr","locations":[{"start":{"line":57,"column":6},"end":{"line":57,"column":36}},{"start":{"line":57,"column":40},"end":{"line":57,"column":67}}],"line":57},"21":{"loc":{"start":{"line":62,"column":2},"end":{"line":64,"column":3}},"type":"if","locations":[{"start":{"line":62,"column":2},"end":{"line":64,"column":3}},{"start":{},"end":{}}],"line":62},"22":{"loc":{"start":{"line":62,"column":6},"end":{"line":62,"column":55}},"type":"binary-expr","locations":[{"start":{"line":62,"column":6},"end":{"line":62,"column":14}},{"start":{"line":62,"column":18},"end":{"line":62,"column":55}}],"line":62},"23":{"loc":{"start":{"line":66,"column":2},"end":{"line":68,"column":3}},"type":"if","locations":[{"start":{"line":66,"column":2},"end":{"line":68,"column":3}},{"start":{},"end":{}}],"line":66},"24":{"loc":{"start":{"line":66,"column":6},"end":{"line":66,"column":43}},"type":"binary-expr","locations":[{"start":{"line":66,"column":6},"end":{"line":66,"column":16}},{"start":{"line":66,"column":20},"end":{"line":66,"column":43}}],"line":66},"25":{"loc":{"start":{"line":70,"column":2},"end":{"line":72,"column":3}},"type":"if","locations":[{"start":{"line":70,"column":2},"end":{"line":72,"column":3}},{"start":{},"end":{}}],"line":70},"26":{"loc":{"start":{"line":70,"column":6},"end":{"line":70,"column":43}},"type":"binary-expr","locations":[{"start":{"line":70,"column":6},"end":{"line":70,"column":16}},{"start":{"line":70,"column":20},"end":{"line":70,"column":43}}],"line":70},"27":{"loc":{"start":{"line":73,"column":2},"end":{"line":75,"column":3}},"type":"if","locations":[{"start":{"line":73,"column":2},"end":{"line":75,"column":3}},{"start":{},"end":{}}],"line":73},"28":{"loc":{"start":{"line":73,"column":6},"end":{"line":73,"column":39}},"type":"binary-expr","locations":[{"start":{"line":73,"column":6},"end":{"line":73,"column":14}},{"start":{"line":73,"column":18},"end":{"line":73,"column":39}}],"line":73},"29":{"loc":{"start":{"line":76,"column":2},"end":{"line":78,"column":3}},"type":"if","locations":[{"start":{"line":76,"column":2},"end":{"line":78,"column":3}},{"start":{},"end":{}}],"line":76},"30":{"loc":{"start":{"line":76,"column":6},"end":{"line":76,"column":50}},"type":"binary-expr","locations":[{"start":{"line":76,"column":6},"end":{"line":76,"column":15}},{"start":{"line":76,"column":19},"end":{"line":76,"column":26}},{"start":{"line":76,"column":30},"end":{"line":76,"column":50}}],"line":76},"31":{"loc":{"start":{"line":80,"column":2},"end":{"line":82,"column":3}},"type":"if","locations":[{"start":{"line":80,"column":2},"end":{"line":82,"column":3}},{"start":{},"end":{}}],"line":80}},"s":{"0":2,"1":2,"2":1,"3":1,"4":1,"5":6,"6":6,"7":4,"8":10,"9":10,"10":10,"11":8,"12":2,"13":1,"14":10,"15":9,"16":10,"17":9,"18":1,"19":0,"20":10,"21":9,"22":1,"23":0,"24":10,"25":10,"26":9,"27":10,"28":8,"29":2,"30":1,"31":10,"32":9,"33":10,"34":10,"35":9,"36":10,"37":9,"38":10,"39":8,"40":10,"41":7,"42":10,"43":2,"44":10,"45":9,"46":1,"47":4},"f":{"0":2,"1":6,"2":10},"b":{"0":[1,1],"1":[1,1,1],"2":[8,2],"3":[10,2,2],"4":[1,1],"5":[9,1],"6":[10,1,1],"7":[9,1],"8":[10,1,1],"9":[0,1],"10":[9,1],"11":[10,1,1],"12":[0,1],"13":[9,1],"14":[10,2],"15":[8,2],"16":[10,2,2],"17":[1,1],"18":[2,1],"19":[9,1],"20":[10,2],"21":[9,1],"22":[10,2],"23":[9,1],"24":[10,2],"25":[8,2],"26":[10,3],"27":[7,3],"28":[10,3],"29":[2,8],"30":[10,3,3],"31":[9,1]},"_coverageSchema":"1a1c01bbd47fc00a2c39e90264f33305004495a9","hash":"4b5538319f365eea38e31a4e6bba4c0d4a85aa93"}
,"C:\\Users\\JenNg\\OneDrive\\Documents\\University of Houston\\Fall 2024\\COSC 4353 - Software Design\\COSC-4353-Animal-Volunteer-System\\backend\\src\\middleware\\notificationMiddleware.js": {"path":"C:\\Users\\JenNg\\OneDrive\\Documents\\University of Houston\\Fall 2024\\COSC 4353 - Software Design\\COSC-4353-Animal-Volunteer-System\\backend\\src\\middleware\\notificationMiddleware.js","statementMap":{"0":{"start":{"line":1,"column":29},"end":{"line":17,"column":3}},"1":{"start":{"line":2,"column":30},"end":{"line":2,"column":38}},"2":{"start":{"line":4,"column":4},"end":{"line":8,"column":5}},"3":{"start":{"line":5,"column":6},"end":{"line":7,"column":9}},"4":{"start":{"line":10,"column":4},"end":{"line":14,"column":5}},"5":{"start":{"line":11,"column":6},"end":{"line":13,"column":9}},"6":{"start":{"line":16,"column":4},"end":{"line":16,"column":11}},"7":{"start":{"line":19,"column":2},"end":{"line":19,"column":44}}},"fnMap":{"0":{"name":"(anonymous_0)","decl":{"start":{"line":1,"column":29},"end":{"line":1,"column":30}},"loc":{"start":{"line":1,"column":49},"end":{"line":17,"column":3}},"line":1}},"branchMap":{"0":{"loc":{"start":{"line":4,"column":4},"end":{"line":8,"column":5}},"type":"if","locations":[{"start":{"line":4,"column":4},"end":{"line":8,"column":5}},{"start":{},"end":{}}],"line":4},"1":{"loc":{"start":{"line":4,"column":8},"end":{"line":4,"column":41}},"type":"binary-expr","locations":[{"start":{"line":4,"column":8},"end":{"line":4,"column":13}},{"start":{"line":4,"column":17},"end":{"line":4,"column":41}}],"line":4},"2":{"loc":{"start":{"line":10,"column":4},"end":{"line":14,"column":5}},"type":"if","locations":[{"start":{"line":10,"column":4},"end":{"line":14,"column":5}},{"start":{},"end":{}}],"line":10},"3":{"loc":{"start":{"line":10,"column":8},"end":{"line":10,"column":47}},"type":"binary-expr","locations":[{"start":{"line":10,"column":8},"end":{"line":10,"column":16}},{"start":{"line":10,"column":20},"end":{"line":10,"column":47}}],"line":10}},"s":{"0":4,"1":4,"2":4,"3":1,"4":3,"5":1,"6":2,"7":4},"f":{"0":4},"b":{"0":[1,3],"1":[4,3],"2":[1,2],"3":[3,2]},"_coverageSchema":"1a1c01bbd47fc00a2c39e90264f33305004495a9","hash":"1f567a8c7fee1e222cbca053175ebd1f8e55d690"}
,"C:\\Users\\JenNg\\OneDrive\\Documents\\University of Houston\\Fall 2024\\COSC 4353 - Software Design\\COSC-4353-Animal-Volunteer-System\\backend\\src\\routes\\authRoutes.js": {"path":"C:\\Users\\JenNg\\OneDrive\\Documents\\University of Houston\\Fall 2024\\COSC 4353 - Software Design\\COSC-4353-Animal-Volunteer-System\\backend\\src\\routes\\authRoutes.js","statementMap":{"0":{"start":{"line":1,"column":16},"end":{"line":1,"column":34}},"1":{"start":{"line":2,"column":15},"end":{"line":2,"column":31}},"2":{"start":{"line":3,"column":48},"end":{"line":3,"column":78}},"3":{"start":{"line":4,"column":26},"end":{"line":4,"column":69}},"4":{"start":{"line":5,"column":23},"end":{"line":5,"column":63}},"5":{"start":{"line":6,"column":23},"end":{"line":6,"column":62}},"6":{"start":{"line":7,"column":20},"end":{"line":7,"column":54}},"7":{"start":{"line":10,"column":0},"end":{"line":12,"column":3}},"8":{"start":{"line":11,"column":4},"end":{"line":11,"column":26}},"9":{"start":{"line":14,"column":0},"end":{"line":14,"column":72}},"10":{"start":{"line":15,"column":0},"end":{"line":15,"column":59}},"11":{"start":{"line":17,"column":0},"end":{"line":17,"column":57}},"12":{"start":{"line":18,"column":0},"end":{"line":21,"column":3}},"13":{"start":{"line":19,"column":23},"end":{"line":19,"column":59}},"14":{"start":{"line":20,"column":4},"end":{"line":20,"column":25}},"15":{"start":{"line":22,"column":0},"end":{"line":22,"column":105}},"16":{"start":{"line":24,"column":0},"end":{"line":24,"column":24}}},"fnMap":{"0":{"name":"(anonymous_0)","decl":{"start":{"line":10,"column":20},"end":{"line":10,"column":21}},"loc":{"start":{"line":10,"column":34},"end":{"line":12,"column":1}},"line":10},"1":{"name":"(anonymous_1)","decl":{"start":{"line":18,"column":26},"end":{"line":18,"column":27}},"loc":{"start":{"line":18,"column":46},"end":{"line":21,"column":1}},"line":18}},"branchMap":{},"s":{"0":2,"1":2,"2":2,"3":2,"4":2,"5":2,"6":2,"7":2,"8":1,"9":2,"10":2,"11":2,"12":2,"13":1,"14":1,"15":2,"16":2},"f":{"0":1,"1":1},"b":{},"_coverageSchema":"1a1c01bbd47fc00a2c39e90264f33305004495a9","hash":"b076d81b54fa4f709ad5874faf3ed153e1fa8253"}
,"C:\\Users\\JenNg\\OneDrive\\Documents\\University of Houston\\Fall 2024\\COSC 4353 - Software Design\\COSC-4353-Animal-Volunteer-System\\backend\\src\\routes\\eventRoutes.js": {"path":"C:\\Users\\JenNg\\OneDrive\\Documents\\University of Houston\\Fall 2024\\COSC 4353 - Software Design\\COSC-4353-Animal-Volunteer-System\\backend\\src\\routes\\eventRoutes.js","statementMap":{"0":{"start":{"line":1,"column":16},"end":{"line":1,"column":34}},"1":{"start":{"line":2,"column":15},"end":{"line":2,"column":31}},"2":{"start":{"line":3,"column":37},"end":{"line":3,"column":76}},"3":{"start":{"line":4,"column":24},"end":{"line":4,"column":65}},"4":{"start":{"line":5,"column":31},"end":{"line":5,"column":71}},"5":{"start":{"line":7,"column":0},"end":{"line":7,"column":59}},"6":{"start":{"line":8,"column":0},"end":{"line":8,"column":86}},"7":{"start":{"line":9,"column":0},"end":{"line":9,"column":75}},"8":{"start":{"line":10,"column":0},"end":{"line":10,"column":72}},"9":{"start":{"line":11,"column":0},"end":{"line":11,"column":74}},"10":{"start":{"line":12,"column":0},"end":{"line":12,"column":77}},"11":{"start":{"line":14,"column":0},"end":{"line":14,"column":24}}},"fnMap":{},"branchMap":{},"s":{"0":3,"1":3,"2":3,"3":3,"4":3,"5":3,"6":3,"7":3,"8":3,"9":3,"10":3,"11":3},"f":{},"b":{},"_coverageSchema":"1a1c01bbd47fc00a2c39e90264f33305004495a9","hash":"5899db8ab5a72cc60b57ac4439512c3fce5569b0"}
,"C:\\Users\\JenNg\\OneDrive\\Documents\\University of Houston\\Fall 2024\\COSC 4353 - Software Design\\COSC-4353-Animal-Volunteer-System\\backend\\src\\routes\\historyRoutes.js": {"path":"C:\\Users\\JenNg\\OneDrive\\Documents\\University of Houston\\Fall 2024\\COSC 4353 - Software Design\\COSC-4353-Animal-Volunteer-System\\backend\\src\\routes\\historyRoutes.js","statementMap":{"0":{"start":{"line":1,"column":16},"end":{"line":1,"column":34}},"1":{"start":{"line":2,"column":15},"end":{"line":2,"column":31}},"2":{"start":{"line":3,"column":37},"end":{"line":3,"column":76}},"3":{"start":{"line":4,"column":26},"end":{"line":4,"column":69}},"4":{"start":{"line":5,"column":24},"end":{"line":5,"column":65}},"5":{"start":{"line":7,"column":0},"end":{"line":7,"column":92}},"6":{"start":{"line":8,"column":0},"end":{"line":8,"column":66}},"7":{"start":{"line":9,"column":0},"end":{"line":9,"column":84}},"8":{"start":{"line":10,"column":0},"end":{"line":10,"column":101}},"9":{"start":{"line":12,"column":0},"end":{"line":12,"column":24}}},"fnMap":{},"branchMap":{},"s":{"0":3,"1":3,"2":3,"3":3,"4":3,"5":3,"6":3,"7":3,"8":3,"9":3},"f":{},"b":{},"_coverageSchema":"1a1c01bbd47fc00a2c39e90264f33305004495a9","hash":"4ecd1373038339472a13726011f8309af16b28d7"}
,"C:\\Users\\JenNg\\OneDrive\\Documents\\University of Houston\\Fall 2024\\COSC 4353 - Software Design\\COSC-4353-Animal-Volunteer-System\\backend\\src\\routes\\matchingRoutes.js": {"path":"C:\\Users\\JenNg\\OneDrive\\Documents\\University of Houston\\Fall 2024\\COSC 4353 - Software Design\\COSC-4353-Animal-Volunteer-System\\backend\\src\\routes\\matchingRoutes.js","statementMap":{"0":{"start":{"line":1,"column":16},"end":{"line":1,"column":34}},"1":{"start":{"line":2,"column":15},"end":{"line":2,"column":31}},"2":{"start":{"line":3,"column":37},"end":{"line":3,"column":76}},"3":{"start":{"line":4,"column":27},"end":{"line":4,"column":71}},"4":{"start":{"line":6,"column":0},"end":{"line":6,"column":85}},"5":{"start":{"line":7,"column":0},"end":{"line":7,"column":91}},"6":{"start":{"line":8,"column":0},"end":{"line":8,"column":92}},"7":{"start":{"line":10,"column":0},"end":{"line":10,"column":24}}},"fnMap":{},"branchMap":{},"s":{"0":3,"1":3,"2":3,"3":3,"4":3,"5":3,"6":3,"7":3},"f":{},"b":{},"_coverageSchema":"1a1c01bbd47fc00a2c39e90264f33305004495a9","hash":"211acae7019597f33d5a9337751cc0c3c71ad2c3"}
,"C:\\Users\\JenNg\\OneDrive\\Documents\\University of Houston\\Fall 2024\\COSC 4353 - Software Design\\COSC-4353-Animal-Volunteer-System\\backend\\src\\routes\\notificationRoutes.js": {"path":"C:\\Users\\JenNg\\OneDrive\\Documents\\University of Houston\\Fall 2024\\COSC 4353 - Software Design\\COSC-4353-Animal-Volunteer-System\\backend\\src\\routes\\notificationRoutes.js","statementMap":{"0":{"start":{"line":1,"column":16},"end":{"line":1,"column":34}},"1":{"start":{"line":2,"column":15},"end":{"line":2,"column":31}},"2":{"start":{"line":3,"column":37},"end":{"line":3,"column":76}},"3":{"start":{"line":4,"column":33},"end":{"line":4,"column":80}},"4":{"start":{"line":5,"column":31},"end":{"line":5,"column":79}},"5":{"start":{"line":7,"column":0},"end":{"line":7,"column":70}},"6":{"start":{"line":8,"column":0},"end":{"line":8,"column":72}},"7":{"start":{"line":9,"column":0},"end":{"line":9,"column":108}},"8":{"start":{"line":10,"column":0},"end":{"line":10,"column":98}},"9":{"start":{"line":12,"column":0},"end":{"line":12,"column":24}}},"fnMap":{},"branchMap":{},"s":{"0":3,"1":3,"2":3,"3":3,"4":3,"5":3,"6":3,"7":3,"8":3,"9":3},"f":{},"b":{},"_coverageSchema":"1a1c01bbd47fc00a2c39e90264f33305004495a9","hash":"1da6c6410ce4dcf3e2abfd4ab8ebc4a11885cafd"}
,"C:\\Users\\JenNg\\OneDrive\\Documents\\University of Houston\\Fall 2024\\COSC 4353 - Software Design\\COSC-4353-Animal-Volunteer-System\\backend\\src\\routes\\profileRoutes.js": {"path":"C:\\Users\\JenNg\\OneDrive\\Documents\\University of Houston\\Fall 2024\\COSC 4353 - Software Design\\COSC-4353-Animal-Volunteer-System\\backend\\src\\routes\\profileRoutes.js","statementMap":{"0":{"start":{"line":1,"column":16},"end":{"line":1,"column":34}},"1":{"start":{"line":2,"column":15},"end":{"line":2,"column":31}},"2":{"start":{"line":3,"column":24},"end":{"line":3,"column":63}},"3":{"start":{"line":4,"column":26},"end":{"line":4,"column":69}},"4":{"start":{"line":6,"column":0},"end":{"line":6,"column":78}},"5":{"start":{"line":7,"column":0},"end":{"line":7,"column":62}},"6":{"start":{"line":8,"column":0},"end":{"line":8,"column":59}},"7":{"start":{"line":10,"column":0},"end":{"line":10,"column":24}}},"fnMap":{},"branchMap":{},"s":{"0":3,"1":3,"2":3,"3":3,"4":3,"5":3,"6":3,"7":3},"f":{},"b":{},"_coverageSchema":"1a1c01bbd47fc00a2c39e90264f33305004495a9","hash":"04dcc2d83fa9d1240dee90e0bdab54f153b50055"}
,"C:\\Users\\JenNg\\OneDrive\\Documents\\University of Houston\\Fall 2024\\COSC 4353 - Software Design\\COSC-4353-Animal-Volunteer-System\\backend\\src\\services\\authService.js": {"path":"C:\\Users\\JenNg\\OneDrive\\Documents\\University of Houston\\Fall 2024\\COSC 4353 - Software Design\\COSC-4353-Animal-Volunteer-System\\backend\\src\\services\\authService.js","statementMap":{"0":{"start":{"line":1,"column":15},"end":{"line":1,"column":34}},"1":{"start":{"line":2,"column":12},"end":{"line":2,"column":35}},"2":{"start":{"line":3,"column":15},"end":{"line":3,"column":32}},"3":{"start":{"line":5,"column":19},"end":{"line":12,"column":1}},"4":{"start":{"line":14,"column":23},"end":{"line":14,"column":25}},"5":{"start":{"line":15,"column":23},"end":{"line":15,"column":25}},"6":{"start":{"line":16,"column":17},"end":{"line":16,"column":18}},"7":{"start":{"line":18,"column":0},"end":{"line":44,"column":2}},"8":{"start":{"line":19,"column":23},"end":{"line":19,"column":111}},"9":{"start":{"line":19,"column":90},"end":{"line":19,"column":110}},"10":{"start":{"line":20,"column":4},"end":{"line":22,"column":5}},"11":{"start":{"line":21,"column":8},"end":{"line":21,"column":63}},"12":{"start":{"line":24,"column":4},"end":{"line":24,"column":17}},"13":{"start":{"line":25,"column":27},"end":{"line":25,"column":55}},"14":{"start":{"line":27,"column":18},"end":{"line":27,"column":56}},"15":{"start":{"line":28,"column":20},"end":{"line":35,"column":5}},"16":{"start":{"line":36,"column":4},"end":{"line":36,"column":33}},"17":{"start":{"line":38,"column":4},"end":{"line":43,"column":6}},"18":{"start":{"line":46,"column":0},"end":{"line":48,"column":2}},"19":{"start":{"line":47,"column":4},"end":{"line":47,"column":61}},"20":{"start":{"line":47,"column":39},"end":{"line":47,"column":59}},"21":{"start":{"line":50,"column":0},"end":{"line":65,"column":2}},"22":{"start":{"line":51,"column":26},"end":{"line":51,"column":78}},"23":{"start":{"line":51,"column":59},"end":{"line":51,"column":77}},"24":{"start":{"line":52,"column":4},"end":{"line":54,"column":5}},"25":{"start":{"line":53,"column":8},"end":{"line":53,"column":68}},"26":{"start":{"line":56,"column":17},"end":{"line":60,"column":5}},"27":{"start":{"line":61,"column":4},"end":{"line":61,"column":30}},"28":{"start":{"line":62,"column":4},"end":{"line":62,"column":44}},"29":{"start":{"line":64,"column":4},"end":{"line":64,"column":75}},"30":{"start":{"line":67,"column":0},"end":{"line":90,"column":2}},"31":{"start":{"line":68,"column":4},"end":{"line":68,"column":54}},"32":{"start":{"line":70,"column":17},"end":{"line":70,"column":86}},"33":{"start":{"line":70,"column":65},"end":{"line":70,"column":85}},"34":{"start":{"line":71,"column":4},"end":{"line":74,"column":5}},"35":{"start":{"line":72,"column":8},"end":{"line":72,"column":56}},"36":{"start":{"line":73,"column":8},"end":{"line":73,"column":58}},"37":{"start":{"line":76,"column":26},"end":{"line":76,"column":69}},"38":{"start":{"line":77,"column":4},"end":{"line":80,"column":5}},"39":{"start":{"line":78,"column":8},"end":{"line":78,"column":58}},"40":{"start":{"line":79,"column":8},"end":{"line":79,"column":63}},"41":{"start":{"line":82,"column":18},"end":{"line":86,"column":5}},"42":{"start":{"line":88,"column":4},"end":{"line":88,"column":54}},"43":{"start":{"line":89,"column":4},"end":{"line":89,"column":51}},"44":{"start":{"line":92,"column":0},"end":{"line":94,"column":2}},"45":{"start":{"line":93,"column":4},"end":{"line":93,"column":26}},"46":{"start":{"line":96,"column":0},"end":{"line":98,"column":2}},"47":{"start":{"line":97,"column":4},"end":{"line":97,"column":60}},"48":{"start":{"line":97,"column":41},"end":{"line":97,"column":58}},"49":{"start":{"line":101,"column":0},"end":{"line":105,"column":2}},"50":{"start":{"line":102,"column":4},"end":{"line":102,"column":30}},"51":{"start":{"line":103,"column":4},"end":{"line":103,"column":30}},"52":{"start":{"line":104,"column":4},"end":{"line":104,"column":35}},"53":{"start":{"line":107,"column":0},"end":{"line":109,"column":2}},"54":{"start":{"line":108,"column":4},"end":{"line":108,"column":26}},"55":{"start":{"line":111,"column":0},"end":{"line":116,"column":2}},"56":{"start":{"line":112,"column":17},"end":{"line":112,"column":60}},"57":{"start":{"line":112,"column":42},"end":{"line":112,"column":59}},"58":{"start":{"line":113,"column":4},"end":{"line":115,"column":5}},"59":{"start":{"line":114,"column":8},"end":{"line":114,"column":30}}},"fnMap":{"0":{"name":"(anonymous_0)","decl":{"start":{"line":18,"column":23},"end":{"line":18,"column":24}},"loc":{"start":{"line":18,"column":50},"end":{"line":44,"column":1}},"line":18},"1":{"name":"(anonymous_1)","decl":{"start":{"line":19,"column":82},"end":{"line":19,"column":83}},"loc":{"start":{"line":19,"column":90},"end":{"line":19,"column":110}},"line":19},"2":{"name":"(anonymous_2)","decl":{"start":{"line":46,"column":37},"end":{"line":46,"column":38}},"loc":{"start":{"line":46,"column":48},"end":{"line":48,"column":1}},"line":46},"3":{"name":"(anonymous_3)","decl":{"start":{"line":47,"column":31},"end":{"line":47,"column":32}},"loc":{"start":{"line":47,"column":39},"end":{"line":47,"column":59}},"line":47},"4":{"name":"(anonymous_4)","decl":{"start":{"line":50,"column":31},"end":{"line":50,"column":32}},"loc":{"start":{"line":50,"column":56},"end":{"line":65,"column":1}},"line":50},"5":{"name":"(anonymous_5)","decl":{"start":{"line":51,"column":51},"end":{"line":51,"column":52}},"loc":{"start":{"line":51,"column":59},"end":{"line":51,"column":77}},"line":51},"6":{"name":"(anonymous_6)","decl":{"start":{"line":67,"column":20},"end":{"line":67,"column":21}},"loc":{"start":{"line":67,"column":41},"end":{"line":90,"column":1}},"line":67},"7":{"name":"(anonymous_7)","decl":{"start":{"line":70,"column":57},"end":{"line":70,"column":58}},"loc":{"start":{"line":70,"column":65},"end":{"line":70,"column":85}},"line":70},"8":{"name":"(anonymous_8)","decl":{"start":{"line":92,"column":27},"end":{"line":92,"column":28}},"loc":{"start":{"line":92,"column":33},"end":{"line":94,"column":1}},"line":92},"9":{"name":"(anonymous_9)","decl":{"start":{"line":96,"column":34},"end":{"line":96,"column":35}},"loc":{"start":{"line":96,"column":40},"end":{"line":98,"column":1}},"line":96},"10":{"name":"(anonymous_10)","decl":{"start":{"line":97,"column":33},"end":{"line":97,"column":34}},"loc":{"start":{"line":97,"column":41},"end":{"line":97,"column":58}},"line":97},"11":{"name":"(anonymous_11)","decl":{"start":{"line":101,"column":21},"end":{"line":101,"column":22}},"loc":{"start":{"line":101,"column":27},"end":{"line":105,"column":1}},"line":101},"12":{"name":"(anonymous_12)","decl":{"start":{"line":107,"column":28},"end":{"line":107,"column":29}},"loc":{"start":{"line":107,"column":34},"end":{"line":109,"column":1}},"line":107},"13":{"name":"(anonymous_13)","decl":{"start":{"line":111,"column":36},"end":{"line":111,"column":37}},"loc":{"start":{"line":111,"column":53},"end":{"line":116,"column":1}},"line":111},"14":{"name":"(anonymous_14)","decl":{"start":{"line":112,"column":37},"end":{"line":112,"column":38}},"loc":{"start":{"line":112,"column":42},"end":{"line":112,"column":59}},"line":112}},"branchMap":{"0":{"loc":{"start":{"line":20,"column":4},"end":{"line":22,"column":5}},"type":"if","locations":[{"start":{"line":20,"column":4},"end":{"line":22,"column":5}},{"start":{},"end":{}}],"line":20},"1":{"loc":{"start":{"line":32,"column":14},"end":{"line":32,"column":33}},"type":"binary-expr","locations":[{"start":{"line":32,"column":14},"end":{"line":32,"column":18}},{"start":{"line":32,"column":22},"end":{"line":32,"column":33}}],"line":32},"2":{"loc":{"start":{"line":52,"column":4},"end":{"line":54,"column":5}},"type":"if","locations":[{"start":{"line":52,"column":4},"end":{"line":54,"column":5}},{"start":{},"end":{}}],"line":52},"3":{"loc":{"start":{"line":71,"column":4},"end":{"line":74,"column":5}},"type":"if","locations":[{"start":{"line":71,"column":4},"end":{"line":74,"column":5}},{"start":{},"end":{}}],"line":71},"4":{"loc":{"start":{"line":77,"column":4},"end":{"line":80,"column":5}},"type":"if","locations":[{"start":{"line":77,"column":4},"end":{"line":80,"column":5}},{"start":{},"end":{}}],"line":77},"5":{"loc":{"start":{"line":113,"column":4},"end":{"line":115,"column":5}},"type":"if","locations":[{"start":{"line":113,"column":4},"end":{"line":115,"column":5}},{"start":{},"end":{}}],"line":113}},"s":{"0":18,"1":18,"2":18,"3":18,"4":18,"5":18,"6":18,"7":18,"8":7,"9":8,"10":7,"11":1,"12":6,"13":6,"14":6,"15":6,"16":6,"17":6,"18":18,"19":5,"20":4,"21":18,"22":4,"23":3,"24":4,"25":1,"26":3,"27":3,"28":3,"29":3,"30":18,"31":3,"32":3,"33":5,"34":3,"35":1,"36":1,"37":2,"38":2,"39":1,"40":1,"41":1,"42":1,"43":1,"44":18,"45":31,"46":18,"47":0,"48":0,"49":18,"50":9,"51":9,"52":9,"53":18,"54":0,"55":18,"56":0,"57":0,"58":0,"59":0},"f":{"0":7,"1":8,"2":5,"3":4,"4":4,"5":3,"6":3,"7":5,"8":31,"9":0,"10":0,"11":9,"12":0,"13":0,"14":0},"b":{"0":[1,6],"1":[6,0],"2":[1,3],"3":[1,2],"4":[1,1],"5":[0,0]},"_coverageSchema":"1a1c01bbd47fc00a2c39e90264f33305004495a9","hash":"b6c3c55916ab2e880613c110b947fd39a7e7a1a8"}
,"C:\\Users\\JenNg\\OneDrive\\Documents\\University of Houston\\Fall 2024\\COSC 4353 - Software Design\\COSC-4353-Animal-Volunteer-System\\backend\\src\\services\\eventService.js": {"path":"C:\\Users\\JenNg\\OneDrive\\Documents\\University of Houston\\Fall 2024\\COSC 4353 - Software Design\\COSC-4353-Animal-Volunteer-System\\backend\\src\\services\\eventService.js","statementMap":{"0":{"start":{"line":1,"column":32},"end":{"line":1,"column":69}},"1":{"start":{"line":2,"column":20},"end":{"line":2,"column":54}},"2":{"start":{"line":4,"column":15},"end":{"line":47,"column":1}},"3":{"start":{"line":49,"column":26},"end":{"line":100,"column":1}},"4":{"start":{"line":50,"column":17},"end":{"line":50,"column":19}},"5":{"start":{"line":53,"column":2},"end":{"line":57,"column":3}},"6":{"start":{"line":54,"column":4},"end":{"line":54,"column":48}},"7":{"start":{"line":55,"column":9},"end":{"line":57,"column":3}},"8":{"start":{"line":56,"column":4},"end":{"line":56,"column":67}},"9":{"start":{"line":60,"column":2},"end":{"line":62,"column":3}},"10":{"start":{"line":61,"column":4},"end":{"line":61,"column":62}},"11":{"start":{"line":65,"column":2},"end":{"line":67,"column":3}},"12":{"start":{"line":66,"column":4},"end":{"line":66,"column":46}},"13":{"start":{"line":70,"column":2},"end":{"line":72,"column":3}},"14":{"start":{"line":71,"column":4},"end":{"line":71,"column":37}},"15":{"start":{"line":75,"column":2},"end":{"line":77,"column":3}},"16":{"start":{"line":76,"column":4},"end":{"line":76,"column":39}},"17":{"start":{"line":80,"column":2},"end":{"line":82,"column":3}},"18":{"start":{"line":81,"column":4},"end":{"line":81,"column":44}},"19":{"start":{"line":85,"column":2},"end":{"line":87,"column":3}},"20":{"start":{"line":86,"column":4},"end":{"line":86,"column":61}},"21":{"start":{"line":90,"column":2},"end":{"line":92,"column":3}},"22":{"start":{"line":91,"column":4},"end":{"line":91,"column":43}},"23":{"start":{"line":95,"column":2},"end":{"line":97,"column":3}},"24":{"start":{"line":96,"column":4},"end":{"line":96,"column":48}},"25":{"start":{"line":99,"column":2},"end":{"line":99,"column":16}},"26":{"start":{"line":102,"column":0},"end":{"line":140,"column":2}},"27":{"start":{"line":103,"column":17},"end":{"line":103,"column":45}},"28":{"start":{"line":104,"column":2},"end":{"line":106,"column":3}},"29":{"start":{"line":105,"column":4},"end":{"line":105,"column":34}},"30":{"start":{"line":109,"column":19},"end":{"line":113,"column":3}},"31":{"start":{"line":115,"column":2},"end":{"line":115,"column":24}},"32":{"start":{"line":118,"column":24},"end":{"line":118,"column":54}},"33":{"start":{"line":119,"column":2},"end":{"line":134,"column":5}},"34":{"start":{"line":120,"column":26},"end":{"line":131,"column":5}},"35":{"start":{"line":133,"column":4},"end":{"line":133,"column":77}},"36":{"start":{"line":136,"column":2},"end":{"line":139,"column":4}},"37":{"start":{"line":142,"column":0},"end":{"line":144,"column":2}},"38":{"start":{"line":143,"column":2},"end":{"line":143,"column":16}},"39":{"start":{"line":146,"column":0},"end":{"line":158,"column":2}},"40":{"start":{"line":147,"column":2},"end":{"line":147,"column":48}},"41":{"start":{"line":149,"column":16},"end":{"line":149,"column":56}},"42":{"start":{"line":149,"column":33},"end":{"line":149,"column":55}},"43":{"start":{"line":151,"column":2},"end":{"line":154,"column":3}},"44":{"start":{"line":152,"column":4},"end":{"line":152,"column":47}},"45":{"start":{"line":153,"column":4},"end":{"line":153,"column":54}},"46":{"start":{"line":156,"column":2},"end":{"line":156,"column":37}},"47":{"start":{"line":157,"column":2},"end":{"line":157,"column":15}},"48":{"start":{"line":160,"column":0},"end":{"line":178,"column":2}},"49":{"start":{"line":162,"column":16},"end":{"line":162,"column":58}},"50":{"start":{"line":162,"column":38},"end":{"line":162,"column":57}},"51":{"start":{"line":163,"column":2},"end":{"line":165,"column":3}},"52":{"start":{"line":164,"column":4},"end":{"line":164,"column":54}},"53":{"start":{"line":167,"column":17},"end":{"line":167,"column":45}},"54":{"start":{"line":168,"column":2},"end":{"line":170,"column":3}},"55":{"start":{"line":169,"column":4},"end":{"line":169,"column":34}},"56":{"start":{"line":172,"column":23},"end":{"line":172,"column":94}},"57":{"start":{"line":173,"column":2},"end":{"line":173,"column":31}},"58":{"start":{"line":174,"column":2},"end":{"line":177,"column":4}},"59":{"start":{"line":180,"column":0},"end":{"line":188,"column":2}},"60":{"start":{"line":182,"column":16},"end":{"line":182,"column":58}},"61":{"start":{"line":182,"column":38},"end":{"line":182,"column":57}},"62":{"start":{"line":183,"column":2},"end":{"line":185,"column":3}},"63":{"start":{"line":184,"column":4},"end":{"line":184,"column":54}},"64":{"start":{"line":186,"column":2},"end":{"line":186,"column":26}},"65":{"start":{"line":187,"column":2},"end":{"line":187,"column":51}},"66":{"start":{"line":190,"column":0},"end":{"line":218,"column":2}},"67":{"start":{"line":191,"column":2},"end":{"line":217,"column":4}}},"fnMap":{"0":{"name":"(anonymous_0)","decl":{"start":{"line":49,"column":26},"end":{"line":49,"column":27}},"loc":{"start":{"line":49,"column":41},"end":{"line":100,"column":1}},"line":49},"1":{"name":"(anonymous_1)","decl":{"start":{"line":102,"column":22},"end":{"line":102,"column":23}},"loc":{"start":{"line":102,"column":37},"end":{"line":140,"column":1}},"line":102},"2":{"name":"(anonymous_2)","decl":{"start":{"line":119,"column":24},"end":{"line":119,"column":25}},"loc":{"start":{"line":119,"column":37},"end":{"line":134,"column":3}},"line":119},"3":{"name":"(anonymous_3)","decl":{"start":{"line":142,"column":23},"end":{"line":142,"column":24}},"loc":{"start":{"line":142,"column":29},"end":{"line":144,"column":1}},"line":142},"4":{"name":"(anonymous_4)","decl":{"start":{"line":146,"column":23},"end":{"line":146,"column":24}},"loc":{"start":{"line":146,"column":31},"end":{"line":158,"column":1}},"line":146},"5":{"name":"(anonymous_5)","decl":{"start":{"line":149,"column":28},"end":{"line":149,"column":29}},"loc":{"start":{"line":149,"column":33},"end":{"line":149,"column":55}},"line":149},"6":{"name":"(anonymous_6)","decl":{"start":{"line":160,"column":22},"end":{"line":160,"column":23}},"loc":{"start":{"line":160,"column":41},"end":{"line":178,"column":1}},"line":160},"7":{"name":"(anonymous_7)","decl":{"start":{"line":162,"column":33},"end":{"line":162,"column":34}},"loc":{"start":{"line":162,"column":38},"end":{"line":162,"column":57}},"line":162},"8":{"name":"(anonymous_8)","decl":{"start":{"line":180,"column":22},"end":{"line":180,"column":23}},"loc":{"start":{"line":180,"column":30},"end":{"line":188,"column":1}},"line":180},"9":{"name":"(anonymous_9)","decl":{"start":{"line":182,"column":33},"end":{"line":182,"column":34}},"loc":{"start":{"line":182,"column":38},"end":{"line":182,"column":57}},"line":182},"10":{"name":"(anonymous_10)","decl":{"start":{"line":190,"column":25},"end":{"line":190,"column":26}},"loc":{"start":{"line":190,"column":31},"end":{"line":218,"column":1}},"line":190}},"branchMap":{"0":{"loc":{"start":{"line":53,"column":2},"end":{"line":57,"column":3}},"type":"if","locations":[{"start":{"line":53,"column":2},"end":{"line":57,"column":3}},{"start":{"line":55,"column":9},"end":{"line":57,"column":3}}],"line":53},"1":{"loc":{"start":{"line":53,"column":6},"end":{"line":53,"column":69}},"type":"binary-expr","locations":[{"start":{"line":53,"column":6},"end":{"line":53,"column":26}},{"start":{"line":53,"column":30},"end":{"line":53,"column":69}}],"line":53},"2":{"loc":{"start":{"line":55,"column":9},"end":{"line":57,"column":3}},"type":"if","locations":[{"start":{"line":55,"column":9},"end":{"line":57,"column":3}},{"start":{},"end":{}}],"line":55},"3":{"loc":{"start":{"line":60,"column":2},"end":{"line":62,"column":3}},"type":"if","locations":[{"start":{"line":60,"column":2},"end":{"line":62,"column":3}},{"start":{},"end":{}}],"line":60},"4":{"loc":{"start":{"line":60,"column":6},"end":{"line":60,"column":83}},"type":"binary-expr","locations":[{"start":{"line":60,"column":6},"end":{"line":60,"column":33}},{"start":{"line":60,"column":37},"end":{"line":60,"column":83}}],"line":60},"5":{"loc":{"start":{"line":65,"column":2},"end":{"line":67,"column":3}},"type":"if","locations":[{"start":{"line":65,"column":2},"end":{"line":67,"column":3}},{"start":{},"end":{}}],"line":65},"6":{"loc":{"start":{"line":65,"column":6},"end":{"line":65,"column":67}},"type":"binary-expr","locations":[{"start":{"line":65,"column":6},"end":{"line":65,"column":25}},{"start":{"line":65,"column":29},"end":{"line":65,"column":67}}],"line":65},"7":{"loc":{"start":{"line":70,"column":2},"end":{"line":72,"column":3}},"type":"if","locations":[{"start":{"line":70,"column":2},"end":{"line":72,"column":3}},{"start":{},"end":{}}],"line":70},"8":{"loc":{"start":{"line":70,"column":6},"end":{"line":70,"column":59}},"type":"binary-expr","locations":[{"start":{"line":70,"column":6},"end":{"line":70,"column":21}},{"start":{"line":70,"column":25},"end":{"line":70,"column":59}}],"line":70},"9":{"loc":{"start":{"line":75,"column":2},"end":{"line":77,"
[...]
d":{"line":79,"column":55}},"42":{"start":{"line":80,"column":12},"end":{"line":80,"column":38}},"43":{"start":{"line":83,"column":8},"end":{"line":83,"column":65}},"44":{"start":{"line":84,"column":8},"end":{"line":84,"column":28}},"45":{"start":{"line":86,"column":8},"end":{"line":86,"column":58}},"46":{"start":{"line":87,"column":8},"end":{"line":87,"column":20}},"47":{"start":{"line":91,"column":0},"end":{"line":91,"column":61}}},"fnMap":{"0":{"name":"(anonymous_0)","decl":{"start":{"line":4,"column":31},"end":{"line":4,"column":32}},"loc":{"start":{"line":4,"column":50},"end":{"line":68,"column":1}},"line":4},"1":{"name":"(anonymous_1)","decl":{"start":{"line":32,"column":53},"end":{"line":32,"column":54}},"loc":{"start":{"line":32,"column":66},"end":{"line":53,"column":9}},"line":32},"2":{"name":"(anonymous_2)","decl":{"start":{"line":34,"column":64},"end":{"line":34,"column":65}},"loc":{"start":{"line":34,"column":72},"end":{"line":37,"column":13}},"line":34},"3":{"name":"(anonymous_3)","decl":{"start":{"line":40,"column":59},"end":{"line":40,"column":60}},"loc":{"start":{"line":41,"column":16},"end":{"line":41,"column":52}},"line":41},"4":{"name":"(anonymous_4)","decl":{"start":{"line":57,"column":37},"end":{"line":57,"column":38}},"loc":{"start":{"line":57,"column":51},"end":{"line":63,"column":9}},"line":57},"5":{"name":"(anonymous_5)","decl":{"start":{"line":61,"column":44},"end":{"line":61,"column":45}},"loc":{"start":{"line":61,"column":53},"end":{"line":61,"column":89}},"line":61},"6":{"name":"(anonymous_6)","decl":{"start":{"line":70,"column":24},"end":{"line":70,"column":25}},"loc":{"start":{"line":70,"column":30},"end":{"line":89,"column":1}},"line":70},"7":{"name":"(anonymous_7)","decl":{"start":{"line":78,"column":46},"end":{"line":78,"column":47}},"loc":{"start":{"line":78,"column":55},"end":{"line":81,"column":9}},"line":78}},"branchMap":{"0":{"loc":{"start":{"line":11,"column":8},"end":{"line":14,"column":9}},"type":"if","locations":[{"start":{"line":11,"column":8},"end":{"line":14,"column":9}},{"start":{},"end":{}}],"line":11},"1":{"loc":{"start":{"line":23,"column":8},"end":{"line":25,"column":9}},"type":"if","locations":[{"start":{"line":23,"column":8},"end":{"line":25,"column":9}},{"start":{},"end":{}}],"line":23},"2":{"loc":{"start":{"line":47,"column":28},"end":{"line":47,"column":77}},"type":"binary-expr","locations":[{"start":{"line":47,"column":28},"end":{"line":47,"column":43}},{"start":{"line":47,"column":47},"end":{"line":47,"column":63}},{"start":{"line":47,"column":67},"end":{"line":47,"column":77}}],"line":47},"3":{"loc":{"start":{"line":48,"column":12},"end":{"line":50,"column":13}},"type":"if","locations":[{"start":{"line":48,"column":12},"end":{"line":50,"column":13}},{"start":{},"end":{}}],"line":48}},"s":{"0":5,"1":5,"2":5,"3":5,"4":5,"5":5,"6":5,"7":1,"8":1,"9":4,"10":4,"11":4,"12":4,"13":4,"14":1,"15":3,"16":3,"17":3,"18":9,"19":9,"20":9,"21":9,"22":9,"23":9,"24":9,"25":9,"26":6,"27":9,"28":3,"29":3,"30":6,"31":12,"32":2,"33":2,"34":5,"35":2,"36":2,"37":1,"38":1,"39":1,"40":1,"41":3,"42":3,"43":1,"44":1,"45":1,"46":1,"47":5},"f":{"0":5,"1":9,"2":9,"3":9,"4":6,"5":12,"6":2,"7":3},"b":{"0":[1,4],"1":[1,3],"2":[9,9,9],"3":[6,3]},"_coverageSchema":"1a1c01bbd47fc00a2c39e90264f33305004495a9","hash":"e0b6777a0569a974b2dd5954569a77a64a444122"}
,"C:\\Users\\JenNg\\OneDrive\\Documents\\University of Houston\\Fall 2024\\COSC 4353 - Software Design\\COSC-4353-Animal-Volunteer-System\\backend\\src\\services\\notificationService.js": {"path":"C:\\Users\\JenNg\\OneDrive\\Documents\\University of Houston\\Fall 2024\\COSC 4353 - Software Design\\COSC-4353-Animal-Volunteer-System\\backend\\src\\services\\notificationService.js","statementMap":{"0":{"start":{"line":1,"column":20},"end":{"line":4,"column":1}},"1":{"start":{"line":6,"column":30},"end":{"line":8,"column":3}},"2":{"start":{"line":7,"column":4},"end":{"line":7,"column":25}},"3":{"start":{"line":10,"column":30},"end":{"line":13,"column":3}},"4":{"start":{"line":11,"column":27},"end":{"line":11,"column":43}},"5":{"start":{"line":12,"column":4},"end":{"line":12,"column":84}},"6":{"start":{"line":12,"column":48},"end":{"line":12,"column":82}},"7":{"start":{"line":15,"column":26},"end":{"line":24,"column":3}},"8":{"start":{"line":16,"column":28},"end":{"line":21,"column":5}},"9":{"start":{"line":22,"column":4},"end":{"line":22,"column":43}},"10":{"start":{"line":23,"column":4},"end":{"line":23,"column":27}},"11":{"start":{"line":26,"column":29},"end":{"line":32,"column":3}},"12":{"start":{"line":27,"column":18},"end":{"line":27,"column":83}},"13":{"start":{"line":27,"column":60},"end":{"line":27,"column":82}},"14":{"start":{"line":28,"column":4},"end":{"line":30,"column":5}},"15":{"start":{"line":29,"column":6},"end":{"line":29,"column":47}},"16":{"start":{"line":31,"column":4},"end":{"line":31,"column":16}},"17":{"start":{"line":34,"column":2},"end":{"line":34,"column":101}}},"fnMap":{"0":{"name":"(anonymous_0)","decl":{"start":{"line":6,"column":30},"end":{"line":6,"column":31}},"loc":{"start":{"line":6,"column":36},"end":{"line":8,"column":3}},"line":6},"1":{"name":"(anonymous_1)","decl":{"start":{"line":10,"column":30},"end":{"line":10,"column":31}},"loc":{"start":{"line":10,"column":38},"end":{"line":13,"column":3}},"line":10},"2":{"name":"(anonymous_2)","decl":{"start":{"line":12,"column":30},"end":{"line":12,"column":31}},"loc":{"start":{"line":12,"column":48},"end":{"line":12,"column":82}},"line":12},"3":{"name":"(anonymous_3)","decl":{"start":{"line":15,"column":26},"end":{"line":15,"column":27}},"loc":{"start":{"line":15,"column":45},"end":{"line":24,"column":3}},"line":15},"4":{"name":"(anonymous_4)","decl":{"start":{"line":26,"column":29},"end":{"line":26,"column":30}},"loc":{"start":{"line":26,"column":37},"end":{"line":32,"column":3}},"line":26},"5":{"name":"(anonymous_5)","decl":{"start":{"line":27,"column":42},"end":{"line":27,"column":43}},"loc":{"start":{"line":27,"column":60},"end":{"line":27,"column":82}},"line":27}},"branchMap":{"0":{"loc":{"start":{"line":28,"column":4},"end":{"line":30,"column":5}},"type":"if","locations":[{"start":{"line":28,"column":4},"end":{"line":30,"column":5}},{"start":{},"end":{}}],"line":28}},"s":{"0":5,"1":5,"2":1,"3":5,"4":1,"5":1,"6":1,"7":5,"8":1,"9":1,"10":1,"11":5,"12":2,"13":4,"14":2,"15":1,"16":1,"17":5},"f":{"0":1,"1":1,"2":1,"3":1,"4":2,"5":4},"b":{"0":[1,1]},"_coverageSchema":"1a1c01bbd47fc00a2c39e90264f33305004495a9","hash":"4dcf669aa0f60ba49011392bcdb942464cb63ac0"}
,"C:\\Users\\JenNg\\OneDrive\\Documents\\University of Houston\\Fall 2024\\COSC 4353 - Software Design\\COSC-4353-Animal-Volunteer-System\\backend\\src\\services\\profileService.js": {"path":"C:\\Users\\JenNg\\OneDrive\\Documents\\University of Houston\\Fall 2024\\COSC 4353 - Software Design\\COSC-4353-Animal-Volunteer-System\\backend\\src\\services\\profileService.js","statementMap":{"0":{"start":{"line":1,"column":20},"end":{"line":1,"column":54}},"1":{"start":{"line":3,"column":17},"end":{"line":3,"column":19}},"2":{"start":{"line":5,"column":20},"end":{"line":51,"column":1}},"3":{"start":{"line":53,"column":24},"end":{"line":63,"column":1}},"4":{"start":{"line":54,"column":19},"end":{"line":54,"column":21}},"5":{"start":{"line":55,"column":4},"end":{"line":55,"column":73}},"6":{"start":{"line":55,"column":31},"end":{"line":55,"column":73}},"7":{"start":{"line":56,"column":4},"end":{"line":56,"column":73}},"8":{"start":{"line":56,"column":31},"end":{"line":56,"column":73}},"9":{"start":{"line":57,"column":4},"end":{"line":57,"column":60}},"10":{"start":{"line":57,"column":27},"end":{"line":57,"column":60}},"11":{"start":{"line":58,"column":4},"end":{"line":58,"column":63}},"12":{"start":{"line":58,"column":28},"end":{"line":58,"column":63}},"13":{"start":{"line":59,"column":4},"end":{"line":59,"column":70}},"14":{"start":{"line":59,"column":30},"end":{"line":59,"column":70}},"15":{"start":{"line":60,"column":4},"end":{"line":60,"column":113}},"16":{"start":{"line":60,"column":64},"end":{"line":60,"column":113}},"17":{"start":{"line":61,"column":4},"end":{"line":61,"column":143}},"18":{"start":{"line":61,"column":76},"end":{"line":61,"column":143}},"19":{"start":{"line":62,"column":4},"end":{"line":62,"column":18}},"20":{"start":{"line":65,"column":0},"end":{"line":67,"column":2}},"21":{"start":{"line":66,"column":4},"end":{"line":66,"column":23}},"22":{"start":{"line":69,"column":0},"end":{"line":71,"column":2}},"23":{"start":{"line":70,"column":4},"end":{"line":70,"column":63}},"24":{"start":{"line":70,"column":36},"end":{"line":70,"column":61}},"25":{"start":{"line":73,"column":0},"end":{"line":93,"column":2}},"26":{"start":{"line":74,"column":28},"end":{"line":74,"column":57}},"27":{"start":{"line":75,"column":4},"end":{"line":77,"column":5}},"28":{"start":{"line":76,"column":8},"end":{"line":76,"column":66}},"29":{"start":{"line":79,"column":19},"end":{"line":79,"column":47}},"30":{"start":{"line":80,"column":4},"end":{"line":82,"column":5}},"31":{"start":{"line":81,"column":8},"end":{"line":81,"column":69}},"32":{"start":{"line":84,"column":31},"end":{"line":84,"column":83}},"33":{"start":{"line":84,"column":68},"end":{"line":84,"column":82}},"34":{"start":{"line":86,"column":23},"end":{"line":90,"column":5}},"35":{"start":{"line":91,"column":4},"end":{"line":91,"column":30}},"36":{"start":{"line":92,"column":4},"end":{"line":92,"column":89}},"37":{"start":{"line":95,"column":0},"end":{"line":114,"column":2}},"38":{"start":{"line":96,"column":25},"end":{"line":96,"column":81}},"39":{"start":{"line":96,"column":55},"end":{"line":96,"column":80}},"40":{"start":{"line":97,"column":4},"end":{"line":99,"column":5}},"41":{"start":{"line":98,"column":8},"end":{"line":98,"column":61}},"42":{"start":{"line":101,"column":19},"end":{"line":101,"column":47}},"43":{"start":{"line":102,"column":4},"end":{"line":104,"column":5}},"44":{"start":{"line":103,"column":8},"end":{"line":103,"column":69}},"45":{"start":{"line":105,"column":31},"end":{"line":105,"column":83}},"46":{"start":{"line":105,"column":68},"end":{"line":105,"column":82}},"47":{"start":{"line":107,"column":27},"end":{"line":111,"column":5}},"48":{"start":{"line":112,"column":4},"end":{"line":112,"column":44}},"49":{"start":{"line":113,"column":4},"end":{"line":113,"column":93}},"50":{"start":{"line":116,"column":0},"end":{"line":144,"column":2}},"51":{"start":{"line":117,"column":21},"end":{"line":117,"column":66}},"52":{"start":{"line":118,"column":4},"end":{"line":121,"column":5}},"53":{"start":{"line":119,"column":8},"end":{"line":119,"column":48}},"54":{"start":{"line":120,"column":8},"end":{"line":120,"column":83}},"55":{"start":{"line":123,"column":19},"end":{"line":123,"column":47}},"56":{"start":{"line":124,"column":4},"end":{"line":126,"column":5}},"57":{"start":{"line":125,"column":8},"end":{"line":125,"column":69}},"58":{"start":{"line":128,"column":31},"end":{"line":128,"column":83}},"59":{"start":{"line":128,"column":68},"end":{"line":128,"column":82}},"60":{"start":{"line":130,"column":23},"end":{"line":135,"column":5}},"61":{"start":{"line":136,"column":4},"end":{"line":136,"column":30}},"62":{"start":{"line":138,"column":23},"end":{"line":138,"column":68}},"63":{"start":{"line":139,"column":4},"end":{"line":141,"column":5}},"64":{"start":{"line":140,"column":8},"end":{"line":140,"column":26}},"65":{"start":{"line":143,"column":4},"end":{"line":143,"column":116}},"66":{"start":{"line":146,"column":0},"end":{"line":148,"column":2}},"67":{"start":{"line":147,"column":4},"end":{"line":147,"column":20}}},"fnMap":{"0":{"name":"(anonymous_0)","decl":{"start":{"line":53,"column":24},"end":{"line":53,"column":25}},"loc":{"start":{"line":53,"column":41},"end":{"line":63,"column":1}},"line":53},"1":{"name":"(anonymous_1)","decl":{"start":{"line":65,"column":25},"end":{"line":65,"column":26}},"loc":{"start":{"line":65,"column":37},"end":{"line":67,"column":1}},"line":65},"2":{"name":"(anonymous_2)","decl":{"start":{"line":69,"column":21},"end":{"line":69,"column":22}},"loc":{"start":{"line":69,"column":39},"end":{"line":71,"column":1}},"line":69},"3":{"name":"(anonymous_3)","decl":{"start":{"line":70,"column":25},"end":{"line":70,"column":26}},"loc":{"start":{"line":70,"column":36},"end":{"line":70,"column":61}},"line":70},"4":{"name":"(anonymous_4)","decl":{"start":{"line":73,"column":24},"end":{"line":73,"column":25}},"loc":{"start":{"line":73,"column":55},"end":{"line":93,"column":1}},"line":73},"5":{"name":"(anonymous_5)","decl":{"start":{"line":84,"column":60},"end":{"line":84,"column":61}},"loc":{"start":{"line":84,"column":68},"end":{"line":84,"column":82}},"line":84},"6":{"name":"(anonymous_6)","decl":{"start":{"line":95,"column":24},"end":{"line":95,"column":25}},"loc":{"start":{"line":95,"column":55},"end":{"line":114,"column":1}},"line":95},"7":{"name":"(anonymous_7)","decl":{"start":{"line":96,"column":44},"end":{"line":96,"column":45}},"loc":{"start":{"line":96,"column":55},"end":{"line":96,"column":80}},"line":96},"8":{"name":"(anonymous_8)","decl":{"start":{"line":105,"column":60},"end":{"line":105,"column":61}},"loc":{"start":{"line":105,"column":68},"end":{"line":105,"column":82}},"line":105},"9":{"name":"(anonymous_9)","decl":{"start":{"line":116,"column":31},"end":{"line":116,"column":32}},"loc":{"start":{"line":116,"column":61},"end":{"line":144,"column":1}},"line":116},"10":{"name":"(anonymous_10)","decl":{"start":{"line":128,"column":60},"end":{"line":128,"column":61}},"loc":{"start":{"line":128,"column":68},"end":{"line":128,"column":82}},"line":128},"11":{"name":"(anonymous_11)","decl":{"start":{"line":146,"column":25},"end":{"line":146,"column":26}},"loc":{"start":{"line":146,"column":37},"end":{"line":148,"column":1}},"line":146}},"branchMap":{"0":{"loc":{"start":{"line":55,"column":4},"end":{"line":55,"column":73}},"type":"if","locations":[{"start":{"line":55,"column":4},"end":{"line":55,"column":73}},{"start":{},"end":{}}],"line":55},"1":{"loc":{"start":{"line":56,"column":4},"end":{"line":56,"column":73}},"type":"if","locations":[{"start":{"line":56,"column":4},"end":{"line":56,"column":73}},{"start":{},"end":{}}],"line":56},"2":{"loc":{"start":{"line":57,"column":4},"end":{"line":57,"column":60}},"type":"if","locations":[{"start":{"line":57,"column":4},"end":{"line":57,"column":60}},{"start":{},"end":{}}],"line":57},"3":{"loc":{"start":{"line":58,"column":4},"end":{"line":58,"column":63}},"type":"if","locations":[{"start":{"line":58,"column":4},"end":{"line":58,"column":63}},{"start":{},"end":{}}],"line":58},"4":{"loc":{"start":{"line":59,"column":4},"end":{"line":59,"column":70}},"type":"if","locations":[{"start":{"line":59,"column":4},"end":{"line":59,"column":70}},{"start":{},"end":{}}],"line":59},"5":{"loc":{"start":{"line":60,"column":4},"end":{"line":60,"column":113}},"type":"if","locations":[{"start":{"line":60,"column":4},"end":{"line":60,"column":113}},{"start":{},"end":{}}],"line":60},"6":{"loc":{"start":{"line":60,"column":8},"end":{"line":60,"column":62}},"type":"binary-expr","locations":[{"start":{"line":60,"column":8},"end":{"line":60,"column":27}},{"start":{"line":60,"column":31},"end":{"line":60,"column":62}}],"line":60},"7":{"loc":{"start":{"line":61,"column":4},"end":{"line":61,"column":143}},"type":"if","locations":[{"start":{"line":61,"column":4},"end":{"line":61,"column":143}},{"start":{},"end":{}}],"line":61},"8":{"loc":{"start":{"line":61,"column":8},"end":{"line":61,"column":74}},"type":"binary-expr","locations":[{"start":{"line":61,"column":8},"end":{"line":61,"column":33}},{"start":{"line":61,"column":37},"end":{"line":61,"column":74}}],"line":61},"9":{"loc":{"start":{"line":75,"column":4},"end":{"line":77,"column":5}},"type":"if","locations":[{"start":{"line":75,"column":4},"end":{"line":77,"column":5}},{"start":{},"end":{}}],"line":75},"10":{"loc":{"start":{"line":80,"column":4},"end":{"line":82,"column":5}},"type":"if","locations":[{"start":{"line":80,"column":4},"end":{"line":82,"column":5}},{"start":{},"end":{}}],"line":80},"11":{"loc":{"start":{"line":97,"column":4},"end":{"line":99,"column":5}},"type":"if","locations":[{"start":{"line":97,"column":4},"end":{"line":99,"column":5}},{"start":{},"end":{}}],"line":97},"12":{"loc":{"start":{"line":102,"column":4},"end":{"line":104,"column":5}},"type":"if","locations":[{"start":{"line":102,"column":4},"end":{"line":104,"column":5}},{"start":{},"end":{}}],"line":102},"13":{"loc":{"start":{"line":118,"column":4},"end":{"line":121,"column":5}},"type":"if","locations":[{"start":{"line":118,"column":4},"end":{"line":121,"column":5}},{"start":{},"end":{}}],"line":118},"14":{"loc":{"start":{"line":124,"column":4},"end":{"line":126,"column":5}},"type":"if","locations":[{"start":{"line":124,"column":4},"end":{"line":126,"column":5}},{"start":{},"end":{}}],"line":124},"15":{"loc":{"start":{"line":139,"column":4},"end":{"line":141,"column":5}},"type":"if","locations":[{"start":{"line":139,"column":4},"end":{"line":141,"column":5}},{"start":{},"end":{}}],"line":139}},"s":{"0":9,"1":9,"2":9,"3":9,"4":7,"5":7,"6":3,"7":7,"8":0,"9":7,"10":0,"11":7,"12":0,"13":7,"14":0,"15":7,"16":0,"17":7,"18":0,"19":7,"20":9,"21":1,"22":9,"23":0,"24":0,"25":9,"26":3,"27":3,"28":1,"29":2,"30":2,"31":1,"32":1,"33":1,"34":1,"35":1,"36":1,"37":9,"38":3,"39":3,"40":3,"41":1,"42":2,"43":2,"44":1,"45":1,"46":1,"47":1,"48":1,"49":1,"50":9,"51":4,"52":4,"53":1,"54":1,"55":3,"56":3,"57":1,"58":2,"59":2,"60":2,"61":2,"62":2,"63":2,"64":1,"65":1,"66":9,"67":0},"f":{"0":7,"1":1,"2":0,"3":0,"4":3,"5":1,"6":3,"7":3,"8":1,"9":4,"10":2,"11":0},"b":{"0":[3,4],"1":[0,7],"2":[0,7],"3":[0,7],"4":[0,7],"5":[0,7],"6":[7,7],"7":[0,7],"8":[7,7],"9":[1,2],"10":[1,1],"11":[1,2],"12":[1,1],"13":[1,3],"14":[1,2],"15":[1,1]},"_coverageSchema":"1a1c01bbd47fc00a2c39e90264f33305004495a9","hash":"57ce12d781d65f40858d0e80547acd7e84ee245c"}
,"C:\\Users\\JenNg\\OneDrive\\Documents\\University of Houston\\Fall 2024\\COSC 4353 - Software Design\\COSC-4353-Animal-Volunteer-System\\backend\\src\\utils\\validators.js": {"path":"C:\\Users\\JenNg\\OneDrive\\Documents\\University of Houston\\Fall 2024\\COSC 4353 - Software Design\\COSC-4353-Animal-Volunteer-System\\backend\\src\\utils\\validators.js","statementMap":{"0":{"start":{"line":5,"column":35},"end":{"line":5,"column":63}},"1":{"start":{"line":7,"column":0},"end":{"line":22,"column":2}},"2":{"start":{"line":16,"column":23},"end":{"line":16,"column":44}},"3":{"start":{"line":17,"column":8},"end":{"line":19,"column":9}},"4":{"start":{"line":18,"column":12},"end":{"line":18,"column":68}},"5":{"start":{"line":20,"column":8},"end":{"line":20,"column":15}},"6":{"start":{"line":24,"column":0},"end":{"line":36,"column":2}},"7":{"start":{"line":30,"column":23},"end":{"line":30,"column":44}},"8":{"start":{"line":31,"column":8},"end":{"line":33,"column":9}},"9":{"start":{"line":32,"column":12},"end":{"line":32,"column":68}},"10":{"start":{"line":34,"column":8},"end":{"line":34,"column":15}}},"fnMap":{"0":{"name":"(anonymous_0)","decl":{"start":{"line":15,"column":4},"end":{"line":15,"column":5}},"loc":{"start":{"line":15,"column":24},"end":{"line":21,"column":5}},"line":15},"1":{"name":"(anonymous_1)","decl":{"start":{"line":29,"column":4},"end":{"line":29,"column":5}},"loc":{"start":{"line":29,"column":24},"end":{"line":35,"column":5}},"line":29}},"branchMap":{"0":{"loc":{"start":{"line":17,"column":8},"end":{"line":19,"column":9}},"type":"if","locations":[{"start":{"line":17,"column":8},"end":{"line":19,"column":9}},{"start":{},"end":{}}],"line":17},"1":{"loc":{"start":{"line":31,"column":8},"end":{"line":33,"column":9}},"type":"if","locations":[{"start":{"line":31,"column":8},"end":{"line":33,"column":9}},{"start":{},"end":{}}],"line":31}},"s":{"0":3,"1":3,"2":6,"3":6,"4":3,"5":3,"6":3,"7":5,"8":5,"9":2,"10":3},"f":{"0":6,"1":5},"b":{"0":[3,3],"1":[2,3]},"_coverageSchema":"1a1c01bbd47fc00a2c39e90264f33305004495a9","hash":"db85cd36d11255457f64e0cea4cd9b332f8900c5"}
}
