TN:
SF:src\app.js
FN:19,(anonymous_0)
FN:32,(anonymous_1)
FN:40,(anonymous_2)
FN:46,(anonymous_3)
FNF:4
FNH:1
FNDA:1,(anonymous_0)
FNDA:0,(anonymous_1)
FNDA:0,(anonymous_2)
FNDA:0,(anonymous_3)
DA:1,3
DA:2,3
DA:3,3
DA:4,3
DA:5,3
DA:6,3
DA:7,3
DA:8,3
DA:9,3
DA:10,3
DA:12,3
DA:15,3
DA:16,3
DA:19,3
DA:20,1
DA:24,3
DA:25,3
DA:26,3
DA:27,3
DA:28,3
DA:29,3
DA:32,3
DA:33,0
DA:34,0
DA:37,3
DA:38,3
DA:40,3
DA:41,0
DA:44,3
DA:45,0
DA:46,0
DA:47,0
DA:51,3
LF:33
LH:27
BRDA:44,0,0,0
BRDA:44,0,1,3
BRDA:45,1,0,0
BRDA:45,1,1,0
BRF:4
BRH:1
end_of_record
TN:
SF:src\controllers\authController.js
FN:3,(anonymous_0)
FN:22,(anonymous_1)
FN:33,(anonymous_2)
FN:36,(anonymous_3)
FN:46,(anonymous_4)
FN:49,(anonymous_5)
FNF:6
FNH:2
FNDA:4,(anonymous_0)
FNDA:5,(anonymous_1)
FNDA:0,(anonymous_2)
FNDA:0,(anonymous_3)
FNDA:0,(anonymous_4)
FNDA:0,(anonymous_5)
DA:1,3
DA:3,3
DA:4,4
DA:6,4
DA:7,0
DA:10,4
DA:11,4
DA:12,3
DA:18,1
DA:22,3
DA:23,5
DA:25,5
DA:26,5
DA:27,3
DA:29,2
DA:33,3
DA:34,0
DA:35,0
DA:36,0
DA:42,0
DA:46,3
DA:47,0
DA:48,0
DA:49,0
DA:55,0
LF:25
LH:16
BRDA:6,0,0,0
BRDA:6,0,1,4
BRDA:6,1,0,4
BRDA:6,1,1,4
BRDA:11,2,0,3
BRDA:11,2,1,1
BRDA:26,3,0,3
BRDA:26,3,1,2
BRDA:39,4,0,0
BRDA:39,4,1,0
BRDA:52,5,0,0
BRDA:52,5,1,0
BRF:12
BRH:7
end_of_record
TN:
SF:src\controllers\eventController.js
FN:4,(anonymous_0)
FN:20,(anonymous_1)
FN:31,(anonymous_2)
FN:47,(anonymous_3)
FN:66,(anonymous_4)
FN:82,(anonymous_5)
FNF:6
FNH:6
FNDA:4,(anonymous_0)
FNDA:3,(anonymous_1)
FNDA:4,(anonymous_2)
FNDA:4,(anonymous_3)
FNDA:4,(anonymous_4)
FNDA:1,(anonymous_5)
DA:1,6
DA:4,6
DA:5,4
DA:6,4
DA:7,4
DA:8,2
DA:10,2
DA:11,2
DA:12,1
DA:14,1
DA:20,6
DA:21,3
DA:22,3
DA:23,3
DA:25,0
DA:26,0
DA:31,6
DA:32,4
DA:33,4
DA:34,4
DA:35,2
DA:37,2
DA:38,2
DA:39,2
DA:41,0
DA:47,6
DA:48,4
DA:49,4
DA:50,4
DA:51,4
DA:52,2
DA:54,2
DA:55,2
DA:56,1
DA:57,1
DA:58,1
DA:60,0
DA:66,6
DA:67,4
DA:68,4
DA:69,4
DA:70,2
DA:72,2
DA:73,2
DA:74,2
DA:76,0
DA:82,6
DA:83,1
DA:84,1
DA:85,1
DA:87,0
DA:88,0
LF:52
LH:45
BRDA:11,0,0,1
BRDA:11,0,1,1
BRDA:12,1,0,1
BRDA:12,1,1,0
BRDA:38,2,0,2
BRDA:38,2,1,0
BRDA:55,3,0,1
BRDA:55,3,1,1
BRDA:57,4,0,1
BRDA:57,4,1,0
BRDA:58,5,0,1
BRDA:58,5,1,0
BRDA:73,6,0,2
BRDA:73,6,1,0
BRF:14
BRH:9
end_of_record
TN:
SF:src\controllers\historyController.js
FN:3,(anonymous_0)
FN:9,(anonymous_1)
FN:13,(anonymous_2)
FN:22,(anonymous_3)
FNF:4
FNH:4
FNDA:1,(anonymous_0)
FNDA:2,(anonymous_1)
FNDA:1,(anonymous_2)
FNDA:2,(anonymous_3)
DA:1,5
DA:3,5
DA:4,1
DA:5,1
DA:6,1
DA:9,5
DA:10,2
DA:11,2
DA:12,2
DA:13,2
DA:15,2
DA:16,1
DA:19,1
DA:22,5
DA:23,2
DA:24,2
DA:26,2
DA:27,1
DA:30,1
DA:31,1
DA:34,0
DA:35,0
LF:22
LH:20
BRDA:15,0,0,1
BRDA:15,0,1,1
BRDA:26,1,0,1
BRDA:26,1,1,1
BRDA:30,2,0,1
BRDA:30,2,1,0
BRDA:30,3,0,1
BRDA:30,3,1,1
BRF:8
BRH:7
end_of_record
TN:
SF:src\controllers\matchingController.js
FN:3,(anonymous_0)
FN:21,(anonymous_1)
FNF:2
FNH:2
FNDA:3,(anonymous_0)
FNDA:3,(anonymous_1)
DA:1,5
DA:3,5
DA:4,3
DA:5,3
DA:6,3
DA:8,2
DA:10,1
DA:14,1
DA:16,1
DA:17,1
DA:21,5
DA:22,3
DA:23,3
DA:25,3
DA:26,1
DA:30,2
DA:33,1
DA:35,1
DA:36,1
LF:19
LH:19
BRDA:8,0,0,1
BRDA:8,0,1,1
BRDA:25,1,0,1
BRDA:25,1,1,2
BRDA:25,2,0,3
BRDA:25,2,1,2
BRDA:25,2,2,2
BRF:7
BRH:7
end_of_record
TN:
SF:src\controllers\notificationController.js
FN:3,(anonymous_0)
FN:8,(anonymous_1)
FN:24,(anonymous_2)
FN:34,(anonymous_3)
FNF:4
FNH:4
FNDA:2,(anonymous_0)
FNDA:3,(anonymous_1)
FNDA:4,(anonymous_2)
FNDA:3,(anonymous_3)
DA:1,5
DA:3,5
DA:4,2
DA:5,2
DA:8,5
DA:9,3
DA:11,3
DA:12,1
DA:15,2
DA:16,2
DA:17,1
DA:20,1
DA:24,5
DA:25,4
DA:26,4
DA:27,2
DA:29,2
DA:30,2
DA:34,5
DA:35,3
DA:36,3
DA:37,3
DA:38,1
DA:40,2
DA:41,2
DA:42,1
DA:44,1
DA:47,5
LF:28
LH:28
BRDA:11,0,0,1
BRDA:11,0,1,2
BRDA:16,1,0,1
BRDA:16,1,1,1
BRDA:26,2,0,2
BRDA:26,2,1,2
BRDA:26,3,0,4
BRDA:26,3,1,3
BRDA:37,4,0,1
BRDA:37,4,1,2
BRDA:41,5,0,1
BRDA:41,5,1,1
BRF:12
BRH:12
end_of_record
TN:
SF:src\controllers\profileController.js
FN:3,(anonymous_0)
FN:13,(anonymous_1)
FN:25,(anonymous_2)
FN:37,(anonymous_3)
FNF:4
FNH:4
FNDA:2,(anonymous_0)
FNDA:2,(anonymous_1)
FNDA:2,(anonymous_2)
FNDA:3,(anonymous_3)
DA:1,5
DA:3,5
DA:4,2
DA:5,2
DA:6,1
DA:8,1
DA:9,1
DA:13,5
DA:14,2
DA:15,2
DA:16,2
DA:17,2
DA:18,1
DA:20,1
DA:21,1
DA:25,5
DA:26,2
DA:27,2
DA:28,2
DA:29,2
DA:30,1
DA:32,1
DA:33,1
DA:37,5
DA:38,3
DA:39,3
DA:40,3
DA:41,2
DA:42,1
DA:44,1
DA:47,1
DA:48,1
LF:32
LH:32
BRDA:41,0,0,1
BRDA:41,0,1,1
BRF:2
BRH:2
end_of_record
TN:
SF:src\middleware\authMiddleware.js
FN:4,(anonymous_0)
FN:15,(anonymous_1)
FN:26,(anonymous_2)
FNF:3
FNH:3
FNDA:3,(anonymous_0)
FNDA:2,(anonymous_1)
FNDA:2,(anonymous_2)
DA:1,7
DA:4,7
DA:5,3
DA:6,3
DA:7,1
DA:10,2
DA:11,2
DA:12,0
DA:15,2
DA:16,2
DA:17,1
DA:19,1
DA:20,1
DA:21,1
DA:26,7
DA:27,2
DA:28,1
DA:30,1
DA:33,7
LF:19
LH:18
BRDA:6,0,0,1
BRDA:6,0,1,2
BRDA:11,1,0,0
BRDA:11,1,1,2
BRDA:16,2,0,1
BRDA:16,2,1,1
BRDA:27,3,0,1
BRDA:27,3,1,1
BRF:8
BRH:7
end_of_record
TN:
SF:src\middleware\eventMiddleware.js
FN:1,isValidDate
FN:8,isValidTime
FN:13,(anonymous_2)
FNF:3
FNH:3
FNDA:2,isValidDate
FNDA:6,isValidTime
FNDA:10,(anonymous_2)
DA:2,2
DA:3,2
DA:4,1
DA:5,1
DA:9,6
DA:10,6
DA:13,5
DA:14,10
DA:15,10
DA:17,10
DA:18,8
DA:19,2
DA:20,1
DA:23,10
DA:24,9
DA:27,10
DA:28,9
DA:29,1
DA:30,0
DA:33,10
DA:34,9
DA:35,1
DA:36,0
DA:39,10
DA:46,10
DA:47,9
DA:50,10
DA:51,8
DA:52,2
DA:53,1
DA:57,10
DA:58,9
DA:61,10
DA:62,10
DA:63,9
DA:66,10
DA:67,9
DA:70,10
DA:71,8
DA:73,10
DA:74,7
DA:76,10
DA:77,2
DA:80,10
DA:81,9
DA:84,1
DA:88,5
LF:47
LH:45
BRDA:3,0,0,1
BRDA:3,0,1,1
BRDA:5,1,0,1
BRDA:5,1,1,1
BRDA:5,1,2,1
BRDA:17,2,0,8
BRDA:17,2,1,2
BRDA:17,3,0,10
BRDA:17,3,1,2
BRDA:17,3,2,2
BRDA:19,4,0,1
BRDA:19,4,1,1
BRDA:23,5,0,9
BRDA:23,5,1,1
BRDA:23,6,0,10
BRDA:23,6,1,1
BRDA:23,6,2,1
BRDA:27,7,0,9
BRDA:27,7,1,1
BRDA:27,8,0,10
BRDA:27,8,1,1
BRDA:27,8,2,1
BRDA:29,9,0,0
BRDA:29,9,1,1
BRDA:33,10,0,9
BRDA:33,10,1,1
BRDA:33,11,0,10
BRDA:33,11,1,1
BRDA:33,11,2,1
BRDA:35,12,0,0
BRDA:35,12,1,1
BRDA:46,13,0,9
BRDA:46,13,1,1
BRDA:46,14,0,10
BRDA:46,14,1,2
BRDA:50,15,0,8
BRDA:50,15,1,2
BRDA:50,16,0,10
BRDA:50,16,1,2
BRDA:50,16,2,2
BRDA:52,17,0,1
BRDA:52,17,1,1
BRDA:52,18,0,2
BRDA:52,18,1,1
BRDA:57,19,0,9
BRDA:57,19,1,1
BRDA:57,20,0,10
BRDA:57,20,1,2
BRDA:62,21,0,9
BRDA:62,21,1,1
BRDA:62,22,0,10
BRDA:62,22,1,2
BRDA:66,23,0,9
BRDA:66,23,1,1
BRDA:66,24,0,10
BRDA:66,24,1,2
BRDA:70,25,0,8
BRDA:70,25,1,2
BRDA:70,26,0,10
BRDA:70,26,1,3
BRDA:73,27,0,7
BRDA:73,27,1,3
BRDA:73,28,0,10
BRDA:73,28,1,3
BRDA:76,29,0,2
BRDA:76,29,1,8
BRDA:76,30,0,10
BRDA:76,30,1,3
BRDA:76,30,2,3
BRDA:80,31,0,9
BRDA:80,31,1,1
BRF:71
BRH:69
end_of_record
TN:
SF:src\middleware\notificationMiddleware.js
FN:1,(anonymous_0)
FNF:1
FNH:1
FNDA:4,(anonymous_0)
DA:1,5
DA:2,4
DA:4,4
DA:5,1
DA:10,3
DA:11,1
DA:16,2
DA:19,5
LF:8
LH:8
BRDA:4,0,0,1
BRDA:4,0,1,3
BRDA:4,1,0,4
BRDA:4,1,1,3
BRDA:10,2,0,1
BRDA:10,2,1,2
BRDA:10,3,0,3
BRDA:10,3,1,2
BRF:8
BRH:8
end_of_record
TN:
SF:src\routes\authRoutes.js
FN:10,(anonymous_0)
FN:18,(anonymous_1)
FNF:2
FNH:2
FNDA:1,(anonymous_0)
FNDA:1,(anonymous_1)
DA:1,3
DA:2,3
DA:3,3
DA:4,3
DA:5,3
DA:6,3
DA:7,3
DA:10,3
DA:11,1
DA:14,3
DA:15,3
DA:17,3
DA:18,3
DA:19,1
DA:20,1
DA:22,3
DA:24,3
LF:17
LH:17
BRF:0
BRH:0
end_of_record
TN:
SF:src\routes\eventRoutes.js
FNF:0
FNH:0
DA:1,4
DA:2,4
DA:3,4
DA:4,4
DA:5,4
DA:7,4
DA:8,4
DA:9,4
DA:10,4
DA:11,4
DA:12,4
DA:14,4
LF:12
LH:12
BRF:0
BRH:0
end_of_record
TN:
SF:src\routes\historyRoutes.js
FNF:0
FNH:0
DA:1,4
DA:2,4
DA:3,4
DA:4,4
DA:5,4
DA:7,4
DA:8,4
DA:9,4
DA:11,4
LF:9
LH:9
BRF:0
BRH:0
end_of_record
TN:
SF:src\routes\matchingRoutes.js
FNF:0
FNH:0
DA:1,4
DA:2,4
DA:3,4
DA:4,4
DA:6,4
DA:7,4
DA:9,4
LF:7
LH:7
BRF:0
BRH:0
end_of_record
TN:
SF:src\routes\notificationRoutes.js
FNF:0
FNH:0
DA:1,4
DA:2,4
DA:3,4
DA:4,4
DA:5,4
DA:7,4
DA:8,4
DA:9,4
DA:10,4
DA:12,4
LF:10
LH:10
BRF:0
BRH:0
end_of_record
TN:
SF:src\routes\profileRoutes.js
FNF:0
FNH:0
DA:1,4
DA:2,4
DA:3,4
DA:4,4
DA:6,4
DA:7,4
DA:8,4
DA:10,4
LF:8
LH:8
BRF:0
BRH:0
end_of_record
TN:
SF:src\services\authService.js
FN:18,(anonymous_0)
FN:19,(anonymous_1)
FN:46,(anonymous_2)
FN:47,(anonymous_3)
FN:50,(anonymous_4)
FN:51,(anonymous_5)
FN:67,(anonymous_6)
FN:70,(anonymous_7)
FN:92,(anonymous_8)
FN:96,(anonymous_9)
FN:97,(anonymous_10)
FN:101,(anonymous_11)
FN:107,(anonymous_12)
FN:111,(anonymous_13)
FN:112,(anonymous_14)
FNF:15
FNH:10
FNDA:7,(anonymous_0)
FNDA:8,(anonymous_1)
FNDA:5,(anonymous_2)
FNDA:4,(anonymous_3)
FNDA:4,(anonymous_4)
FNDA:3,(anonymous_5)
FNDA:3,(anonymous_6)
FNDA:5,(anonymous_7)
FNDA:66,(anonymous_8)
FNDA:0,(anonymous_9)
FNDA:0,(anonymous_10)
FNDA:9,(anonymous_11)
FNDA:0,(anonymous_12)
FNDA:0,(anonymous_13)
FNDA:0,(anonymous_14)
DA:1,18
DA:2,18
DA:3,18
DA:5,18
DA:14,18
DA:15,18
DA:16,18
DA:18,18
DA:19,8
DA:20,7
DA:21,1
DA:24,6
DA:25,6
DA:27,6
DA:28,6
DA:36,6
DA:38,6
DA:46,18
DA:47,5
DA:50,18
DA:51,4
DA:52,4
DA:53,1
DA:56,3
DA:61,3
DA:62,3
DA:64,3
DA:67,18
DA:68,3
DA:70,5
DA:71,3
DA:72,1
DA:73,1
DA:76,2
DA:77,2
DA:78,1
DA:79,1
DA:82,1
DA:88,1
DA:89,1
DA:92,18
DA:93,66
DA:96,18
DA:97,0
DA:101,18
DA:102,9
DA:103,9
DA:104,9
DA:107,18
DA:108,0
DA:111,18
DA:112,0
DA:113,0
DA:114,0
LF:54
LH:49
BRDA:20,0,0,1
BRDA:20,0,1,6
BRDA:32,1,0,6
BRDA:32,1,1,0
BRDA:52,2,0,1
BRDA:52,2,1,3
BRDA:71,3,0,1
BRDA:71,3,1,2
BRDA:77,4,0,1
BRDA:77,4,1,1
BRDA:113,5,0,0
BRDA:113,5,1,0
BRF:12
BRH:9
end_of_record
TN:
SF:src\services\eventService.js
FN:49,(anonymous_0)
FN:102,(anonymous_1)
FN:118,(anonymous_2)
FN:141,(anonymous_3)
FN:152,(anonymous_4)
FN:154,(anonymous_5)
FN:160,(anonymous_6)
FN:162,(anonymous_7)
FN:180,(anonymous_8)
FN:182,(anonymous_9)
FN:219,(anonymous_10)
FNF:11
FNH:10
FNDA:71,(anonymous_0)
FNDA:69,(anonymous_1)
FNDA:0,(anonymous_2)
FNDA:35,(anonymous_3)
FNDA:5,(anonymous_4)
FNDA:11,(anonymous_5)
FNDA:4,(anonymous_6)
FNDA:8,(anonymous_7)
FNDA:4,(anonymous_8)
FNDA:8,(anonymous_9)
FNDA:1,(anonymous_10)
DA:1,13
DA:2,13
DA:4,13
DA:49,13
DA:50,71
DA:53,71
DA:54,3
DA:55,68
DA:56,0
DA:60,71
DA:61,0
DA:65,71
DA:66,0
DA:70,71
DA:71,1
DA:75,71
DA:76,0
DA:80,71
DA:81,0
DA:85,71
DA:86,1
DA:90,71
DA:91,0
DA:95,71
DA:96,0
DA:99,71
DA:102,13
DA:103,69
DA:104,69
DA:105,3
DA:108,66
DA:114,66
DA:117,66
DA:118,66
DA:119,0
DA:132,0
DA:135,66
DA:141,13
DA:142,35
DA:152,13
DA:154,11
DA:155,5
DA:156,3
DA:158,2
DA:160,13
DA:162,8
DA:163,4
DA:164,2
DA:167,2
DA:168,2
DA:169,0
DA:172,2
DA:173,2
DA:174,2
DA:180,13
DA:182,8
DA:183,4
DA:184,2
DA:186,2
DA:187,2
DA:219,13
DA:220,1
LF:62
LH:52
BRDA:53,0,0,3
BRDA:53,0,1,68
BRDA:53,1,0,71
BRDA:53,1,1,68
BRDA:55,2,0,0
BRDA:55,2,1,68
BRDA:60,3,0,0
BRDA:60,3,1,71
BRDA:60,4,0,71
BRDA:60,4,1,71
BRDA:65,5,0,0
BRDA:65,5,1,71
BRDA:65,6,0,71
BRDA:65,6,1,71
BRDA:70,7,0,1
BRDA:70,7,1,70
BRDA:70,8,0,71
BRDA:70,8,1,70
BRDA:75,9,0,0
BRDA:75,9,1,71
BRDA:75,10,0,71
BRDA:75,10,1,71
BRDA:80,11,0,0
BRDA:80,11,1,71
BRDA:80,12,0,71
BRDA:80,12,1,71
BRDA:85,13,0,1
BRDA:85,13,1,70
BRDA:85,14,0,71
BRDA:85,14,1,71
BRDA:90,15,0,0
BRDA:90,15,1,71
BRDA:95,16,0,0
BRDA:95,16,1,71
BRDA:104,17,0,3
BRDA:104,17,1,66
BRDA:155,18,0,3
BRDA:155,18,1,2
BRDA:163,19,0,2
BRDA:163,19,1,2
BRDA:168,20,0,0
BRDA:168,20,1,2
BRDA:183,21,0,2
BRDA:183,21,1,2
BRF:44
BRH:36
end_of_record
TN:
SF:src\services\historyService.js
FN:6,(anonymous_0)
FN:13,(anonymous_1)
FN:14,(anonymous_2)
FN:36,(anonymous_3)
FN:43,(anonymous_4)
FN:45,(anonymous_5)
FN:48,(anonymous_6)
FN:50,(anonymous_7)
FNF:8
FNH:6
FNDA:1,(anonymous_0)
FNDA:1,(anonymous_1)
FNDA:1,(anonymous_2)
FNDA:2,(anonymous_3)
FNDA:2,(anonymous_4)
FNDA:2,(anonymous_5)
FNDA:0,(anonymous_6)
FNDA:0,(anonymous_7)
DA:1,14
DA:2,14
DA:4,14
DA:6,14
DA:7,1
DA:8,1
DA:9,1
DA:11,1
DA:13,1
DA:14,1
DA:15,1
DA:29,1
DA:33,1
DA:36,14
DA:37,2
DA:38,1
DA:40,2
DA:43,14
DA:44,2
DA:45,2
DA:48,14
DA:49,0
DA:50,0
DA:52,0
DA:53,0
DA:56,0
DA:57,0
LF:27
LH:21
BRDA:37,0,0,1
BRDA:37,0,1,1
BRDA:52,1,0,0
BRDA:52,1,1,0
BRF:4
BRH:2
end_of_record
TN:
SF:src\services\matchingService.js
FN:4,(anonymous_0)
FN:9,(anonymous_1)
FN:10,(anonymous_2)
FN:12,(anonymous_3)
FN:26,(anonymous_4)
FN:52,(anonymous_5)
FN:62,(anonymous_6)
FNF:7
FNH:7
FNDA:4,(anonymous_0)
FNDA:4,(anonymous_1)
FNDA:4,(anonymous_2)
FNDA:2,(anonymous_3)
FNDA:5,(anonymous_4)
FNDA:5,(anonymous_5)
FNDA:4,(anonymous_6)
DA:1,6
DA:2,6
DA:4,6
DA:5,4
DA:6,4
DA:7,3
DA:9,3
DA:10,4
DA:12,2
DA:15,3
DA:16,2
DA:19,1
DA:21,1
DA:22,1
DA:26,6
DA:27,5
DA:28,5
DA:30,5
DA:31,1
DA:34,4
DA:36,4
DA:38,5
DA:40,5
DA:41,0
DA:42,0
DA:45,5
DA:47,5
DA:48,0
DA:49,0
DA:52,5
DA:53,1
DA:54,1
DA:57,4
DA:58,0
DA:59,0
DA:62,4
DA:63,1
DA:64,1
DA:67,3
DA:70,4
DA:72,1
DA:73,1
LF:42
LH:36
BRDA:10,0,0,4
BRDA:10,0,1,3
BRDA:10,0,2,2
BRDA:15,1,0,2
BRDA:15,1,1,1
BRDA:30,2,0,1
BRDA:30,2,1,4
BRDA:40,3,0,0
BRDA:40,3,1,5
BRDA:47,4,0,0
BRDA:47,4,1,5
BRDA:52,5,0,1
BRDA:52,5,1,4
BRDA:57,6,0,0
BRDA:57,6,1,4
BRDA:62,7,0,1
BRDA:62,7,1,3
BRF:17
BRH:14
end_of_record
TN:
SF:src\services\notificationService.js
FN:6,(anonymous_0)
FN:10,(anonymous_1)
FN:12,(anonymous_2)
FN:15,(anonymous_3)
FN:26,(anonymous_4)
FN:27,(anonymous_5)
FNF:6
FNH:6
FNDA:1,(anonymous_0)
FNDA:1,(anonymous_1)
FNDA:1,(anonymous_2)
FNDA:1,(anonymous_3)
FNDA:2,(anonymous_4)
FNDA:4,(anonymous_5)
DA:1,6
DA:6,6
DA:7,1
DA:10,6
DA:11,1
DA:12,1
DA:15,6
DA:16,1
DA:22,1
DA:23,1
DA:26,6
DA:27,4
DA:28,2
DA:29,1
DA:31,1
DA:34,6
LF:16
LH:16
BRDA:28,0,0,1
BRDA:28,0,1,1
BRF:2
BRH:2
end_of_record
TN:
SF:src\services\profileService.js
FN:53,(anonymous_0)
FN:65,(anonymous_1)
FN:69,(anonymous_2)
FN:70,(anonymous_3)
FN:73,(anonymous_4)
FN:84,(anonymous_5)
FN:95,(anonymous_6)
FN:96,(anonymous_7)
FN:105,(anonymous_8)
FN:116,(anonymous_9)
FN:128,(anonymous_10)
FN:146,(anonymous_11)
FNF:12
FNH:9
FNDA:7,(anonymous_0)
FNDA:1,(anonymous_1)
FNDA:0,(anonymous_2)
FNDA:0,(anonymous_3)
FNDA:3,(anonymous_4)
FNDA:1,(anonymous_5)
FNDA:3,(anonymous_6)
FNDA:3,(anonymous_7)
FNDA:1,(anonymous_8)
FNDA:4,(anonymous_9)
FNDA:2,(anonymous_10)
FNDA:0,(anonymous_11)
DA:1,10
DA:3,10
DA:5,10
DA:53,10
DA:54,7
DA:55,7
DA:56,7
DA:57,7
DA:58,7
DA:59,7
DA:60,7
DA:61,7
DA:62,7
DA:65,10
DA:66,1
DA:69,10
DA:70,0
DA:73,10
DA:74,3
DA:75,3
DA:76,1
DA:79,2
DA:80,2
DA:81,1
DA:84,1
DA:86,1
DA:91,1
DA:92,1
DA:95,10
DA:96,3
DA:97,3
DA:98,1
DA:101,2
DA:102,2
DA:103,1
DA:105,1
DA:107,1
DA:112,1
DA:113,1
DA:116,10
DA:117,4
DA:118,4
DA:119,1
DA:120,1
DA:123,3
DA:124,3
DA:125,1
DA:128,2
DA:130,2
DA:136,2
DA:138,2
DA:139,2
DA:140,1
DA:143,1
DA:146,10
DA:147,0
LF:56
LH:54
BRDA:55,0,0,3
BRDA:55,0,1,4
BRDA:56,1,0,0
BRDA:56,1,1,7
BRDA:57,2,0,0
BRDA:57,2,1,7
BRDA:58,3,0,0
BRDA:58,3,1,7
BRDA:59,4,0,0
BRDA:59,4,1,7
BRDA:60,5,0,0
BRDA:60,5,1,7
BRDA:60,6,0,7
BRDA:60,6,1,7
BRDA:61,7,0,0
BRDA:61,7,1,7
BRDA:61,8,0,7
BRDA:61,8,1,7
BRDA:75,9,0,1
BRDA:75,9,1,2
BRDA:80,10,0,1
BRDA:80,10,1,1
BRDA:97,11,0,1
BRDA:97,11,1,2
BRDA:102,12,0,1
BRDA:102,12,1,1
BRDA:118,13,0,1
BRDA:118,13,1,3
BRDA:124,14,0,1
BRDA:124,14,1,2
BRDA:139,15,0,1
BRDA:139,15,1,1
BRF:32
BRH:26
end_of_record
TN:
SF:src\utils\validators.js
FN:15,(anonymous_0)
FN:29,(anonymous_1)
FNF:2
FNH:2
FNDA:8,(anonymous_0)
FNDA:8,(anonymous_1)
DA:5,4
DA:7,4
DA:16,8
DA:17,8
DA:18,3
DA:20,5
DA:24,4
DA:30,8
DA:31,8
DA:32,2
DA:34,6
LF:11
LH:11
BRDA:17,0,0,3
BRDA:17,0,1,5
BRDA:31,1,0,2
BRDA:31,1,1,6
BRF:4
BRH:4
end_of_record
