TN:
SF:src\app.js
FN:19,(anonymous_0)
FN:32,(anonymous_1)
FN:40,(anonymous_2)
FN:46,(anonymous_3)
FNF:4
FNH:1
FNDA:1,(anonymous_0)
FNDA:0,(anonymous_1)
FNDA:0,(anonymous_2)
FNDA:0,(anonymous_3)
DA:1,2
DA:2,2
DA:3,2
DA:4,2
DA:5,2
DA:6,2
DA:7,2
DA:8,2
DA:9,2
DA:10,2
DA:12,2
DA:15,2
DA:16,2
DA:19,2
DA:20,1
DA:24,2
DA:25,2
DA:26,2
DA:27,2
DA:28,2
DA:29,2
DA:32,2
DA:33,0
DA:34,0
DA:37,2
DA:38,2
DA:40,2
DA:41,0
DA:44,2
DA:45,0
DA:46,0
DA:47,0
DA:51,2
LF:33
LH:27
BRDA:44,0,0,0
BRDA:44,0,1,2
BRDA:45,1,0,0
BRDA:45,1,1,0
BRF:4
BRH:1
end_of_record
TN:
SF:src\controllers\authController.js
FN:3,(anonymous_0)
FN:22,(anonymous_1)
FN:33,(anonymous_2)
FN:36,(anonymous_3)
FN:46,(anonymous_4)
FN:49,(anonymous_5)
FNF:6
FNH:6
FNDA:5,(anonymous_0)
FNDA:4,(anonymous_1)
FNDA:2,(anonymous_2)
FNDA:2,(anonymous_3)
FNDA:2,(anonymous_4)
FNDA:2,(anonymous_5)
DA:1,3
DA:3,3
DA:4,5
DA:6,5
DA:7,1
DA:10,4
DA:11,4
DA:12,3
DA:18,1
DA:22,3
DA:23,4
DA:25,4
DA:26,4
DA:27,3
DA:29,1
DA:33,3
DA:34,2
DA:35,2
DA:36,2
DA:42,1
DA:46,3
DA:47,2
DA:48,2
DA:49,2
DA:55,1
LF:25
LH:25
BRDA:6,0,0,1
BRDA:6,0,1,4
BRDA:6,1,0,5
BRDA:6,1,1,4
BRDA:11,2,0,3
BRDA:11,2,1,1
BRDA:26,3,0,3
BRDA:26,3,1,1
BRDA:39,4,0,2
BRDA:39,4,1,0
BRDA:52,5,0,2
BRDA:52,5,1,0
BRF:12
BRH:10
end_of_record
TN:
SF:src\controllers\eventController.js
FN:4,(anonymous_0)
FN:20,(anonymous_1)
FN:31,(anonymous_2)
FN:47,(anonymous_3)
FN:66,(anonymous_4)
FN:82,(anonymous_5)
FNF:6
FNH:6
FNDA:4,(anonymous_0)
FNDA:3,(anonymous_1)
FNDA:4,(anonymous_2)
FNDA:4,(anonymous_3)
FNDA:4,(anonymous_4)
FNDA:1,(anonymous_5)
DA:1,5
DA:4,5
DA:5,4
DA:6,4
DA:7,4
DA:8,2
DA:10,2
DA:11,2
DA:12,1
DA:14,1
DA:20,5
DA:21,3
DA:22,3
DA:23,3
DA:25,0
DA:26,0
DA:31,5
DA:32,4
DA:33,4
DA:34,4
DA:35,2
DA:37,2
DA:38,2
DA:39,2
DA:41,0
DA:47,5
DA:48,4
DA:49,4
DA:50,4
DA:51,4
DA:52,2
DA:54,2
DA:55,2
DA:56,1
DA:57,1
DA:58,1
DA:60,0
DA:66,5
DA:67,4
DA:68,4
DA:69,4
DA:70,2
DA:72,2
DA:73,2
DA:74,2
DA:76,0
DA:82,5
DA:83,1
DA:84,1
DA:85,1
DA:87,0
DA:88,0
LF:52
LH:45
BRDA:11,0,0,1
BRDA:11,0,1,1
BRDA:12,1,0,1
BRDA:12,1,1,0
BRDA:38,2,0,2
BRDA:38,2,1,0
BRDA:55,3,0,1
BRDA:55,3,1,1
BRDA:57,4,0,1
BRDA:57,4,1,0
BRDA:58,5,0,1
BRDA:58,5,1,0
BRDA:73,6,0,2
BRDA:73,6,1,0
BRF:14
BRH:9
end_of_record
TN:
SF:src\controllers\historyController.js
FN:3,(anonymous_0)
FN:9,(anonymous_1)
FN:13,(anonymous_2)
FN:22,(anonymous_3)
FN:38,(anonymous_4)
FNF:5
FNH:4
FNDA:1,(anonymous_0)
FNDA:2,(anonymous_1)
FNDA:2,(anonymous_2)
FNDA:2,(anonymous_3)
FNDA:0,(anonymous_4)
DA:1,4
DA:3,4
DA:4,1
DA:5,1
DA:6,1
DA:9,4
DA:10,2
DA:11,2
DA:12,2
DA:13,2
DA:15,2
DA:16,1
DA:19,1
DA:22,4
DA:23,2
DA:24,2
DA:26,2
DA:27,0
DA:30,2
DA:31,1
DA:34,1
DA:35,1
DA:38,4
DA:39,0
DA:40,0
DA:42,0
DA:43,0
DA:48,0
DA:54,0
DA:56,0
DA:57,0
LF:31
LH:22
BRDA:15,0,0,1
BRDA:15,0,1,1
BRDA:26,1,0,0
BRDA:26,1,1,2
BRDA:30,2,0,1
BRDA:30,2,1,1
BRDA:30,3,0,2
BRDA:30,3,1,1
BRDA:42,4,0,0
BRDA:42,4,1,0
BRDA:42,5,0,0
BRDA:42,5,1,0
BRDA:57,6,0,0
BRDA:57,6,1,0
BRDA:58,7,0,0
BRDA:58,7,1,0
BRF:16
BRH:7
end_of_record
TN:
SF:src\controllers\matchingController.js
FN:3,(anonymous_0)
FN:16,(anonymous_1)
FN:28,(anonymous_2)
FNF:3
FNH:3
FNDA:1,(anonymous_0)
FNDA:2,(anonymous_1)
FNDA:1,(anonymous_2)
DA:1,4
DA:3,4
DA:4,1
DA:5,1
DA:6,1
DA:7,0
DA:9,1
DA:10,1
DA:16,4
DA:17,2
DA:18,2
DA:19,1
DA:21,1
DA:22,1
DA:28,4
DA:29,1
DA:30,1
DA:32,1
DA:33,0
DA:36,1
DA:37,1
DA:39,1
DA:45,0
DA:47,1
DA:48,1
LF:25
LH:22
BRDA:10,0,0,1
BRDA:10,0,1,1
BRDA:11,1,0,1
BRDA:11,1,1,0
BRDA:32,2,0,0
BRDA:32,2,1,1
BRDA:32,3,0,1
BRDA:32,3,1,1
BRDA:48,4,0,1
BRDA:48,4,1,1
BRDA:49,5,0,1
BRDA:49,5,1,0
BRF:12
BRH:9
end_of_record
TN:
SF:src\controllers\notificationController.js
FN:3,(anonymous_0)
FN:8,(anonymous_1)
FN:24,(anonymous_2)
FN:34,(anonymous_3)
FNF:4
FNH:4
FNDA:2,(anonymous_0)
FNDA:3,(anonymous_1)
FNDA:4,(anonymous_2)
FNDA:3,(anonymous_3)
DA:1,4
DA:3,4
DA:4,2
DA:5,2
DA:8,4
DA:9,3
DA:11,3
DA:12,1
DA:15,2
DA:16,2
DA:17,1
DA:20,1
DA:24,4
DA:25,4
DA:26,4
DA:27,2
DA:29,2
DA:30,2
DA:34,4
DA:35,3
DA:36,3
DA:37,3
DA:38,1
DA:40,2
DA:41,2
DA:42,1
DA:44,1
DA:47,4
LF:28
LH:28
BRDA:11,0,0,1
BRDA:11,0,1,2
BRDA:16,1,0,1
BRDA:16,1,1,1
BRDA:26,2,0,2
BRDA:26,2,1,2
BRDA:26,3,0,4
BRDA:26,3,1,3
BRDA:37,4,0,1
BRDA:37,4,1,2
BRDA:41,5,0,1
BRDA:41,5,1,1
BRF:12
BRH:12
end_of_record
TN:
SF:src\controllers\profileController.js
FN:3,(anonymous_0)
FN:13,(anonymous_1)
FN:25,(anonymous_2)
FN:37,(anonymous_3)
FNF:4
FNH:4
FNDA:2,(anonymous_0)
FNDA:2,(anonymous_1)
FNDA:2,(anonymous_2)
FNDA:3,(anonymous_3)
DA:1,4
DA:3,4
DA:4,2
DA:5,2
DA:6,1
DA:8,1
DA:9,1
DA:13,4
DA:14,2
DA:15,2
DA:16,2
DA:17,2
DA:18,1
DA:20,1
DA:21,1
DA:25,4
DA:26,2
DA:27,2
DA:28,2
DA:29,2
DA:30,1
DA:32,1
DA:33,1
DA:37,4
DA:38,3
DA:39,3
DA:40,3
DA:41,2
DA:42,1
DA:44,1
DA:47,1
DA:48,1
LF:32
LH:32
BRDA:41,0,0,1
BRDA:41,0,1,1
BRF:2
BRH:2
end_of_record
TN:
SF:src\middleware\authMiddleware.js
FN:4,(anonymous_0)
FN:15,(anonymous_1)
FN:26,(anonymous_2)
FNF:3
FNH:3
FNDA:3,(anonymous_0)
FNDA:2,(anonymous_1)
FNDA:2,(anonymous_2)
DA:1,6
DA:4,6
DA:5,3
DA:6,3
DA:7,1
DA:10,2
DA:11,2
DA:12,0
DA:15,2
DA:16,2
DA:17,1
DA:19,1
DA:20,1
DA:21,1
DA:26,6
DA:27,2
DA:28,1
DA:30,1
DA:33,6
LF:19
LH:18
BRDA:6,0,0,1
BRDA:6,0,1,2
BRDA:11,1,0,0
BRDA:11,1,1,2
BRDA:16,2,0,1
BRDA:16,2,1,1
BRDA:27,3,0,1
BRDA:27,3,1,1
BRF:8
BRH:7
end_of_record
TN:
SF:src\middleware\eventMiddleware.js
FN:1,isValidDate
FN:8,isValidTime
FN:13,(anonymous_2)
FNF:3
FNH:3
FNDA:2,isValidDate
FNDA:6,isValidTime
FNDA:10,(anonymous_2)
DA:2,2
DA:3,2
DA:4,1
DA:5,1
DA:9,6
DA:10,6
DA:13,4
DA:14,10
DA:15,10
DA:17,10
DA:18,8
DA:19,2
DA:20,1
DA:23,10
DA:24,9
DA:27,10
DA:28,9
DA:29,1
DA:30,0
DA:33,10
DA:34,9
DA:35,1
DA:36,0
DA:39,10
DA:46,10
DA:47,9
DA:50,10
DA:51,8
DA:52,2
DA:53,1
DA:57,10
DA:58,9
DA:61,10
DA:62,10
DA:63,9
DA:66,10
DA:67,9
DA:70,10
DA:71,8
DA:73,10
DA:74,7
DA:76,10
DA:77,2
DA:80,10
DA:81,9
DA:84,1
DA:88,4
LF:47
LH:45
BRDA:3,0,0,1
BRDA:3,0,1,1
BRDA:5,1,0,1
BRDA:5,1,1,1
BRDA:5,1,2,1
BRDA:17,2,0,8
BRDA:17,2,1,2
BRDA:17,3,0,10
BRDA:17,3,1,2
BRDA:17,3,2,2
BRDA:19,4,0,1
BRDA:19,4,1,1
BRDA:23,5,0,9
BRDA:23,5,1,1
BRDA:23,6,0,10
BRDA:23,6,1,1
BRDA:23,6,2,1
BRDA:27,7,0,9
BRDA:27,7,1,1
BRDA:27,8,0,10
BRDA:27,8,1,1
BRDA:27,8,2,1
BRDA:29,9,0,0
BRDA:29,9,1,1
BRDA:33,10,0,9
BRDA:33,10,1,1
BRDA:33,11,0,10
BRDA:33,11,1,1
BRDA:33,11,2,1
BRDA:35,12,0,0
BRDA:35,12,1,1
BRDA:46,13,0,9
BRDA:46,13,1,1
BRDA:46,14,0,10
BRDA:46,14,1,2
BRDA:50,15,0,8
BRDA:50,15,1,2
BRDA:50,16,0,10
BRDA:50,16,1,2
BRDA:50,16,2,2
BRDA:52,17,0,1
BRDA:52,17,1,1
BRDA:52,18,0,2
BRDA:52,18,1,1
BRDA:57,19,0,9
BRDA:57,19,1,1
BRDA:57,20,0,10
BRDA:57,20,1,2
BRDA:62,21,0,9
BRDA:62,21,1,1
BRDA:62,22,0,10
BRDA:62,22,1,2
BRDA:66,23,0,9
BRDA:66,23,1,1
BRDA:66,24,0,10
BRDA:66,24,1,2
BRDA:70,25,0,8
BRDA:70,25,1,2
BRDA:70,26,0,10
BRDA:70,26,1,3
BRDA:73,27,0,7
BRDA:73,27,1,3
BRDA:73,28,0,10
BRDA:73,28,1,3
BRDA:76,29,0,2
BRDA:76,29,1,8
BRDA:76,30,0,10
BRDA:76,30,1,3
BRDA:76,30,2,3
BRDA:80,31,0,9
BRDA:80,31,1,1
BRF:71
BRH:69
end_of_record
TN:
SF:src\middleware\notificationMiddleware.js
FN:1,(anonymous_0)
FNF:1
FNH:1
FNDA:4,(anonymous_0)
DA:1,4
DA:2,4
DA:4,4
DA:5,1
DA:10,3
DA:11,1
DA:16,2
DA:19,4
LF:8
LH:8
BRDA:4,0,0,1
BRDA:4,0,1,3
BRDA:4,1,0,4
BRDA:4,1,1,3
BRDA:10,2,0,1
BRDA:10,2,1,2
BRDA:10,3,0,3
BRDA:10,3,1,2
BRF:8
BRH:8
end_of_record
TN:
SF:src\routes\authRoutes.js
FN:10,(anonymous_0)
FN:18,(anonymous_1)
FNF:2
FNH:2
FNDA:1,(anonymous_0)
FNDA:1,(anonymous_1)
DA:1,2
DA:2,2
DA:3,2
DA:4,2
DA:5,2
DA:6,2
DA:7,2
DA:10,2
DA:11,1
DA:14,2
DA:15,2
DA:17,2
DA:18,2
DA:19,1
DA:20,1
DA:22,2
DA:24,2
LF:17
LH:17
BRF:0
BRH:0
end_of_record
TN:
SF:src\routes\eventRoutes.js
FNF:0
FNH:0
DA:1,3
DA:2,3
DA:3,3
DA:4,3
DA:5,3
DA:7,3
DA:8,3
DA:9,3
DA:10,3
DA:11,3
DA:12,3
DA:14,3
LF:12
LH:12
BRF:0
BRH:0
end_of_record
TN:
SF:src\routes\historyRoutes.js
FNF:0
FNH:0
DA:1,3
DA:2,3
DA:3,3
DA:4,3
DA:5,3
DA:7,3
DA:8,3
DA:9,3
DA:10,3
DA:12,3
LF:10
LH:10
BRF:0
BRH:0
end_of_record
TN:
SF:src\routes\matchingRoutes.js
FNF:0
FNH:0
DA:1,3
DA:2,3
DA:3,3
DA:4,3
DA:6,3
DA:7,3
DA:8,3
DA:10,3
LF:8
LH:8
BRF:0
BRH:0
end_of_record
TN:
SF:src\routes\notificationRoutes.js
FNF:0
FNH:0
DA:1,3
DA:2,3
DA:3,3
DA:4,3
DA:5,3
DA:7,3
DA:8,3
DA:9,3
DA:10,3
DA:12,3
LF:10
LH:10
BRF:0
BRH:0
end_of_record
TN:
SF:src\routes\profileRoutes.js
FNF:0
FNH:0
DA:1,3
DA:2,3
DA:3,3
DA:4,3
DA:6,3
DA:7,3
DA:8,3
DA:10,3
LF:8
LH:8
BRF:0
BRH:0
end_of_record
TN:
SF:src\services\authService.js
FN:18,(anonymous_0)
FN:19,(anonymous_1)
FN:46,(anonymous_2)
FN:47,(anonymous_3)
FN:50,(anonymous_4)
FN:51,(anonymous_5)
FN:67,(anonymous_6)
FN:70,(anonymous_7)
FN:92,(anonymous_8)
FN:96,(anonymous_9)
FN:97,(anonymous_10)
FN:101,(anonymous_11)
FN:107,(anonymous_12)
FN:111,(anonymous_13)
FN:112,(anonymous_14)
FNF:15
FNH:10
FNDA:7,(anonymous_0)
FNDA:8,(anonymous_1)
FNDA:5,(anonymous_2)
FNDA:4,(anonymous_3)
FNDA:4,(anonymous_4)
FNDA:3,(anonymous_5)
FNDA:3,(anonymous_6)
FNDA:5,(anonymous_7)
FNDA:31,(anonymous_8)
FNDA:0,(anonymous_9)
FNDA:0,(anonymous_10)
FNDA:9,(anonymous_11)
FNDA:0,(anonymous_12)
FNDA:0,(anonymous_13)
FNDA:0,(anonymous_14)
DA:1,18
DA:2,18
DA:3,18
DA:5,18
DA:14,18
DA:15,18
DA:16,18
DA:18,18
DA:19,8
DA:20,7
DA:21,1
DA:24,6
DA:25,6
DA:27,6
DA:28,6
DA:36,6
DA:38,6
DA:46,18
DA:47,5
DA:50,18
DA:51,4
DA:52,4
DA:53,1
DA:56,3
DA:61,3
DA:62,3
DA:64,3
DA:67,18
DA:68,3
DA:70,5
DA:71,3
DA:72,1
DA:73,1
DA:76,2
DA:77,2
DA:78,1
DA:79,1
DA:82,1
DA:88,1
DA:89,1
DA:92,18
DA:93,31
DA:96,18
DA:97,0
DA:101,18
DA:102,9
DA:103,9
DA:104,9
DA:107,18
DA:108,0
DA:111,18
DA:112,0
DA:113,0
DA:114,0
LF:54
LH:49
BRDA:20,0,0,1
BRDA:20,0,1,6
BRDA:32,1,0,6
BRDA:32,1,1,0
BRDA:52,2,0,1
BRDA:52,2,1,3
BRDA:71,3,0,1
BRDA:71,3,1,2
BRDA:77,4,0,1
BRDA:77,4,1,1
BRDA:113,5,0,0
BRDA:113,5,1,0
BRF:12
BRH:9
end_of_record
TN:
SF:src\services\eventService.js
FN:49,(anonymous_0)
FN:102,(anonymous_1)
FN:119,(anonymous_2)
FN:142,(anonymous_3)
FN:146,(anonymous_4)
FN:149,(anonymous_5)
FN:160,(anonymous_6)
FN:162,(anonymous_7)
FN:180,(anonymous_8)
FN:182,(anonymous_9)
FN:190,(anonymous_10)
FNF:11
FNH:11
FNDA:37,(anonymous_0)
FNDA:35,(anonymous_1)
FNDA:4,(anonymous_2)
FNDA:13,(anonymous_3)
FNDA:4,(anonymous_4)
FNDA:10,(anonymous_5)
FNDA:4,(anonymous_6)
FNDA:10,(anonymous_7)
FNDA:4,(anonymous_8)
FNDA:9,(anonymous_9)
FNDA:2,(anonymous_10)
DA:1,13
DA:2,13
DA:4,13
DA:49,13
DA:50,37
DA:53,37
DA:54,2
DA:55,35
DA:56,0
DA:60,37
DA:61,0
DA:65,37
DA:66,0
DA:70,37
DA:71,1
DA:75,37
DA:76,0
DA:80,37
DA:81,0
DA:85,37
DA:86,1
DA:90,37
DA:91,0
DA:95,37
DA:96,0
DA:99,37
DA:102,13
DA:103,35
DA:104,35
DA:105,2
DA:109,33
DA:115,33
DA:118,33
DA:119,33
DA:120,4
DA:133,4
DA:136,33
DA:142,13
DA:143,13
DA:146,13
DA:147,4
DA:149,10
DA:151,4
DA:152,2
DA:153,2
DA:156,2
DA:157,2
DA:160,13
DA:162,10
DA:163,4
DA:164,2
DA:167,2
DA:168,2
DA:169,0
DA:172,2
DA:173,2
DA:174,2
DA:180,13
DA:182,9
DA:183,4
DA:184,2
DA:186,2
DA:187,2
DA:190,13
DA:191,2
LF:65
LH:57
BRDA:53,0,0,2
BRDA:53,0,1,35
BRDA:53,1,0,37
BRDA:53,1,1,35
BRDA:55,2,0,0
BRDA:55,2,1,35
BRDA:60,3,0,0
BRDA:60,3,1,37
BRDA:60,4,0,37
BRDA:60,4,1,37
BRDA:65,5,0,0
BRDA:65,5,1,37
BRDA:65,6,0,37
BRDA:65,6,1,37
BRDA:70,7,0,1
BRDA:70,7,1,36
BRDA:70,8,0,37
BRDA:70,8,1,36
BRDA:75,9,0,0
BRDA:75,9,1,37
BRDA:75,10,0,37
BRDA:75,10,1,37
BRDA:80,11,0,0
BRDA:80,11,1,37
BRDA:80,12,0,37
BRDA:80,12,1,37
BRDA:85,13,0,1
BRDA:85,13,1,36
BRDA:85,14,0,37
BRDA:85,14,1,37
BRDA:90,15,0,0
BRDA:90,15,1,37
BRDA:95,16,0,0
BRDA:95,16,1,37
BRDA:104,17,0,2
BRDA:104,17,1,33
BRDA:151,18,0,2
BRDA:151,18,1,2
BRDA:163,19,0,2
BRDA:163,19,1,2
BRDA:168,20,0,0
BRDA:168,20,1,2
BRDA:183,21,0,2
BRDA:183,21,1,2
BRF:44
BRH:36
end_of_record
TN:
SF:src\services\historyService.js
FN:7,(anonymous_0)
FN:18,(anonymous_1)
FN:19,(anonymous_2)
FN:44,(anonymous_3)
FN:50,(anonymous_4)
FN:53,(anonymous_5)
FN:60,(anonymous_6)
FN:65,(anonymous_7)
FN:68,(anonymous_8)
FN:70,(anonymous_9)
FN:80,(anonymous_10)
FN:102,(anonymous_11)
FNF:12
FNH:12
FNDA:8,(anonymous_0)
FNDA:8,(anonymous_1)
FNDA:8,(anonymous_2)
FNDA:3,(anonymous_3)
FNDA:3,(anonymous_4)
FNDA:5,(anonymous_5)
FNDA:2,(anonymous_6)
FNDA:2,(anonymous_7)
FNDA:3,(anonymous_8)
FNDA:2,(anonymous_9)
FNDA:2,(anonymous_10)
FNDA:9,(anonymous_11)
DA:1,12
DA:2,12
DA:4,12
DA:5,12
DA:7,12
DA:8,8
DA:9,0
DA:12,8
DA:13,8
DA:14,8
DA:16,8
DA:18,8
DA:19,8
DA:20,8
DA:34,8
DA:38,8
DA:39,8
DA:40,8
DA:41,8
DA:44,12
DA:45,3
DA:46,2
DA:49,3
DA:50,3
DA:53,12
DA:54,5
DA:55,4
DA:57,5
DA:60,12
DA:61,2
DA:62,2
DA:64,2
DA:65,2
DA:68,12
DA:69,3
DA:70,3
DA:72,3
DA:73,1
DA:76,2
DA:77,2
DA:80,12
DA:81,2
DA:82,2
DA:84,2
DA:85,2
DA:86,1
DA:87,1
DA:90,1
DA:91,1
DA:96,1
DA:97,1
DA:102,12
DA:103,9
DA:104,9
DA:107,12
LF:55
LH:54
BRDA:8,0,0,0
BRDA:8,0,1,8
BRDA:45,1,0,2
BRDA:45,1,1,1
BRDA:54,2,0,4
BRDA:54,2,1,1
BRDA:61,3,0,2
BRDA:61,3,1,0
BRDA:72,4,0,1
BRDA:72,4,1,2
BRDA:85,5,0,1
BRDA:85,5,1,1
BRF:12
BRH:10
end_of_record
TN:
SF:src\services\matchingService.js
FN:4,(anonymous_0)
FN:32,(anonymous_1)
FN:34,(anonymous_2)
FN:40,(anonymous_3)
FN:57,(anonymous_4)
FN:61,(anonymous_5)
FN:70,(anonymous_6)
FN:78,(anonymous_7)
FNF:8
FNH:8
FNDA:5,(anonymous_0)
FNDA:9,(anonymous_1)
FNDA:9,(anonymous_2)
FNDA:9,(anonymous_3)
FNDA:6,(anonymous_4)
FNDA:12,(anonymous_5)
FNDA:2,(anonymous_6)
FNDA:3,(anonymous_7)
DA:1,5
DA:2,5
DA:4,5
DA:5,5
DA:6,5
DA:9,5
DA:11,5
DA:12,1
DA:13,1
DA:16,4
DA:19,4
DA:20,4
DA:21,4
DA:23,4
DA:24,1
DA:28,3
DA:29,3
DA:32,3
DA:34,9
DA:35,9
DA:36,9
DA:40,9
DA:41,9
DA:45,9
DA:47,9
DA:48,9
DA:49,6
DA:52,9
DA:55,3
DA:57,6
DA:61,12
DA:65,2
DA:66,2
DA:70,5
DA:71,2
DA:72,2
DA:73,1
DA:75,1
DA:76,1
DA:78,1
DA:79,3
DA:80,3
DA:83,1
DA:84,1
DA:86,1
DA:87,1
DA:91,5
LF:47
LH:47
BRDA:11,0,0,1
BRDA:11,0,1,4
BRDA:23,1,0,1
BRDA:23,1,1,3
BRDA:47,2,0,9
BRDA:47,2,1,9
BRDA:47,2,2,9
BRDA:48,3,0,6
BRDA:48,3,1,3
BRF:9
BRH:9
end_of_record
TN:
SF:src\services\notificationService.js
FN:6,(anonymous_0)
FN:10,(anonymous_1)
FN:12,(anonymous_2)
FN:15,(anonymous_3)
FN:26,(anonymous_4)
FN:27,(anonymous_5)
FNF:6
FNH:6
FNDA:1,(anonymous_0)
FNDA:1,(anonymous_1)
FNDA:1,(anonymous_2)
FNDA:1,(anonymous_3)
FNDA:2,(anonymous_4)
FNDA:4,(anonymous_5)
DA:1,5
DA:6,5
DA:7,1
DA:10,5
DA:11,1
DA:12,1
DA:15,5
DA:16,1
DA:22,1
DA:23,1
DA:26,5
DA:27,4
DA:28,2
DA:29,1
DA:31,1
DA:34,5
LF:16
LH:16
BRDA:28,0,0,1
BRDA:28,0,1,1
BRF:2
BRH:2
end_of_record
TN:
SF:src\services\profileService.js
FN:53,(anonymous_0)
FN:65,(anonymous_1)
FN:69,(anonymous_2)
FN:70,(anonymous_3)
FN:73,(anonymous_4)
FN:84,(anonymous_5)
FN:95,(anonymous_6)
FN:96,(anonymous_7)
FN:105,(anonymous_8)
FN:116,(anonymous_9)
FN:128,(anonymous_10)
FN:146,(anonymous_11)
FNF:12
FNH:9
FNDA:7,(anonymous_0)
FNDA:1,(anonymous_1)
FNDA:0,(anonymous_2)
FNDA:0,(anonymous_3)
FNDA:3,(anonymous_4)
FNDA:1,(anonymous_5)
FNDA:3,(anonymous_6)
FNDA:3,(anonymous_7)
FNDA:1,(anonymous_8)
FNDA:4,(anonymous_9)
FNDA:2,(anonymous_10)
FNDA:0,(anonymous_11)
DA:1,9
DA:3,9
DA:5,9
DA:53,9
DA:54,7
DA:55,7
DA:56,7
DA:57,7
DA:58,7
DA:59,7
DA:60,7
DA:61,7
DA:62,7
DA:65,9
DA:66,1
DA:69,9
DA:70,0
DA:73,9
DA:74,3
DA:75,3
DA:76,1
DA:79,2
DA:80,2
DA:81,1
DA:84,1
DA:86,1
DA:91,1
DA:92,1
DA:95,9
DA:96,3
DA:97,3
DA:98,1
DA:101,2
DA:102,2
DA:103,1
DA:105,1
DA:107,1
DA:112,1
DA:113,1
DA:116,9
DA:117,4
DA:118,4
DA:119,1
DA:120,1
DA:123,3
DA:124,3
DA:125,1
DA:128,2
DA:130,2
DA:136,2
DA:138,2
DA:139,2
DA:140,1
DA:143,1
DA:146,9
DA:147,0
LF:56
LH:54
BRDA:55,0,0,3
BRDA:55,0,1,4
BRDA:56,1,0,0
BRDA:56,1,1,7
BRDA:57,2,0,0
BRDA:57,2,1,7
BRDA:58,3,0,0
BRDA:58,3,1,7
BRDA:59,4,0,0
BRDA:59,4,1,7
BRDA:60,5,0,0
BRDA:60,5,1,7
BRDA:60,6,0,7
BRDA:60,6,1,7
BRDA:61,7,0,0
BRDA:61,7,1,7
BRDA:61,8,0,7
BRDA:61,8,1,7
BRDA:75,9,0,1
BRDA:75,9,1,2
BRDA:80,10,0,1
BRDA:80,10,1,1
BRDA:97,11,0,1
BRDA:97,11,1,2
BRDA:102,12,0,1
BRDA:102,12,1,1
BRDA:118,13,0,1
BRDA:118,13,1,3
BRDA:124,14,0,1
BRDA:124,14,1,2
BRDA:139,15,0,1
BRDA:139,15,1,1
BRF:32
BRH:26
end_of_record
TN:
SF:src\utils\validators.js
FN:15,(anonymous_0)
FN:29,(anonymous_1)
FNF:2
FNH:2
FNDA:6,(anonymous_0)
FNDA:5,(anonymous_1)
DA:5,3
DA:7,3
DA:16,6
DA:17,6
DA:18,3
DA:20,3
DA:24,3
DA:30,5
DA:31,5
DA:32,2
DA:34,3
LF:11
LH:11
BRDA:17,0,0,3
BRDA:17,0,1,3
BRDA:31,1,0,2
BRDA:31,1,1,3
BRF:4
BRH:4
end_of_record
